[  3%] Built target gtest
[  2%] Built target gmock_main
[  2%] Built target gtest_main
[  3%] Built target gmock
[ 83%] Built target rviz_common
[ 84%] Built target display_factory_test
[ 85%] Built target rviz_common_config_test
[ 86%] Built target qos_profile_property_test
[ 86%] Built target rviz_common_uniform_string_stream_test
[ 89%] Built target rviz_common_property_test
[ 90%] Built target identity_transformer_test
[ 90%] Built target rviz_common_visualizer_app_test
[ 91%] Built target rviz_common_ros_node_abstraction_test
[ 93%] Built target frame_manager_test
[ 95%] Built target selection_manager_test
[ 98%] Built target rviz_common_display_test
[100%] Built target selection_handler_test
-- Install configuration: ""
-- Up-to-date: /home/quang/Downloads/rviz_ubuntu22_1.0/install/rviz_common/share/rviz_common/environment/library_path.sh
-- Up-to-date: /home/quang/Downloads/rviz_ubuntu22_1.0/install/rviz_common/share/rviz_common/environment/library_path.dsv
-- Up-to-date: /home/quang/Downloads/rviz_ubuntu22_1.0/install/rviz_common/lib/librviz_common.so
-- Up-to-date: /home/quang/Downloads/rviz_ubuntu22_1.0/install/rviz_common/include/rviz_common
-- Up-to-date: /home/quang/Downloads/rviz_ubuntu22_1.0/install/rviz_common/include/rviz_common/rviz_common
-- Up-to-date: /home/quang/Downloads/rviz_ubuntu22_1.0/install/rviz_common/include/rviz_common/rviz_common/bit_allocator.hpp
-- Up-to-date: /home/quang/Downloads/rviz_ubuntu22_1.0/install/rviz_common/include/rviz_common/rviz_common/validate_floats.hpp
-- Up-to-date: /home/quang/Downloads/rviz_ubuntu22_1.0/install/rviz_common/include/rviz_common/rviz_common/viewport_mouse_event.hpp
-- Up-to-date: /home/quang/Downloads/rviz_ubuntu22_1.0/install/rviz_common/include/rviz_common/rviz_common/window_manager_interface.hpp
-- Up-to-date: /home/quang/Downloads/rviz_ubuntu22_1.0/install/rviz_common/include/rviz_common/rviz_common/ros_topic_display.hpp
-- Up-to-date: /home/quang/Downloads/rviz_ubuntu22_1.0/install/rviz_common/include/rviz_common/rviz_common/ros_integration
-- Up-to-date: /home/quang/Downloads/rviz_ubuntu22_1.0/install/rviz_common/include/rviz_common/rviz_common/ros_integration/ros_node_abstraction.hpp
-- Up-to-date: /home/quang/Downloads/rviz_ubuntu22_1.0/install/rviz_common/include/rviz_common/rviz_common/ros_integration/ros_client_abstraction.hpp
-- Up-to-date: /home/quang/Downloads/rviz_ubuntu22_1.0/install/rviz_common/include/rviz_common/rviz_common/ros_integration/ros_node_abstraction_iface.hpp
-- Up-to-date: /home/quang/Downloads/rviz_ubuntu22_1.0/install/rviz_common/include/rviz_common/rviz_common/ros_integration/ros_client_abstraction_iface.hpp
-- Up-to-date: /home/quang/Downloads/rviz_ubuntu22_1.0/install/rviz_common/include/rviz_common/rviz_common/view_manager.hpp
-- Up-to-date: /home/quang/Downloads/rviz_ubuntu22_1.0/install/rviz_common/include/rviz_common/rviz_common/tool.hpp
-- Up-to-date: /home/quang/Downloads/rviz_ubuntu22_1.0/install/rviz_common/include/rviz_common/rviz_common/factory
-- Up-to-date: /home/quang/Downloads/rviz_ubuntu22_1.0/install/rviz_common/include/rviz_common/rviz_common/factory/pluginlib_factory.hpp
-- Up-to-date: /home/quang/Downloads/rviz_ubuntu22_1.0/install/rviz_common/include/rviz_common/rviz_common/factory/class_id_recording_factory.hpp
-- Up-to-date: /home/quang/Downloads/rviz_ubuntu22_1.0/install/rviz_common/include/rviz_common/rviz_common/factory/factory.hpp
-- Up-to-date: /home/quang/Downloads/rviz_ubuntu22_1.0/install/rviz_common/include/rviz_common/rviz_common/msg_conversions.hpp
-- Up-to-date: /home/quang/Downloads/rviz_ubuntu22_1.0/install/rviz_common/include/rviz_common/rviz_common/visualizer_app.hpp
-- Up-to-date: /home/quang/Downloads/rviz_ubuntu22_1.0/install/rviz_common/include/rviz_common/rviz_common/frame_position_tracking_view_controller.hpp
-- Up-to-date: /home/quang/Downloads/rviz_ubuntu22_1.0/install/rviz_common/include/rviz_common/rviz_common/panel.hpp
-- Up-to-date: /home/quang/Downloads/rviz_ubuntu22_1.0/install/rviz_common/include/rviz_common/rviz_common/panel_dock_widget.hpp
-- Up-to-date: /home/quang/Downloads/rviz_ubuntu22_1.0/install/rviz_common/include/rviz_common/rviz_common/properties
-- Up-to-date: /home/quang/Downloads/rviz_ubuntu22_1.0/install/rviz_common/include/rviz_common/rviz_common/properties/display_visibility_property.hpp
-- Up-to-date: /home/quang/Downloads/rviz_ubuntu22_1.0/install/rviz_common/include/rviz_common/rviz_common/properties/bool_property.hpp
-- Up-to-date: /home/quang/Downloads/rviz_ubuntu22_1.0/install/rviz_common/include/rviz_common/rviz_common/properties/line_edit_with_button.hpp
-- Up-to-date: /home/quang/Downloads/rviz_ubuntu22_1.0/install/rviz_common/include/rviz_common/rviz_common/properties/property_tree_with_help.hpp
-- Up-to-date: /home/quang/Downloads/rviz_ubuntu22_1.0/install/rviz_common/include/rviz_common/rviz_common/properties/editable_enum_property.hpp
-- Up-to-date: /home/quang/Downloads/rviz_ubuntu22_1.0/install/rviz_common/include/rviz_common/rviz_common/properties/property_tree_delegate.hpp
-- Up-to-date: /home/quang/Downloads/rviz_ubuntu22_1.0/install/rviz_common/include/rviz_common/rviz_common/properties/status_property.hpp
-- Up-to-date: /home/quang/Downloads/rviz_ubuntu22_1.0/install/rviz_common/include/rviz_common/rviz_common/properties/property_tree_model.hpp
-- Up-to-date: /home/quang/Downloads/rviz_ubuntu22_1.0/install/rviz_common/include/rviz_common/rviz_common/properties/status_list.hpp
-- Up-to-date: /home/quang/Downloads/rviz_ubuntu22_1.0/install/rviz_common/include/rviz_common/rviz_common/properties/editable_combo_box.hpp
-- Up-to-date: /home/quang/Downloads/rviz_ubuntu22_1.0/install/rviz_common/include/rviz_common/rviz_common/properties/float_property.hpp
-- Up-to-date: /home/quang/Downloads/rviz_ubuntu22_1.0/install/rviz_common/include/rviz_common/rviz_common/properties/color_editor.hpp
-- Up-to-date: /home/quang/Downloads/rviz_ubuntu22_1.0/install/rviz_common/include/rviz_common/rviz_common/properties/string_property.hpp
-- Up-to-date: /home/quang/Downloads/rviz_ubuntu22_1.0/install/rviz_common/include/rviz_common/rviz_common/properties/float_edit.hpp
-- Up-to-date: /home/quang/Downloads/rviz_ubuntu22_1.0/install/rviz_common/include/rviz_common/rviz_common/properties/parse_color.hpp
-- Up-to-date: /home/quang/Downloads/rviz_ubuntu22_1.0/install/rviz_common/include/rviz_common/rviz_common/properties/display_group_visibility_property.hpp
-- Up-to-date: /home/quang/Downloads/rviz_ubuntu22_1.0/install/rviz_common/include/rviz_common/rviz_common/properties/vector_property.hpp
-- Up-to-date: /home/quang/Downloads/rviz_ubuntu22_1.0/install/rviz_common/include/rviz_common/rviz_common/properties/ros_topic_property.hpp
-- Up-to-date: /home/quang/Downloads/rviz_ubuntu22_1.0/install/rviz_common/include/rviz_common/rviz_common/properties/grouped_checkbox_property.hpp
-- Up-to-date: /home/quang/Downloads/rviz_ubuntu22_1.0/install/rviz_common/include/rviz_common/rviz_common/properties/color_property.hpp
-- Up-to-date: /home/quang/Downloads/rviz_ubuntu22_1.0/install/rviz_common/include/rviz_common/rviz_common/properties/int_property.hpp
-- Up-to-date: /home/quang/Downloads/rviz_ubuntu22_1.0/install/rviz_common/include/rviz_common/rviz_common/properties/splitter_handle.hpp
-- Up-to-date: /home/quang/Downloads/rviz_ubuntu22_1.0/install/rviz_common/include/rviz_common/rviz_common/properties/tf_frame_property.hpp
-- Up-to-date: /home/quang/Downloads/rviz_ubuntu22_1.0/install/rviz_common/include/rviz_common/rviz_common/properties/file_picker_property.hpp
-- Up-to-date: /home/quang/Downloads/rviz_ubuntu22_1.0/install/rviz_common/include/rviz_common/rviz_common/properties/covariance_property.hpp
-- Up-to-date: /home/quang/Downloads/rviz_ubuntu22_1.0/install/rviz_common/include/rviz_common/rviz_common/properties/enum_property.hpp
-- Up-to-date: /home/quang/Downloads/rviz_ubuntu22_1.0/install/rviz_common/include/rviz_common/rviz_common/properties/property_tree_widget.hpp
-- Up-to-date: /home/quang/Downloads/rviz_ubuntu22_1.0/install/rviz_common/include/rviz_common/rviz_common/properties/quaternion_property.hpp
-- Up-to-date: /home/quang/Downloads/rviz_ubuntu22_1.0/install/rviz_common/include/rviz_common/rviz_common/properties/grouped_checkbox_property_group.hpp
-- Up-to-date: /home/quang/Downloads/rviz_ubuntu22_1.0/install/rviz_common/include/rviz_common/rviz_common/properties/combo_box.hpp
-- Up-to-date: /home/quang/Downloads/rviz_ubuntu22_1.0/install/rviz_common/include/rviz_common/rviz_common/properties/qos_profile_property.hpp
-- Up-to-date: /home/quang/Downloads/rviz_ubuntu22_1.0/install/rviz_common/include/rviz_common/rviz_common/properties/property.hpp
-- Up-to-date: /home/quang/Downloads/rviz_ubuntu22_1.0/install/rviz_common/include/rviz_common/rviz_common/display_group.hpp
-- Up-to-date: /home/quang/Downloads/rviz_ubuntu22_1.0/install/rviz_common/include/rviz_common/rviz_common/load_resource.hpp
-- Up-to-date: /home/quang/Downloads/rviz_ubuntu22_1.0/install/rviz_common/include/rviz_common/rviz_common/frame_manager_iface.hpp
-- Up-to-date: /home/quang/Downloads/rviz_ubuntu22_1.0/install/rviz_common/include/rviz_common/rviz_common/uniform_string_stream.hpp
-- Up-to-date: /home/quang/Downloads/rviz_ubuntu22_1.0/install/rviz_common/include/rviz_common/rviz_common/yaml_config_writer.hpp
-- Up-to-date: /home/quang/Downloads/rviz_ubuntu22_1.0/install/rviz_common/include/rviz_common/rviz_common/yaml_config_reader.hpp
-- Up-to-date: /home/quang/Downloads/rviz_ubuntu22_1.0/install/rviz_common/include/rviz_common/rviz_common/display_context.hpp
-- Up-to-date: /home/quang/Downloads/rviz_ubuntu22_1.0/install/rviz_common/include/rviz_common/rviz_common/transformation
-- Up-to-date: /home/quang/Downloads/rviz_ubuntu22_1.0/install/rviz_common/include/rviz_common/rviz_common/transformation/frame_transformer.hpp
-- Up-to-date: /home/quang/Downloads/rviz_ubuntu22_1.0/install/rviz_common/include/rviz_common/rviz_common/transformation/tf2_helpers
-- Up-to-date: /home/quang/Downloads/rviz_ubuntu22_1.0/install/rviz_common/include/rviz_common/rviz_common/transformation/tf2_helpers/tf2_conversion_helpers.hpp
-- Up-to-date: /home/quang/Downloads/rviz_ubuntu22_1.0/install/rviz_common/include/rviz_common/rviz_common/transformation/transformation_manager.hpp
-- Up-to-date: /home/quang/Downloads/rviz_ubuntu22_1.0/install/rviz_common/include/rviz_common/rviz_common/tool_manager.hpp
-- Up-to-date: /home/quang/Downloads/rviz_ubuntu22_1.0/install/rviz_common/include/rviz_common/rviz_common/view_controller.hpp
-- Up-to-date: /home/quang/Downloads/rviz_ubuntu22_1.0/install/rviz_common/include/rviz_common/rviz_common/logging.hpp
-- Up-to-date: /home/quang/Downloads/rviz_ubuntu22_1.0/install/rviz_common/include/rviz_common/rviz_common/visualization_manager.hpp
-- Up-to-date: /home/quang/Downloads/rviz_ubuntu22_1.0/install/rviz_common/include/rviz_common/rviz_common/message_filter_display.hpp
-- Up-to-date: /home/quang/Downloads/rviz_ubuntu22_1.0/install/rviz_common/include/rviz_common/rviz_common/depth_cloud_mld.hpp
-- Up-to-date: /home/quang/Downloads/rviz_ubuntu22_1.0/install/rviz_common/include/rviz_common/rviz_common/display.hpp
-- Up-to-date: /home/quang/Downloads/rviz_ubuntu22_1.0/install/rviz_common/include/rviz_common/rviz_common/render_panel.hpp
-- Up-to-date: /home/quang/Downloads/rviz_ubuntu22_1.0/install/rviz_common/include/rviz_common/rviz_common/interaction
-- Up-to-date: /home/quang/Downloads/rviz_ubuntu22_1.0/install/rviz_common/include/rviz_common/rviz_common/interaction/handler_manager.hpp
-- Up-to-date: /home/quang/Downloads/rviz_ubuntu22_1.0/install/rviz_common/include/rviz_common/rviz_common/interaction/selection_renderer.hpp
-- Up-to-date: /home/quang/Downloads/rviz_ubuntu22_1.0/install/rviz_common/include/rviz_common/rviz_common/interaction/view_picker.hpp
-- Up-to-date: /home/quang/Downloads/rviz_ubuntu22_1.0/install/rviz_common/include/rviz_common/rviz_common/interaction/forwards.hpp
-- Up-to-date: /home/quang/Downloads/rviz_ubuntu22_1.0/install/rviz_common/include/rviz_common/rviz_common/interaction/handler_manager_iface.hpp
-- Up-to-date: /home/quang/Downloads/rviz_ubuntu22_1.0/install/rviz_common/include/rviz_common/rviz_common/interaction/handler_manager_listener.hpp
-- Up-to-date: /home/quang/Downloads/rviz_ubuntu22_1.0/install/rviz_common/include/rviz_common/rviz_common/interaction/selection_manager.hpp
-- Up-to-date: /home/quang/Downloads/rviz_ubuntu22_1.0/install/rviz_common/include/rviz_common/rviz_common/interaction/view_picker_iface.hpp
-- Up-to-date: /home/quang/Downloads/rviz_ubuntu22_1.0/install/rviz_common/include/rviz_common/rviz_common/interaction/selection_handler.hpp
-- Up-to-date: /home/quang/Downloads/rviz_ubuntu22_1.0/install/rviz_common/include/rviz_common/rviz_common/interaction/selection_manager_iface.hpp
-- Up-to-date: /home/quang/Downloads/rviz_ubuntu22_1.0/install/rviz_common/include/rviz_common/rviz_common/config.hpp
-- Up-to-date: /home/quang/Downloads/rviz_ubuntu22_1.0/install/rviz_common/include/rviz_common/rviz_common/interactive_object.hpp
-- Up-to-date: /home/quang/Downloads/rviz_ubuntu22_1.0/install/rviz_common/include/rviz_common/rviz_common/visibility_control.hpp
-- Up-to-date: /home/quang/Downloads/rviz_ubuntu22_1.0/install/rviz_common/include/rviz_common/rviz_common/visualization_frame.hpp
-- Up-to-date: /home/quang/Downloads/rviz_ubuntu22_1.0/install/rviz_common/share/rviz_common/default.rviz
-- Up-to-date: /home/quang/Downloads/rviz_ubuntu22_1.0/install/rviz_common/share/rviz_common/icons
-- Up-to-date: /home/quang/Downloads/rviz_ubuntu22_1.0/install/rviz_common/share/rviz_common/icons/minus.png
-- Up-to-date: /home/quang/Downloads/rviz_ubuntu22_1.0/install/rviz_common/share/rviz_common/icons/package.png
-- Up-to-date: /home/quang/Downloads/rviz_ubuntu22_1.0/install/rviz_common/share/rviz_common/icons/rotate.svg
-- Up-to-date: /home/quang/Downloads/rviz_ubuntu22_1.0/install/rviz_common/share/rviz_common/icons/move2d.svg
-- Up-to-date: /home/quang/Downloads/rviz_ubuntu22_1.0/install/rviz_common/share/rviz_common/icons/warning.png
-- Up-to-date: /home/quang/Downloads/rviz_ubuntu22_1.0/install/rviz_common/share/rviz_common/icons/zoom.svg
-- Up-to-date: /home/quang/Downloads/rviz_ubuntu22_1.0/install/rviz_common/share/rviz_common/icons/close.png
-- Up-to-date: /home/quang/Downloads/rviz_ubuntu22_1.0/install/rviz_common/share/rviz_common/icons/error.png
-- Up-to-date: /home/quang/Downloads/rviz_ubuntu22_1.0/install/rviz_common/share/rviz_common/icons/rotate_cam.svg
-- Up-to-date: /home/quang/Downloads/rviz_ubuntu22_1.0/install/rviz_common/share/rviz_common/icons/options.png
-- Up-to-date: /home/quang/Downloads/rviz_ubuntu22_1.0/install/rviz_common/share/rviz_common/icons/ok.png
-- Up-to-date: /home/quang/Downloads/rviz_ubuntu22_1.0/install/rviz_common/share/rviz_common/icons/move1d.svg
-- Up-to-date: /home/quang/Downloads/rviz_ubuntu22_1.0/install/rviz_common/share/rviz_common/icons/classes
-- Up-to-date: /home/quang/Downloads/rviz_ubuntu22_1.0/install/rviz_common/share/rviz_common/icons/classes/Transformation.png
-- Up-to-date: /home/quang/Downloads/rviz_ubuntu22_1.0/install/rviz_common/share/rviz_common/icons/classes/Help.svg
-- Up-to-date: /home/quang/Downloads/rviz_ubuntu22_1.0/install/rviz_common/share/rviz_common/icons/classes/Group.png
-- Up-to-date: /home/quang/Downloads/rviz_ubuntu22_1.0/install/rviz_common/share/rviz_common/icons/classes/Displays.svg
-- Up-to-date: /home/quang/Downloads/rviz_ubuntu22_1.0/install/rviz_common/share/rviz_common/icons/classes/Time.png
-- Up-to-date: /home/quang/Downloads/rviz_ubuntu22_1.0/install/rviz_common/share/rviz_common/icons/classes/Selection.png
-- Up-to-date: /home/quang/Downloads/rviz_ubuntu22_1.0/install/rviz_common/share/rviz_common/icons/classes/Views.svg
-- Up-to-date: /home/quang/Downloads/rviz_ubuntu22_1.0/install/rviz_common/share/rviz_common/icons/classes/Tool Properties.png
-- Up-to-date: /home/quang/Downloads/rviz_ubuntu22_1.0/install/rviz_common/share/rviz_common/icons/right_dock.svg
-- Up-to-date: /home/quang/Downloads/rviz_ubuntu22_1.0/install/rviz_common/share/rviz_common/icons/default_package_icon.png
-- Up-to-date: /home/quang/Downloads/rviz_ubuntu22_1.0/install/rviz_common/share/rviz_common/icons/cursor.svg
-- Up-to-date: /home/quang/Downloads/rviz_ubuntu22_1.0/install/rviz_common/share/rviz_common/icons/plus.png
-- Up-to-date: /home/quang/Downloads/rviz_ubuntu22_1.0/install/rviz_common/share/rviz_common/icons/left_dock.svg
-- Up-to-date: /home/quang/Downloads/rviz_ubuntu22_1.0/install/rviz_common/share/rviz_common/icons/default_class_icon.png
-- Up-to-date: /home/quang/Downloads/rviz_ubuntu22_1.0/install/rviz_common/share/rviz_common/icons/forbidden.svg
-- Up-to-date: /home/quang/Downloads/rviz_ubuntu22_1.0/install/rviz_common/share/rviz_common/icons/moverotate.svg
-- Up-to-date: /home/quang/Downloads/rviz_ubuntu22_1.0/install/rviz_common/share/rviz_common/icons/menu.svg
-- Up-to-date: /home/quang/Downloads/rviz_ubuntu22_1.0/install/rviz_common/share/rviz_common/icons/move_z.svg
-- Up-to-date: /home/quang/Downloads/rviz_ubuntu22_1.0/install/rviz_common/share/rviz_common/icons/crosshair.svg
-- Up-to-date: /home/quang/Downloads/rviz_ubuntu22_1.0/install/rviz_common/share/rviz_common/images
-- Up-to-date: /home/quang/Downloads/rviz_ubuntu22_1.0/install/rviz_common/share/rviz_common/images/splash_overlay.png
-- Up-to-date: /home/quang/Downloads/rviz_ubuntu22_1.0/install/rviz_common/share/rviz_common/images/splash.png
-- Up-to-date: /home/quang/Downloads/rviz_ubuntu22_1.0/install/rviz_common/share/rviz_common/help
-- Up-to-date: /home/quang/Downloads/rviz_ubuntu22_1.0/install/rviz_common/share/rviz_common/help/help.html
-- Up-to-date: /home/quang/Downloads/rviz_ubuntu22_1.0/install/rviz_common/share/ament_index/resource_index/package_run_dependencies/rviz_common
-- Up-to-date: /home/quang/Downloads/rviz_ubuntu22_1.0/install/rviz_common/share/ament_index/resource_index/parent_prefix_path/rviz_common
-- Up-to-date: /home/quang/Downloads/rviz_ubuntu22_1.0/install/rviz_common/share/rviz_common/environment/ament_prefix_path.sh
-- Up-to-date: /home/quang/Downloads/rviz_ubuntu22_1.0/install/rviz_common/share/rviz_common/environment/ament_prefix_path.dsv
-- Up-to-date: /home/quang/Downloads/rviz_ubuntu22_1.0/install/rviz_common/share/rviz_common/environment/path.sh
-- Up-to-date: /home/quang/Downloads/rviz_ubuntu22_1.0/install/rviz_common/share/rviz_common/environment/path.dsv
-- Up-to-date: /home/quang/Downloads/rviz_ubuntu22_1.0/install/rviz_common/share/rviz_common/local_setup.bash
-- Up-to-date: /home/quang/Downloads/rviz_ubuntu22_1.0/install/rviz_common/share/rviz_common/local_setup.sh
-- Up-to-date: /home/quang/Downloads/rviz_ubuntu22_1.0/install/rviz_common/share/rviz_common/local_setup.zsh
-- Up-to-date: /home/quang/Downloads/rviz_ubuntu22_1.0/install/rviz_common/share/rviz_common/local_setup.dsv
-- Installing: /home/quang/Downloads/rviz_ubuntu22_1.0/install/rviz_common/share/rviz_common/package.dsv
-- Up-to-date: /home/quang/Downloads/rviz_ubuntu22_1.0/install/rviz_common/share/ament_index/resource_index/packages/rviz_common
-- Up-to-date: /home/quang/Downloads/rviz_ubuntu22_1.0/install/rviz_common/share/rviz_common/cmake/rviz_commonExport.cmake
-- Up-to-date: /home/quang/Downloads/rviz_ubuntu22_1.0/install/rviz_common/share/rviz_common/cmake/rviz_commonExport-noconfig.cmake
-- Up-to-date: /home/quang/Downloads/rviz_ubuntu22_1.0/install/rviz_common/share/rviz_common/cmake/rviz_common-extras.cmake
-- Up-to-date: /home/quang/Downloads/rviz_ubuntu22_1.0/install/rviz_common/share/rviz_common/cmake/ament_cmake_export_dependencies-extras.cmake
-- Up-to-date: /home/quang/Downloads/rviz_ubuntu22_1.0/install/rviz_common/share/rviz_common/cmake/ament_cmake_export_include_directories-extras.cmake
-- Up-to-date: /home/quang/Downloads/rviz_ubuntu22_1.0/install/rviz_common/share/rviz_common/cmake/ament_cmake_export_libraries-extras.cmake
-- Up-to-date: /home/quang/Downloads/rviz_ubuntu22_1.0/install/rviz_common/share/rviz_common/cmake/ament_cmake_export_targets-extras.cmake
-- Up-to-date: /home/quang/Downloads/rviz_ubuntu22_1.0/install/rviz_common/share/rviz_common/cmake/rviz_commonConfig.cmake
-- Up-to-date: /home/quang/Downloads/rviz_ubuntu22_1.0/install/rviz_common/share/rviz_common/cmake/rviz_commonConfig-version.cmake
-- Up-to-date: /home/quang/Downloads/rviz_ubuntu22_1.0/install/rviz_common/share/rviz_common/package.xml
