-- The C compiler identification is GNU 11.4.0
-- The CXX compiler identification is GNU 11.4.0
-- Detecting C compiler ABI info
-- Detecting C compiler ABI info - done
-- Check for working C compiler: /usr/bin/cc - skipped
-- Detecting C compile features
-- Detecting C compile features - done
-- Detecting CXX compiler ABI info
-- Detecting CXX compiler ABI info - done
-- Check for working CXX compiler: /usr/bin/c++ - skipped
-- Detecting CXX compile features
-- Detecting CXX compile features - done
-- Found ament_cmake: 1.3.10 (/opt/ros/humble/share/ament_cmake/cmake)
-- Found Python3: /usr/bin/python3 (found version "3.10.12") found components: Interpreter 
-- Found rviz_common: 11.2.13 (/home/quang/Downloads/rviz_ubuntu22_1.0/install/rviz_common/share/rviz_common/cmake)
-- Setting assimp_DIR to: '/opt/ros/humble/share/rviz_assimp_vendor/cmake/../../../opt/rviz_assimp_vendor/lib/cmake/assimp-4.1'
-- Setting OGRE_DIR to: '/opt/ros/humble/share/rviz_ogre_vendor/cmake/../../../opt/rviz_ogre_vendor/lib/OGRE/cmake'
-- Found OGRE
--   static     : OFF
--   components : HLMS;MeshLodGenerator;Overlay;Paging;Property;RTShaderSystem;Terrain;Volume
--   plugins    : Plugin_BSPSceneManager;Plugin_OctreeSceneManager;Plugin_PCZSceneManager;Plugin_ParticleFX;RenderSystem_GL;RenderSystem_GL3Plus;Codec_STBI
--   media      : /opt/ros/humble/opt/rviz_ogre_vendor/share/OGRE/Media
-- OGRE_LIBRARIES: OgreHLMS;OgreMeshLodGenerator;OgreOverlay;OgrePaging;OgreProperty;OgreRTShaderSystem;OgreTerrain;OgreVolume;OgreMain
-- OGRE_LIBRARY_DIRS: /opt/ros/humble/opt/rviz_ogre_vendor/lib
-- OGRE_PLUGINS: Plugin_BSPSceneManager;Plugin_OctreeSceneManager;Plugin_PCZSceneManager;Plugin_ParticleFX;RenderSystem_GL;RenderSystem_GL3Plus;Codec_STBI
-- OGRE_PLUGIN_DIR: /opt/ros/humble/opt/rviz_ogre_vendor/lib/OGRE
-- rviz_ogre_vendor::OgreOverlay for IMPORTED_LOCATION_RELEASE: /opt/ros/humble/opt/rviz_ogre_vendor/lib/libOgreOverlay.so
-- rviz_ogre_vendor::OgreOverlay for IMPORTED_LOCATION_DEBUG: /opt/ros/humble/opt/rviz_ogre_vendor/lib/libOgreOverlay.so
-- rviz_ogre_vendor::OgreMain for IMPORTED_LOCATION_RELEASE: /opt/ros/humble/opt/rviz_ogre_vendor/lib/libOgreMain.so
-- rviz_ogre_vendor::OgreMain for IMPORTED_LOCATION_DEBUG: /opt/ros/humble/opt/rviz_ogre_vendor/lib/libOgreMain.so
-- Could not find freeimage library
-- Found ZLIB: /usr/lib/x86_64-linux-gnu/libz.so (found version "1.2.11") 
-- Found OpenGL: /usr/lib/x86_64-linux-gnu/libOpenGL.so   
-- Found X11: /usr/include   
-- Looking for XOpenDisplay in /usr/lib/x86_64-linux-gnu/libX11.so;/usr/lib/x86_64-linux-gnu/libXext.so
-- Looking for XOpenDisplay in /usr/lib/x86_64-linux-gnu/libX11.so;/usr/lib/x86_64-linux-gnu/libXext.so - found
-- Looking for gethostbyname
-- Looking for gethostbyname - found
-- Looking for connect
-- Looking for connect - found
-- Looking for remove
-- Looking for remove - found
-- Looking for shmat
-- Looking for shmat - found
-- Looking for IceConnectionNumber in ICE
-- Looking for IceConnectionNumber in ICE - found
-- library: /usr/lib/x86_64-linux-gnu/libcurl.so
-- Found rosidl_generator_c: 3.1.5 (/opt/ros/humble/share/rosidl_generator_c/cmake)
-- Found rosidl_adapter: 3.1.5 (/opt/ros/humble/share/rosidl_adapter/cmake)
-- Found rosidl_generator_cpp: 3.1.5 (/opt/ros/humble/share/rosidl_generator_cpp/cmake)
-- Using all available rosidl_typesupport_c: rosidl_typesupport_fastrtps_c;rosidl_typesupport_introspection_c
-- Using all available rosidl_typesupport_cpp: rosidl_typesupport_fastrtps_cpp;rosidl_typesupport_introspection_cpp
-- Found rmw_implementation_cmake: 6.1.2 (/opt/ros/humble/share/rmw_implementation_cmake/cmake)
-- Found rmw_fastrtps_cpp: 6.2.7 (/opt/ros/humble/share/rmw_fastrtps_cpp/cmake)
-- Found TinyXML2 via Config file: TinyXML2_DIR-NOTFOUND
-- Found OpenSSL: /usr/lib/x86_64-linux-gnu/libcrypto.so (found version "3.0.2")  
-- Found TinyXML2 via Config file: TinyXML2_DIR-NOTFOUND
-- Found FastRTPS: /opt/ros/humble/include  
-- Found TinyXML2 via Config file: TinyXML2_DIR-NOTFOUND
-- Found TinyXML2 via Config file: TinyXML2_DIR-NOTFOUND
-- Using RMW implementation 'rmw_fastrtps_cpp' as default
-- Looking for pthread.h
-- Looking for pthread.h - found
-- Performing Test CMAKE_HAVE_LIBC_PTHREAD
-- Performing Test CMAKE_HAVE_LIBC_PTHREAD - Success
-- Found Threads: TRUE  
-- Found Eigen3: TRUE (found version "3.4.0") 
-- Ensuring Eigen3 include directory is part of orocos-kdl CMake target
-- Found ament_lint_auto: 0.12.11 (/opt/ros/humble/share/ament_lint_auto/cmake)
-- Added test 'cppcheck' to perform static code analysis on C / C++ code
-- Configured cppcheck include dirs: 
-- Configured cppcheck exclude dirs and/or files: 
-- Added test 'cpplint' to check C / C++ code against the Google style
-- Configured cpplint exclude dirs and/or files: 
-- Added test 'lint_cmake' to check CMake code style
-- Added test 'uncrustify' to check C / C++ code style
-- Configured uncrustify additional arguments: 
-- Added test 'xmllint' to check XML markup files
-- Configuring done
-- Generating done
-- Build files have been written to: /home/quang/Downloads/rviz_ubuntu22_1.0/build/rviz2
[ 50%] [32mBuilding CXX object test/tools/CMakeFiles/send_lots_of_points_node.dir/send_lots_of_points_node.cpp.o[0m
[ 50%] [32mBuilding CXX object CMakeFiles/rviz2.dir/src/main.cpp.o[0m
[ 75%] [32m[1mLinking CXX executable send_lots_of_points_node[0m
[100%] [32m[1mLinking CXX executable rviz2[0m
[100%] Built target send_lots_of_points_node
[100%] Built target rviz2
-- Install configuration: ""
-- Installing: /home/quang/Downloads/rviz_ubuntu22_1.0/install/rviz2/bin/rviz2
-- Set runtime path of "/home/quang/Downloads/rviz_ubuntu22_1.0/install/rviz2/bin/rviz2" to "/home/quang/Downloads/rviz_ubuntu22_1.0/install/rviz_common/lib:/opt/ros/humble/opt/rviz_ogre_vendor/lib:/home/quang/Downloads/rviz_ubuntu22_1.0/install/rviz_rendering/lib:/opt/ros/humble/lib:/opt/ros/humble/lib/x86_64-linux-gnu"
-- Installing: /home/quang/Downloads/rviz_ubuntu22_1.0/install/rviz2/lib/rviz2/rviz2
-- Set runtime path of "/home/quang/Downloads/rviz_ubuntu22_1.0/install/rviz2/lib/rviz2/rviz2" to "/home/quang/Downloads/rviz_ubuntu22_1.0/install/rviz_common/lib:/opt/ros/humble/opt/rviz_ogre_vendor/lib:/home/quang/Downloads/rviz_ubuntu22_1.0/install/rviz_rendering/lib:/opt/ros/humble/lib:/opt/ros/humble/lib/x86_64-linux-gnu"
-- Installing: /home/quang/Downloads/rviz_ubuntu22_1.0/install/rviz2/share/ament_index/resource_index/package_run_dependencies/rviz2
-- Installing: /home/quang/Downloads/rviz_ubuntu22_1.0/install/rviz2/share/ament_index/resource_index/parent_prefix_path/rviz2
-- Installing: /home/quang/Downloads/rviz_ubuntu22_1.0/install/rviz2/share/rviz2/environment/ament_prefix_path.sh
-- Installing: /home/quang/Downloads/rviz_ubuntu22_1.0/install/rviz2/share/rviz2/environment/ament_prefix_path.dsv
-- Installing: /home/quang/Downloads/rviz_ubuntu22_1.0/install/rviz2/share/rviz2/environment/path.sh
-- Installing: /home/quang/Downloads/rviz_ubuntu22_1.0/install/rviz2/share/rviz2/environment/path.dsv
-- Installing: /home/quang/Downloads/rviz_ubuntu22_1.0/install/rviz2/share/rviz2/local_setup.bash
-- Installing: /home/quang/Downloads/rviz_ubuntu22_1.0/install/rviz2/share/rviz2/local_setup.sh
-- Installing: /home/quang/Downloads/rviz_ubuntu22_1.0/install/rviz2/share/rviz2/local_setup.zsh
-- Installing: /home/quang/Downloads/rviz_ubuntu22_1.0/install/rviz2/share/rviz2/local_setup.dsv
-- Installing: /home/quang/Downloads/rviz_ubuntu22_1.0/install/rviz2/share/rviz2/package.dsv
-- Installing: /home/quang/Downloads/rviz_ubuntu22_1.0/install/rviz2/share/ament_index/resource_index/packages/rviz2
-- Installing: /home/quang/Downloads/rviz_ubuntu22_1.0/install/rviz2/share/rviz2/cmake/rviz2Config.cmake
-- Installing: /home/quang/Downloads/rviz_ubuntu22_1.0/install/rviz2/share/rviz2/cmake/rviz2Config-version.cmake
-- Installing: /home/quang/Downloads/rviz_ubuntu22_1.0/install/rviz2/share/rviz2/package.xml
