[0.013s] Invoking command in '/home/quang/Downloads/rviz_ubuntu22_1.0/build/rviz_rendering': CMAKE_PREFIX_PATH=${CMAKE_PREFIX_PATH}:/opt/ros/humble /usr/bin/cmake --build /home/quang/Downloads/rviz_ubuntu22_1.0/build/rviz_rendering -- -j12 -l12
[0.062s] [  3%] Built target gmock_main
[0.062s] [  8%] Built target gmock
[0.081s] [ 59%] Built target rviz_rendering
[0.102s] [ 62%] Built target string_helper_test
[0.102s] [ 67%] Built target rviz_rendering_test_utils
[0.132s] [ 70%] Built target billboard_line_test_target
[0.135s] [ 74%] Built target grid_test_target
[0.136s] [ 77%] Built target point_cloud_renderable_test_target
[0.136s] [ 80%] Built target point_cloud_test_target
[0.138s] [ 83%] Built target effort_visual_test_target
[0.138s] [ 87%] Built target line_test_target
[0.138s] [ 90%] Built target movable_text_test_target
[0.139s] [ 96%] Built target wrench_visual_test_target
[0.139s] [ 96%] Built target screw_visual_test_target
[0.140s] [100%] Built target covariance_visual_test_target
[0.151s] Invoked command in '/home/quang/Downloads/rviz_ubuntu22_1.0/build/rviz_rendering' returned '0': CMAKE_PREFIX_PATH=${CMAKE_PREFIX_PATH}:/opt/ros/humble /usr/bin/cmake --build /home/quang/Downloads/rviz_ubuntu22_1.0/build/rviz_rendering -- -j12 -l12
[0.305s] Invoking command in '/home/quang/Downloads/rviz_ubuntu22_1.0/build/rviz_rendering': CMAKE_PREFIX_PATH=${CMAKE_PREFIX_PATH}:/opt/ros/humble /usr/bin/cmake --install /home/quang/Downloads/rviz_ubuntu22_1.0/build/rviz_rendering
[0.312s] -- Install configuration: ""
[0.312s] -- Up-to-date: /home/quang/Downloads/rviz_ubuntu22_1.0/install/rviz_rendering/share/rviz_rendering/environment/library_path.sh
[0.312s] -- Up-to-date: /home/quang/Downloads/rviz_ubuntu22_1.0/install/rviz_rendering/share/rviz_rendering/environment/library_path.dsv
[0.312s] -- Up-to-date: /home/quang/Downloads/rviz_ubuntu22_1.0/install/rviz_rendering/lib/librviz_rendering.so
[0.313s] -- Up-to-date: /home/quang/Downloads/rviz_ubuntu22_1.0/install/rviz_rendering/include/rviz_rendering
[0.313s] -- Up-to-date: /home/quang/Downloads/rviz_ubuntu22_1.0/install/rviz_rendering/include/rviz_rendering/rviz_rendering
[0.313s] -- Up-to-date: /home/quang/Downloads/rviz_ubuntu22_1.0/install/rviz_rendering/include/rviz_rendering/rviz_rendering/custom_parameter_indices.hpp
[0.313s] -- Up-to-date: /home/quang/Downloads/rviz_ubuntu22_1.0/install/rviz_rendering/include/rviz_rendering/rviz_rendering/logging_handler.hpp
[0.313s] -- Up-to-date: /home/quang/Downloads/rviz_ubuntu22_1.0/install/rviz_rendering/include/rviz_rendering/rviz_rendering/material_manager.hpp
[0.313s] -- Up-to-date: /home/quang/Downloads/rviz_ubuntu22_1.0/install/rviz_rendering/include/rviz_rendering/rviz_rendering/render_system.hpp
[0.313s] -- Up-to-date: /home/quang/Downloads/rviz_ubuntu22_1.0/install/rviz_rendering/include/rviz_rendering/rviz_rendering/rviz_rendering.hpp
[0.313s] -- Up-to-date: /home/quang/Downloads/rviz_ubuntu22_1.0/install/rviz_rendering/include/rviz_rendering/rviz_rendering/objects
[0.313s] -- Up-to-date: /home/quang/Downloads/rviz_ubuntu22_1.0/install/rviz_rendering/include/rviz_rendering/rviz_rendering/objects/wrench_visual.hpp
[0.313s] -- Up-to-date: /home/quang/Downloads/rviz_ubuntu22_1.0/install/rviz_rendering/include/rviz_rendering/rviz_rendering/objects/grid.hpp
[0.313s] -- Up-to-date: /home/quang/Downloads/rviz_ubuntu22_1.0/install/rviz_rendering/include/rviz_rendering/rviz_rendering/objects/object.hpp
[0.313s] -- Up-to-date: /home/quang/Downloads/rviz_ubuntu22_1.0/install/rviz_rendering/include/rviz_rendering/rviz_rendering/objects/line.hpp
[0.314s] -- Up-to-date: /home/quang/Downloads/rviz_ubuntu22_1.0/install/rviz_rendering/include/rviz_rendering/rviz_rendering/objects/point_cloud.hpp
[0.314s] -- Up-to-date: /home/quang/Downloads/rviz_ubuntu22_1.0/install/rviz_rendering/include/rviz_rendering/rviz_rendering/objects/movable_text.hpp
[0.314s] -- Up-to-date: /home/quang/Downloads/rviz_ubuntu22_1.0/install/rviz_rendering/include/rviz_rendering/rviz_rendering/objects/arrow.hpp
[0.314s] -- Up-to-date: /home/quang/Downloads/rviz_ubuntu22_1.0/install/rviz_rendering/include/rviz_rendering/rviz_rendering/objects/screw_visual.hpp
[0.314s] -- Up-to-date: /home/quang/Downloads/rviz_ubuntu22_1.0/install/rviz_rendering/include/rviz_rendering/rviz_rendering/objects/covariance_visual.hpp
[0.314s] -- Up-to-date: /home/quang/Downloads/rviz_ubuntu22_1.0/install/rviz_rendering/include/rviz_rendering/rviz_rendering/objects/effort_visual.hpp
[0.314s] -- Up-to-date: /home/quang/Downloads/rviz_ubuntu22_1.0/install/rviz_rendering/include/rviz_rendering/rviz_rendering/objects/shape.hpp
[0.314s] -- Up-to-date: /home/quang/Downloads/rviz_ubuntu22_1.0/install/rviz_rendering/include/rviz_rendering/rviz_rendering/objects/billboard_line.hpp
[0.314s] -- Up-to-date: /home/quang/Downloads/rviz_ubuntu22_1.0/install/rviz_rendering/include/rviz_rendering/rviz_rendering/objects/point_cloud_renderable.hpp
[0.314s] -- Up-to-date: /home/quang/Downloads/rviz_ubuntu22_1.0/install/rviz_rendering/include/rviz_rendering/rviz_rendering/objects/axes.hpp
[0.314s] -- Up-to-date: /home/quang/Downloads/rviz_ubuntu22_1.0/install/rviz_rendering/include/rviz_rendering/rviz_rendering/resource_config.hpp
[0.314s] -- Up-to-date: /home/quang/Downloads/rviz_ubuntu22_1.0/install/rviz_rendering/include/rviz_rendering/rviz_rendering/orthographic.hpp
[0.314s] -- Up-to-date: /home/quang/Downloads/rviz_ubuntu22_1.0/install/rviz_rendering/include/rviz_rendering/rviz_rendering/geometry.hpp
[0.314s] -- Up-to-date: /home/quang/Downloads/rviz_ubuntu22_1.0/install/rviz_rendering/include/rviz_rendering/rviz_rendering/ogre_logging.hpp
[0.314s] -- Up-to-date: /home/quang/Downloads/rviz_ubuntu22_1.0/install/rviz_rendering/include/rviz_rendering/rviz_rendering/apply_visibility_bits.hpp
[0.315s] -- Up-to-date: /home/quang/Downloads/rviz_ubuntu22_1.0/install/rviz_rendering/include/rviz_rendering/rviz_rendering/logging.hpp
[0.315s] -- Up-to-date: /home/quang/Downloads/rviz_ubuntu22_1.0/install/rviz_rendering/include/rviz_rendering/rviz_rendering/render_window.hpp
[0.315s] -- Up-to-date: /home/quang/Downloads/rviz_ubuntu22_1.0/install/rviz_rendering/include/rviz_rendering/rviz_rendering/visibility_control.hpp
[0.315s] -- Up-to-date: /home/quang/Downloads/rviz_ubuntu22_1.0/install/rviz_rendering/include/rviz_rendering/rviz_rendering/mesh_loader.hpp
[0.315s] -- Up-to-date: /home/quang/Downloads/rviz_ubuntu22_1.0/install/rviz_rendering/include/rviz_rendering/rviz_rendering/viewport_projection_finder.hpp
[0.315s] -- Up-to-date: /home/quang/Downloads/rviz_ubuntu22_1.0/install/rviz_rendering/share/rviz_rendering/cmake
[0.315s] -- Up-to-date: /home/quang/Downloads/rviz_ubuntu22_1.0/install/rviz_rendering/share/rviz_rendering/cmake/register_rviz_ogre_media_exports_hook-extras.cmake
[0.315s] -- Up-to-date: /home/quang/Downloads/rviz_ubuntu22_1.0/install/rviz_rendering/share/rviz_rendering/cmake/register_rviz_ogre_media_exports.cmake
[0.315s] -- Up-to-date: /home/quang/Downloads/rviz_ubuntu22_1.0/install/rviz_rendering/share/rviz_rendering/cmake/register_rviz_ogre_media_exports_hook.cmake
[0.315s] -- Up-to-date: /home/quang/Downloads/rviz_ubuntu22_1.0/install/rviz_rendering/share/rviz_rendering/ogre_media
[0.315s] -- Up-to-date: /home/quang/Downloads/rviz_ubuntu22_1.0/install/rviz_rendering/share/rviz_rendering/ogre_media/textures
[0.315s] -- Up-to-date: /home/quang/Downloads/rviz_ubuntu22_1.0/install/rviz_rendering/share/rviz_rendering/ogre_media/textures/test_20x20.png
[0.315s] -- Up-to-date: /home/quang/Downloads/rviz_ubuntu22_1.0/install/rviz_rendering/share/rviz_rendering/ogre_media/textures/no_image.png
[0.315s] -- Up-to-date: /home/quang/Downloads/rviz_ubuntu22_1.0/install/rviz_rendering/share/rviz_rendering/ogre_media/materials
[0.315s] -- Up-to-date: /home/quang/Downloads/rviz_ubuntu22_1.0/install/rviz_rendering/share/rviz_rendering/ogre_media/materials/glsl150
[0.315s] -- Up-to-date: /home/quang/Downloads/rviz_ubuntu22_1.0/install/rviz_rendering/share/rviz_rendering/ogre_media/materials/glsl150/pass_pos_color.vert
[0.315s] -- Up-to-date: /home/quang/Downloads/rviz_ubuntu22_1.0/install/rviz_rendering/share/rviz_rendering/ogre_media/materials/glsl150/billboard.geom
[0.316s] -- Up-to-date: /home/quang/Downloads/rviz_ubuntu22_1.0/install/rviz_rendering/share/rviz_rendering/ogre_media/materials/glsl150/box.geom
[0.316s] -- Up-to-date: /home/quang/Downloads/rviz_ubuntu22_1.0/install/rviz_rendering/share/rviz_rendering/ogre_media/materials/glsl150/glsl150.program
[0.316s] -- Up-to-date: /home/quang/Downloads/rviz_ubuntu22_1.0/install/rviz_rendering/share/rviz_rendering/ogre_media/materials/scripts
[0.316s] -- Up-to-date: /home/quang/Downloads/rviz_ubuntu22_1.0/install/rviz_rendering/share/rviz_rendering/ogre_media/materials/scripts/indexed_8bit_image.material
[0.316s] -- Up-to-date: /home/quang/Downloads/rviz_ubuntu22_1.0/install/rviz_rendering/share/rviz_rendering/ogre_media/materials/scripts/default_pick_and_depth.material
[0.316s] -- Up-to-date: /home/quang/Downloads/rviz_ubuntu22_1.0/install/rviz_rendering/share/rviz_rendering/ogre_media/materials/scripts/point_cloud_point.material
[0.316s] -- Up-to-date: /home/quang/Downloads/rviz_ubuntu22_1.0/install/rviz_rendering/share/rviz_rendering/ogre_media/materials/scripts/point_cloud_tile.material
[0.316s] -- Up-to-date: /home/quang/Downloads/rviz_ubuntu22_1.0/install/rviz_rendering/share/rviz_rendering/ogre_media/materials/glsl120
[0.316s] -- Up-to-date: /home/quang/Downloads/rviz_ubuntu22_1.0/install/rviz_rendering/share/rviz_rendering/ogre_media/materials/glsl120/indexed_8bit_image.frag
[0.316s] -- Up-to-date: /home/quang/Downloads/rviz_ubuntu22_1.0/install/rviz_rendering/share/rviz_rendering/ogre_media/materials/glsl120/pass_color_circle.frag
[0.316s] -- Up-to-date: /home/quang/Downloads/rviz_ubuntu22_1.0/install/rviz_rendering/share/rviz_rendering/ogre_media/materials/glsl120/smooth_square.frag
[0.316s] -- Up-to-date: /home/quang/Downloads/rviz_ubuntu22_1.0/install/rviz_rendering/share/rviz_rendering/ogre_media/materials/glsl120/depth.vert
[0.316s] -- Up-to-date: /home/quang/Downloads/rviz_ubuntu22_1.0/install/rviz_rendering/share/rviz_rendering/ogre_media/materials/glsl120/black.frag
[0.316s] -- Up-to-date: /home/quang/Downloads/rviz_ubuntu22_1.0/install/rviz_rendering/share/rviz_rendering/ogre_media/materials/glsl120/shaded_circle.frag
[0.317s] -- Up-to-date: /home/quang/Downloads/rviz_ubuntu22_1.0/install/rviz_rendering/share/rviz_rendering/ogre_media/materials/glsl120/depth_circle.frag
[0.317s] -- Up-to-date: /home/quang/Downloads/rviz_ubuntu22_1.0/install/rviz_rendering/share/rviz_rendering/ogre_media/materials/glsl120/nogp
[0.317s] -- Up-to-date: /home/quang/Downloads/rviz_ubuntu22_1.0/install/rviz_rendering/share/rviz_rendering/ogre_media/materials/glsl120/nogp/box.vert
[0.317s] -- Up-to-date: /home/quang/Downloads/rviz_ubuntu22_1.0/install/rviz_rendering/share/rviz_rendering/ogre_media/materials/glsl120/nogp/box.frag
[0.317s] -- Up-to-date: /home/quang/Downloads/rviz_ubuntu22_1.0/install/rviz_rendering/share/rviz_rendering/ogre_media/materials/glsl120/nogp/nogp.program
[0.317s] -- Up-to-date: /home/quang/Downloads/rviz_ubuntu22_1.0/install/rviz_rendering/share/rviz_rendering/ogre_media/materials/glsl120/nogp/billboard.vert
[0.317s] -- Up-to-date: /home/quang/Downloads/rviz_ubuntu22_1.0/install/rviz_rendering/share/rviz_rendering/ogre_media/materials/glsl120/nogp/billboard_tile.vert
[0.317s] -- Up-to-date: /home/quang/Downloads/rviz_ubuntu22_1.0/install/rviz_rendering/share/rviz_rendering/ogre_media/materials/glsl120/pickcolor_circle.frag
[0.317s] -- Up-to-date: /home/quang/Downloads/rviz_ubuntu22_1.0/install/rviz_rendering/share/rviz_rendering/ogre_media/materials/glsl120/flat_color.frag
[0.317s] -- Up-to-date: /home/quang/Downloads/rviz_ubuntu22_1.0/install/rviz_rendering/share/rviz_rendering/ogre_media/materials/glsl120/glsl120.program
[0.317s] -- Up-to-date: /home/quang/Downloads/rviz_ubuntu22_1.0/install/rviz_rendering/share/rviz_rendering/ogre_media/materials/glsl120/point.vert
[0.317s] -- Up-to-date: /home/quang/Downloads/rviz_ubuntu22_1.0/install/rviz_rendering/share/rviz_rendering/ogre_media/materials/glsl120/test_glsl.sh
[0.317s] -- Up-to-date: /home/quang/Downloads/rviz_ubuntu22_1.0/install/rviz_rendering/share/rviz_rendering/ogre_media/materials/glsl120/depth.frag
[0.317s] -- Up-to-date: /home/quang/Downloads/rviz_ubuntu22_1.0/install/rviz_rendering/share/rviz_rendering/ogre_media/materials/glsl120/include
[0.317s] -- Up-to-date: /home/quang/Downloads/rviz_ubuntu22_1.0/install/rviz_rendering/share/rviz_rendering/ogre_media/materials/glsl120/include/pass_depth.vert
[0.317s] -- Up-to-date: /home/quang/Downloads/rviz_ubuntu22_1.0/install/rviz_rendering/share/rviz_rendering/ogre_media/materials/glsl120/include/pack_depth.frag
[0.318s] -- Up-to-date: /home/quang/Downloads/rviz_ubuntu22_1.0/install/rviz_rendering/share/rviz_rendering/ogre_media/materials/glsl120/include/circle_impl.frag
[0.318s] -- Up-to-date: /home/quang/Downloads/rviz_ubuntu22_1.0/install/rviz_rendering/share/rviz_rendering/ogre_media/materials/glsl120/indexed_8bit_image.vert
[0.318s] -- Up-to-date: /home/quang/Downloads/rviz_ubuntu22_1.0/install/rviz_rendering/share/rviz_rendering/ogre_media/materials/glsl120/pass_color.frag
[0.318s] -- Up-to-date: /home/quang/Downloads/rviz_ubuntu22_1.0/install/rviz_rendering/share/rviz_rendering/ogre_media/materials/glsl120/pickcolor.frag
[0.318s] -- Up-to-date: /home/quang/Downloads/rviz_ubuntu22_1.0/install/rviz_rendering/share/rviz_rendering/ogre_media/materials/glsl120/flat_color_circle.frag
[0.318s] -- Up-to-date: /home/quang/Downloads/rviz_ubuntu22_1.0/install/rviz_rendering/share/rviz_rendering/ogre_media/materials/scripts150
[0.318s] -- Up-to-date: /home/quang/Downloads/rviz_ubuntu22_1.0/install/rviz_rendering/share/rviz_rendering/ogre_media/materials/scripts150/point_cloud_box.material
[0.318s] -- Up-to-date: /home/quang/Downloads/rviz_ubuntu22_1.0/install/rviz_rendering/share/rviz_rendering/ogre_media/materials/scripts150/point_cloud_sphere.material
[0.318s] -- Up-to-date: /home/quang/Downloads/rviz_ubuntu22_1.0/install/rviz_rendering/share/rviz_rendering/ogre_media/materials/scripts150/point_cloud_square.material
[0.318s] -- Up-to-date: /home/quang/Downloads/rviz_ubuntu22_1.0/install/rviz_rendering/share/rviz_rendering/ogre_media/materials/scripts150/point_cloud_flat_square.material
[0.318s] -- Up-to-date: /home/quang/Downloads/rviz_ubuntu22_1.0/install/rviz_rendering/share/rviz_rendering/ogre_media/materials/scripts120
[0.318s] -- Up-to-date: /home/quang/Downloads/rviz_ubuntu22_1.0/install/rviz_rendering/share/rviz_rendering/ogre_media/materials/scripts120/point_cloud_box.material
[0.318s] -- Up-to-date: /home/quang/Downloads/rviz_ubuntu22_1.0/install/rviz_rendering/share/rviz_rendering/ogre_media/materials/scripts120/point_cloud_sphere.material
[0.318s] -- Up-to-date: /home/quang/Downloads/rviz_ubuntu22_1.0/install/rviz_rendering/share/rviz_rendering/ogre_media/materials/scripts120/point_cloud_square.material
[0.318s] -- Up-to-date: /home/quang/Downloads/rviz_ubuntu22_1.0/install/rviz_rendering/share/rviz_rendering/ogre_media/materials/scripts120/point_cloud_flat_square.material
[0.318s] -- Up-to-date: /home/quang/Downloads/rviz_ubuntu22_1.0/install/rviz_rendering/share/rviz_rendering/ogre_media/plugins.cfg
[0.318s] -- Up-to-date: /home/quang/Downloads/rviz_ubuntu22_1.0/install/rviz_rendering/share/rviz_rendering/ogre_media/models
[0.318s] -- Up-to-date: /home/quang/Downloads/rviz_ubuntu22_1.0/install/rviz_rendering/share/rviz_rendering/ogre_media/models/rviz_cone.mesh
[0.318s] -- Up-to-date: /home/quang/Downloads/rviz_ubuntu22_1.0/install/rviz_rendering/share/rviz_rendering/ogre_media/models/rviz_sphere.mesh
[0.318s] -- Up-to-date: /home/quang/Downloads/rviz_ubuntu22_1.0/install/rviz_rendering/share/rviz_rendering/ogre_media/models/rviz_cube.mesh
[0.319s] -- Up-to-date: /home/quang/Downloads/rviz_ubuntu22_1.0/install/rviz_rendering/share/rviz_rendering/ogre_media/models/rviz_cylinder.mesh
[0.319s] -- Up-to-date: /home/quang/Downloads/rviz_ubuntu22_1.0/install/rviz_rendering/share/rviz_rendering/ogre_media/fonts
[0.319s] -- Up-to-date: /home/quang/Downloads/rviz_ubuntu22_1.0/install/rviz_rendering/share/rviz_rendering/ogre_media/fonts/liberation_sans.fontdef
[0.319s] -- Up-to-date: /home/quang/Downloads/rviz_ubuntu22_1.0/install/rviz_rendering/share/rviz_rendering/ogre_media/fonts/liberation-sans
[0.319s] -- Up-to-date: /home/quang/Downloads/rviz_ubuntu22_1.0/install/rviz_rendering/share/rviz_rendering/ogre_media/fonts/liberation-sans/LiberationSans-Regular.ttf
[0.319s] -- Up-to-date: /home/quang/Downloads/rviz_ubuntu22_1.0/install/rviz_rendering/share/rviz_rendering/ogre_media/fonts/liberation-sans/LiberationSans-BoldItalic.ttf
[0.319s] -- Up-to-date: /home/quang/Downloads/rviz_ubuntu22_1.0/install/rviz_rendering/share/rviz_rendering/ogre_media/fonts/liberation-sans/LiberationSans-Bold.ttf
[0.319s] -- Up-to-date: /home/quang/Downloads/rviz_ubuntu22_1.0/install/rviz_rendering/share/rviz_rendering/ogre_media/fonts/liberation-sans/LiberationSans-Italic.ttf
[0.319s] -- Up-to-date: /home/quang/Downloads/rviz_ubuntu22_1.0/install/rviz_rendering/share/rviz_rendering/ogre_media/fonts/liberation-sans/SIL Open Font License.txt
[0.319s] -- Up-to-date: /home/quang/Downloads/rviz_ubuntu22_1.0/install/rviz_rendering/share/rviz_rendering/ogre_media/fonts/README.md
[0.319s] -- Up-to-date: /home/quang/Downloads/rviz_ubuntu22_1.0/install/rviz_rendering/share/ament_index/resource_index/package_run_dependencies/rviz_rendering
[0.319s] -- Up-to-date: /home/quang/Downloads/rviz_ubuntu22_1.0/install/rviz_rendering/share/ament_index/resource_index/parent_prefix_path/rviz_rendering
[0.319s] -- Up-to-date: /home/quang/Downloads/rviz_ubuntu22_1.0/install/rviz_rendering/share/rviz_rendering/environment/ament_prefix_path.sh
[0.319s] -- Up-to-date: /home/quang/Downloads/rviz_ubuntu22_1.0/install/rviz_rendering/share/rviz_rendering/environment/ament_prefix_path.dsv
[0.319s] -- Up-to-date: /home/quang/Downloads/rviz_ubuntu22_1.0/install/rviz_rendering/share/rviz_rendering/environment/path.sh
[0.320s] -- Up-to-date: /home/quang/Downloads/rviz_ubuntu22_1.0/install/rviz_rendering/share/rviz_rendering/environment/path.dsv
[0.320s] -- Up-to-date: /home/quang/Downloads/rviz_ubuntu22_1.0/install/rviz_rendering/share/rviz_rendering/local_setup.bash
[0.320s] -- Up-to-date: /home/quang/Downloads/rviz_ubuntu22_1.0/install/rviz_rendering/share/rviz_rendering/local_setup.sh
[0.320s] -- Up-to-date: /home/quang/Downloads/rviz_ubuntu22_1.0/install/rviz_rendering/share/rviz_rendering/local_setup.zsh
[0.320s] -- Up-to-date: /home/quang/Downloads/rviz_ubuntu22_1.0/install/rviz_rendering/share/rviz_rendering/local_setup.dsv
[0.320s] -- Installing: /home/quang/Downloads/rviz_ubuntu22_1.0/install/rviz_rendering/share/rviz_rendering/package.dsv
[0.320s] -- Up-to-date: /home/quang/Downloads/rviz_ubuntu22_1.0/install/rviz_rendering/share/ament_index/resource_index/packages/rviz_rendering
[0.320s] -- Up-to-date: /home/quang/Downloads/rviz_ubuntu22_1.0/install/rviz_rendering/share/rviz_rendering/cmake/rviz_renderingExport.cmake
[0.320s] -- Up-to-date: /home/quang/Downloads/rviz_ubuntu22_1.0/install/rviz_rendering/share/rviz_rendering/cmake/rviz_renderingExport-noconfig.cmake
[0.320s] -- Up-to-date: /home/quang/Downloads/rviz_ubuntu22_1.0/install/rviz_rendering/share/rviz_rendering/cmake/rviz_rendering-extras.cmake
[0.320s] -- Up-to-date: /home/quang/Downloads/rviz_ubuntu22_1.0/install/rviz_rendering/share/rviz_rendering/cmake/register_rviz_ogre_media_exports_hook-extras.cmake
[0.320s] -- Up-to-date: /home/quang/Downloads/rviz_ubuntu22_1.0/install/rviz_rendering/share/rviz_rendering/cmake/register_rviz_ogre_media_exports.cmake
[0.321s] -- Up-to-date: /home/quang/Downloads/rviz_ubuntu22_1.0/install/rviz_rendering/share/rviz_rendering/cmake/ament_cmake_export_dependencies-extras.cmake
[0.321s] -- Up-to-date: /home/quang/Downloads/rviz_ubuntu22_1.0/install/rviz_rendering/share/rviz_rendering/cmake/ament_cmake_export_include_directories-extras.cmake
[0.321s] -- Up-to-date: /home/quang/Downloads/rviz_ubuntu22_1.0/install/rviz_rendering/share/rviz_rendering/cmake/ament_cmake_export_libraries-extras.cmake
[0.321s] -- Up-to-date: /home/quang/Downloads/rviz_ubuntu22_1.0/install/rviz_rendering/share/rviz_rendering/cmake/ament_cmake_export_targets-extras.cmake
[0.321s] -- Up-to-date: /home/quang/Downloads/rviz_ubuntu22_1.0/install/rviz_rendering/share/rviz_rendering/cmake/rviz_renderingConfig.cmake
[0.321s] -- Up-to-date: /home/quang/Downloads/rviz_ubuntu22_1.0/install/rviz_rendering/share/rviz_rendering/cmake/rviz_renderingConfig-version.cmake
[0.321s] -- Up-to-date: /home/quang/Downloads/rviz_ubuntu22_1.0/install/rviz_rendering/share/rviz_rendering/package.xml
[0.322s] Invoked command in '/home/quang/Downloads/rviz_ubuntu22_1.0/build/rviz_rendering' returned '0': CMAKE_PREFIX_PATH=${CMAKE_PREFIX_PATH}:/opt/ros/humble /usr/bin/cmake --install /home/quang/Downloads/rviz_ubuntu22_1.0/build/rviz_rendering
