[0.011s] Invoking command in '/home/quang/Downloads/rviz_ubuntu22_1.0/build/tomo_ui': CMAKE_PREFIX_PATH=${CMAKE_PREFIX_PATH}:/opt/ros/humble /usr/bin/cmake --build /home/quang/Downloads/rviz_ubuntu22_1.0/build/tomo_ui -- -j12 -l12
[0.058s] [ 14%] [34m[1mAutomatic MOC and UIC for target tomo_ui[0m
[0.078s] [ 14%] Built target tomo_ui_autogen
[0.090s] [ 28%] [34m[1mAutomatic RCC for src/qml.qrc[0m
[0.114s] [35m[1mConsolidate compiler generated dependencies of target tomo_ui[0m
[0.139s] [ 42%] [32mBuilding CXX object CMakeFiles/tomo_ui.dir/tomo_ui_autogen/UVLADIE3JM/qrc_qml.cpp.o[0m
[0.169s] [ 57%] [32m[1mLinking CXX executable tomo_ui[0m
[0.976s] [100%] Built target tomo_ui
[0.986s] Invoked command in '/home/quang/Downloads/rviz_ubuntu22_1.0/build/tomo_ui' returned '0': CMAKE_PREFIX_PATH=${CMAKE_PREFIX_PATH}:/opt/ros/humble /usr/bin/cmake --build /home/quang/Downloads/rviz_ubuntu22_1.0/build/tomo_ui -- -j12 -l12
[1.019s] Invoking command in '/home/quang/Downloads/rviz_ubuntu22_1.0/build/tomo_ui': CMAKE_PREFIX_PATH=${CMAKE_PREFIX_PATH}:/opt/ros/humble /usr/bin/cmake --install /home/quang/Downloads/rviz_ubuntu22_1.0/build/tomo_ui
[1.026s] -- Install configuration: "RelWithDebInfo"
[1.027s] -- Installing: /home/quang/Downloads/rviz_ubuntu22_1.0/install/tomo_ui/bin/tomo_ui
[1.028s] -- Set runtime path of "/home/quang/Downloads/rviz_ubuntu22_1.0/install/tomo_ui/bin/tomo_ui" to "/opt/ros/humble/lib:/usr/local/lib:/opt/ros/humble/opt/rviz_ogre_vendor/lib:/opt/ros/humble/lib/x86_64-linux-gnu"
[1.029s] -- Installing: /home/quang/Downloads/rviz_ubuntu22_1.0/install/tomo_ui/lib/tomo_ui/tomo_ui
[1.030s] -- Set runtime path of "/home/quang/Downloads/rviz_ubuntu22_1.0/install/tomo_ui/lib/tomo_ui/tomo_ui" to "/opt/ros/humble/lib:/usr/local/lib:/opt/ros/humble/opt/rviz_ogre_vendor/lib:/opt/ros/humble/lib/x86_64-linux-gnu"
[1.031s] -- Up-to-date: /home/quang/Downloads/rviz_ubuntu22_1.0/install/tomo_ui/share/tomo_ui/launch
[1.031s] -- Up-to-date: /home/quang/Downloads/rviz_ubuntu22_1.0/install/tomo_ui/share/tomo_ui/launch/test_call_rviz_launch.py
[1.031s] -- Up-to-date: /home/quang/Downloads/rviz_ubuntu22_1.0/install/tomo_ui/share/tomo_ui/launch/tomo_ui.launch.py
[1.031s] -- Up-to-date: /home/quang/Downloads/rviz_ubuntu22_1.0/install/tomo_ui/share/tomo_ui/launch
[1.031s] -- Up-to-date: /home/quang/Downloads/rviz_ubuntu22_1.0/install/tomo_ui/share/tomo_ui/launch/test_call_rviz_launch.py
[1.031s] -- Up-to-date: /home/quang/Downloads/rviz_ubuntu22_1.0/install/tomo_ui/share/tomo_ui/launch/tomo_ui.launch.py
[1.031s] -- Up-to-date: /home/quang/Downloads/rviz_ubuntu22_1.0/install/tomo_ui/share/tomo_ui/config
[1.031s] -- Up-to-date: /home/quang/Downloads/rviz_ubuntu22_1.0/install/tomo_ui/share/tomo_ui/config/ssh
[1.031s] -- Up-to-date: /home/quang/Downloads/rviz_ubuntu22_1.0/install/tomo_ui/share/tomo_ui/config/ssh/4_Sequence_5.exp
[1.031s] -- Up-to-date: /home/quang/Downloads/rviz_ubuntu22_1.0/install/tomo_ui/share/tomo_ui/config/ssh/1_PMAS_0.exp
[1.031s] -- Up-to-date: /home/quang/Downloads/rviz_ubuntu22_1.0/install/tomo_ui/share/tomo_ui/config/ssh/10_TestScript_10.exp
[1.031s] -- Up-to-date: /home/quang/Downloads/rviz_ubuntu22_1.0/install/tomo_ui/share/tomo_ui/config/ssh/2_Control_2.exp
[1.031s] -- Up-to-date: /home/quang/Downloads/rviz_ubuntu22_1.0/install/tomo_ui/share/tomo_ui/config/ssh/3_Planner_3.exp
[1.031s] -- Up-to-date: /home/quang/Downloads/rviz_ubuntu22_1.0/install/tomo_ui/share/tomo_ui/config/tomo_sm.yaml
[1.032s] -- Up-to-date: /home/quang/Downloads/rviz_ubuntu22_1.0/install/tomo_ui/share/tomo_ui/config/kinematics.yaml
[1.032s] -- Up-to-date: /home/quang/Downloads/rviz_ubuntu22_1.0/install/tomo_ui/share/tomo_ui/config/tomo_ui.yaml
[1.032s] -- Up-to-date: /home/quang/Downloads/rviz_ubuntu22_1.0/install/tomo_ui/share/tomo_ui/config/tomospc_moveit.rviz
[1.032s] -- Up-to-date: /home/quang/Downloads/rviz_ubuntu22_1.0/install/tomo_ui/lib/tomo_ui/tomo_ui
[1.032s] -- Up-to-date: /home/quang/Downloads/rviz_ubuntu22_1.0/install/tomo_ui/share/tomo_ui/launch
[1.032s] -- Up-to-date: /home/quang/Downloads/rviz_ubuntu22_1.0/install/tomo_ui/share/tomo_ui/launch/test_call_rviz_launch.py
[1.032s] -- Up-to-date: /home/quang/Downloads/rviz_ubuntu22_1.0/install/tomo_ui/share/tomo_ui/launch/tomo_ui.launch.py
[1.032s] -- Up-to-date: /home/quang/Downloads/rviz_ubuntu22_1.0/install/tomo_ui/bin/tomo_ui
[1.033s] -- Up-to-date: /home/quang/Downloads/rviz_ubuntu22_1.0/install/tomo_ui/share/tomo_ui/environment/library_path.sh
[1.033s] -- Up-to-date: /home/quang/Downloads/rviz_ubuntu22_1.0/install/tomo_ui/share/tomo_ui/environment/library_path.dsv
[1.033s] -- Up-to-date: /home/quang/Downloads/rviz_ubuntu22_1.0/install/tomo_ui/share/ament_index/resource_index/package_run_dependencies/tomo_ui
[1.033s] -- Up-to-date: /home/quang/Downloads/rviz_ubuntu22_1.0/install/tomo_ui/share/ament_index/resource_index/parent_prefix_path/tomo_ui
[1.033s] -- Up-to-date: /home/quang/Downloads/rviz_ubuntu22_1.0/install/tomo_ui/share/tomo_ui/environment/ament_prefix_path.sh
[1.033s] -- Up-to-date: /home/quang/Downloads/rviz_ubuntu22_1.0/install/tomo_ui/share/tomo_ui/environment/ament_prefix_path.dsv
[1.033s] -- Up-to-date: /home/quang/Downloads/rviz_ubuntu22_1.0/install/tomo_ui/share/tomo_ui/environment/path.sh
[1.033s] -- Up-to-date: /home/quang/Downloads/rviz_ubuntu22_1.0/install/tomo_ui/share/tomo_ui/environment/path.dsv
[1.033s] -- Up-to-date: /home/quang/Downloads/rviz_ubuntu22_1.0/install/tomo_ui/share/tomo_ui/local_setup.bash
[1.034s] -- Up-to-date: /home/quang/Downloads/rviz_ubuntu22_1.0/install/tomo_ui/share/tomo_ui/local_setup.sh
[1.034s] -- Up-to-date: /home/quang/Downloads/rviz_ubuntu22_1.0/install/tomo_ui/share/tomo_ui/local_setup.zsh
[1.034s] -- Up-to-date: /home/quang/Downloads/rviz_ubuntu22_1.0/install/tomo_ui/share/tomo_ui/local_setup.dsv
[1.034s] -- Installing: /home/quang/Downloads/rviz_ubuntu22_1.0/install/tomo_ui/share/tomo_ui/package.dsv
[1.034s] -- Up-to-date: /home/quang/Downloads/rviz_ubuntu22_1.0/install/tomo_ui/share/ament_index/resource_index/packages/tomo_ui
[1.034s] -- Up-to-date: /home/quang/Downloads/rviz_ubuntu22_1.0/install/tomo_ui/share/tomo_ui/cmake/ament_cmake_export_include_directories-extras.cmake
[1.034s] -- Up-to-date: /home/quang/Downloads/rviz_ubuntu22_1.0/install/tomo_ui/share/tomo_ui/cmake/ament_cmake_export_libraries-extras.cmake
[1.034s] -- Up-to-date: /home/quang/Downloads/rviz_ubuntu22_1.0/install/tomo_ui/share/tomo_ui/cmake/ament_cmake_export_dependencies-extras.cmake
[1.034s] -- Up-to-date: /home/quang/Downloads/rviz_ubuntu22_1.0/install/tomo_ui/share/tomo_ui/cmake/tomo_uiConfig.cmake
[1.035s] -- Up-to-date: /home/quang/Downloads/rviz_ubuntu22_1.0/install/tomo_ui/share/tomo_ui/cmake/tomo_uiConfig-version.cmake
[1.035s] -- Up-to-date: /home/quang/Downloads/rviz_ubuntu22_1.0/install/tomo_ui/share/tomo_ui/package.xml
[1.035s] Invoked command in '/home/quang/Downloads/rviz_ubuntu22_1.0/build/tomo_ui' returned '0': CMAKE_PREFIX_PATH=${CMAKE_PREFIX_PATH}:/opt/ros/humble /usr/bin/cmake --install /home/quang/Downloads/rviz_ubuntu22_1.0/build/tomo_ui
