[0.009s] Invoking command in '/home/quang/Downloads/rviz_ubuntu22_1.0/build/rviz_rendering': CMAKE_PREFIX_PATH=/opt/ros/humble /usr/bin/cmake /home/quang/Downloads/rviz_ubuntu22_1.0/src/tomo_rviz/rviz_rendering -DCMAKE_INSTALL_PREFIX=/home/quang/Downloads/rviz_ubuntu22_1.0/install/rviz_rendering
[0.058s] -- The C compiler identification is GNU 11.4.0
[0.107s] -- The CXX compiler identification is GNU 11.4.0
[0.113s] -- Detecting C compiler ABI info
[0.174s] -- Detecting C compiler ABI info - done
[0.181s] -- Check for working C compiler: /usr/bin/cc - skipped
[0.181s] -- Detecting C compile features
[0.182s] -- Detecting C compile features - done
[0.185s] -- Detecting CXX compiler ABI info
[0.254s] -- Detecting CXX compiler ABI info - done
[0.261s] -- Check for working CXX compiler: /usr/bin/c++ - skipped
[0.261s] -- Detecting CXX compile features
[0.262s] -- Detecting CXX compile features - done
[0.263s] -- Enabling tests requiring a display
[0.264s] -- Found ament_cmake: 1.3.10 (/opt/ros/humble/share/ament_cmake/cmake)
[0.392s] -- Found Python3: /usr/bin/python3 (found version "3.10.12") found components: Interpreter 
[0.461s] -- Found rviz_ogre_vendor: 11.2.13 (/opt/ros/humble/share/rviz_ogre_vendor/cmake)
[0.461s] -- Setting OGRE_DIR to: '/opt/ros/humble/share/rviz_ogre_vendor/cmake/../../../opt/rviz_ogre_vendor/lib/OGRE/cmake'
[0.462s] -- Found OGRE
[0.462s] --   static     : OFF
[0.462s] --   components : HLMS;MeshLodGenerator;Overlay;Paging;Property;RTShaderSystem;Terrain;Volume
[0.462s] --   plugins    : Plugin_BSPSceneManager;Plugin_OctreeSceneManager;Plugin_PCZSceneManager;Plugin_ParticleFX;RenderSystem_GL;RenderSystem_GL3Plus;Codec_STBI
[0.463s] --   media      : /opt/ros/humble/opt/rviz_ogre_vendor/share/OGRE/Media
[0.463s] -- OGRE_LIBRARIES: OgreHLMS;OgreMeshLodGenerator;OgreOverlay;OgrePaging;OgreProperty;OgreRTShaderSystem;OgreTerrain;OgreVolume;OgreMain
[0.463s] -- OGRE_LIBRARY_DIRS: /opt/ros/humble/opt/rviz_ogre_vendor/lib
[0.463s] -- OGRE_PLUGINS: Plugin_BSPSceneManager;Plugin_OctreeSceneManager;Plugin_PCZSceneManager;Plugin_ParticleFX;RenderSystem_GL;RenderSystem_GL3Plus;Codec_STBI
[0.463s] -- OGRE_PLUGIN_DIR: /opt/ros/humble/opt/rviz_ogre_vendor/lib/OGRE
[0.463s] -- rviz_ogre_vendor::OgreOverlay for IMPORTED_LOCATION_RELEASE: /opt/ros/humble/opt/rviz_ogre_vendor/lib/libOgreOverlay.so
[0.463s] -- rviz_ogre_vendor::OgreOverlay for IMPORTED_LOCATION_DEBUG: /opt/ros/humble/opt/rviz_ogre_vendor/lib/libOgreOverlay.so
[0.463s] -- rviz_ogre_vendor::OgreMain for IMPORTED_LOCATION_RELEASE: /opt/ros/humble/opt/rviz_ogre_vendor/lib/libOgreMain.so
[0.463s] -- rviz_ogre_vendor::OgreMain for IMPORTED_LOCATION_DEBUG: /opt/ros/humble/opt/rviz_ogre_vendor/lib/libOgreMain.so
[0.471s] -- Could not find freeimage library
[0.485s] -- Found ZLIB: /usr/lib/x86_64-linux-gnu/libz.so (found version "1.2.11") 
[0.488s] -- Found OpenGL: /usr/lib/x86_64-linux-gnu/libOpenGL.so   
[0.555s] -- Found X11: /usr/include   
[0.555s] -- Looking for XOpenDisplay in /usr/lib/x86_64-linux-gnu/libX11.so;/usr/lib/x86_64-linux-gnu/libXext.so
[0.619s] -- Looking for XOpenDisplay in /usr/lib/x86_64-linux-gnu/libX11.so;/usr/lib/x86_64-linux-gnu/libXext.so - found
[0.619s] -- Looking for gethostbyname
[0.680s] -- Looking for gethostbyname - found
[0.680s] -- Looking for connect
[0.741s] -- Looking for connect - found
[0.741s] -- Looking for remove
[0.801s] -- Looking for remove - found
[0.801s] -- Looking for shmat
[0.863s] -- Looking for shmat - found
[0.863s] -- Looking for IceConnectionNumber in ICE
[0.926s] -- Looking for IceConnectionNumber in ICE - found
[0.929s] -- Found rviz_assimp_vendor: 11.2.13 (/opt/ros/humble/share/rviz_assimp_vendor/cmake)
[0.929s] -- Setting assimp_DIR to: '/opt/ros/humble/share/rviz_assimp_vendor/cmake/../../../opt/rviz_assimp_vendor/lib/cmake/assimp-4.1'
[0.941s] -- Found ament_index_cpp: 1.4.0 (/opt/ros/humble/share/ament_index_cpp/cmake)
[0.943s] -- Found eigen3_cmake_module: 0.1.1 (/opt/ros/humble/share/eigen3_cmake_module/cmake)
[0.948s] -- Found Eigen3: TRUE (found version "3.4.0") 
[0.949s] -- Found resource_retriever: 3.1.2 (/opt/ros/humble/share/resource_retriever/cmake)
[1.004s] -- library: /usr/lib/x86_64-linux-gnu/libcurl.so
[1.008s] -- Found ament_lint_auto: 0.12.11 (/opt/ros/humble/share/ament_lint_auto/cmake)
[1.069s] -- Found gmock sources under '/opt/ros/humble/src/gmock_vendor': C++ tests using 'Google Mock' will be built
[1.071s] -- Found gtest sources under '/opt/ros/humble/src/gtest_vendor': C++ tests using 'Google Test' will be built
[1.085s] -- Added test 'cppcheck' to perform static code analysis on C / C++ code
[1.086s] -- Configured cppcheck include dirs: $<BUILD_INTERFACE:/home/quang/Downloads/rviz_ubuntu22_1.0/src/tomo_rviz/rviz_rendering/include>
[1.086s] -- Configured cppcheck exclude dirs and/or files: 
[1.092s] -- Added test 'cpplint' to check C / C++ code against the Google style
[1.092s] -- Configured cpplint exclude dirs and/or files: 
[1.094s] -- Added test 'lint_cmake' to check CMake code style
[1.101s] -- Added test 'uncrustify' to check C / C++ code style
[1.101s] -- Configured uncrustify additional arguments: 
[1.102s] -- Added test 'xmllint' to check XML markup files
[1.105s] -- Configuring done
[1.186s] -- Generating done
[1.188s] -- Build files have been written to: /home/quang/Downloads/rviz_ubuntu22_1.0/build/rviz_rendering
[1.194s] Invoked command in '/home/quang/Downloads/rviz_ubuntu22_1.0/build/rviz_rendering' returned '0': CMAKE_PREFIX_PATH=/opt/ros/humble /usr/bin/cmake /home/quang/Downloads/rviz_ubuntu22_1.0/src/tomo_rviz/rviz_rendering -DCMAKE_INSTALL_PREFIX=/home/quang/Downloads/rviz_ubuntu22_1.0/install/rviz_rendering
[1.196s] Invoking command in '/home/quang/Downloads/rviz_ubuntu22_1.0/build/rviz_rendering': CMAKE_PREFIX_PATH=/opt/ros/humble /usr/bin/cmake --build /home/quang/Downloads/rviz_ubuntu22_1.0/build/rviz_rendering -- -j12 -l12
[1.233s] [  1%] [34m[1mGenerating include/rviz_rendering/moc_render_window.cpp[0m
[1.244s] [  4%] [32mBuilding CXX object gmock/CMakeFiles/gmock.dir/opt/ros/humble/src/gtest_vendor/src/gtest-all.cc.o[0m
[1.244s] [  4%] [32mBuilding CXX object gmock/CMakeFiles/gmock_main.dir/src/gmock_main.cc.o[0m
[1.245s] [  6%] [32mBuilding CXX object gmock/CMakeFiles/gmock.dir/src/gmock-all.cc.o[0m
[1.266s] [  8%] [32mBuilding CXX object CMakeFiles/rviz_rendering.dir/include/rviz_rendering/moc_render_window.cpp.o[0m
[1.267s] [  9%] [32mBuilding CXX object CMakeFiles/rviz_rendering.dir/src/rviz_rendering/geometry.cpp.o[0m
[1.267s] [ 11%] [32mBuilding CXX object CMakeFiles/rviz_rendering.dir/src/rviz_rendering/viewport_projection_finder.cpp.o[0m
[1.267s] [ 12%] [32mBuilding CXX object CMakeFiles/rviz_rendering.dir/src/rviz_rendering/material_manager.cpp.o[0m
[1.268s] [ 16%] [32mBuilding CXX object CMakeFiles/rviz_rendering.dir/src/rviz_rendering/logging.cpp.o[0m
[1.268s] [ 16%] [32mBuilding CXX object CMakeFiles/rviz_rendering.dir/src/rviz_rendering/mesh_loader.cpp.o[0m
[1.270s] [ 17%] [32mBuilding CXX object CMakeFiles/rviz_rendering.dir/src/rviz_rendering/ogre_logging.cpp.o[0m
[1.273s] [ 19%] [32mBuilding CXX object CMakeFiles/rviz_rendering.dir/src/rviz_rendering/apply_visibility_bits.cpp.o[0m
[1.277s] [ 20%] [32mBuilding CXX object CMakeFiles/rviz_rendering.dir/src/rviz_rendering/ogre_render_window_impl.cpp.o[0m
[2.430s] [ 22%] [32mBuilding CXX object CMakeFiles/rviz_rendering.dir/src/rviz_rendering/orthographic.cpp.o[0m
[2.875s] [ 24%] [32mBuilding CXX object CMakeFiles/rviz_rendering.dir/src/rviz_rendering/render_system.cpp.o[0m
[3.299s] [ 25%] [32m[1mLinking CXX static library libgmock_main.a[0m
[3.494s] [ 25%] Built target gmock_main
[3.519s] [ 27%] [32mBuilding CXX object CMakeFiles/rviz_rendering.dir/src/rviz_rendering/render_window.cpp.o[0m
[3.718s] [ 29%] [32mBuilding CXX object CMakeFiles/rviz_rendering.dir/src/rviz_rendering/resource_config.cpp.o[0m
[3.779s] [ 30%] [32mBuilding CXX object CMakeFiles/rviz_rendering.dir/src/rviz_rendering/mesh_loader_helpers/stl_loader.cpp.o[0m
[3.964s] [ 32%] [32mBuilding CXX object CMakeFiles/rviz_rendering.dir/src/rviz_rendering/mesh_loader_helpers/assimp_loader.cpp.o[0m
[4.156s] [ 33%] [32mBuilding CXX object CMakeFiles/rviz_rendering.dir/src/rviz_rendering/string_helper.cpp.o[0m
[4.868s] [ 35%] [32mBuilding CXX object CMakeFiles/rviz_rendering.dir/src/rviz_rendering/objects/arrow.cpp.o[0m
[4.880s] [ 37%] [32mBuilding CXX object CMakeFiles/rviz_rendering.dir/src/rviz_rendering/objects/axes.cpp.o[0m
[5.037s] [ 38%] [32mBuilding CXX object CMakeFiles/rviz_rendering.dir/src/rviz_rendering/objects/billboard_line.cpp.o[0m
[5.282s] [ 40%] [32mBuilding CXX object CMakeFiles/rviz_rendering.dir/src/rviz_rendering/objects/covariance_visual.cpp.o[0m
[5.659s] [ 41%] [32mBuilding CXX object CMakeFiles/rviz_rendering.dir/src/rviz_rendering/objects/effort_visual.cpp.o[0m
[6.421s] [ 43%] [32mBuilding CXX object CMakeFiles/rviz_rendering.dir/src/rviz_rendering/objects/grid.cpp.o[0m
[7.768s] [ 45%] [32mBuilding CXX object CMakeFiles/rviz_rendering.dir/src/rviz_rendering/objects/line.cpp.o[0m
[9.197s] [ 46%] [32mBuilding CXX object CMakeFiles/rviz_rendering.dir/src/rviz_rendering/objects/movable_text.cpp.o[0m
[9.718s] [ 48%] [32mBuilding CXX object CMakeFiles/rviz_rendering.dir/src/rviz_rendering/objects/object.cpp.o[0m
[9.741s] [ 50%] [32m[1mLinking CXX static library libgmock.a[0m
[9.826s] [ 51%] [32mBuilding CXX object CMakeFiles/rviz_rendering.dir/src/rviz_rendering/objects/point_cloud.cpp.o[0m
[9.849s] [ 53%] [32mBuilding CXX object CMakeFiles/rviz_rendering.dir/src/rviz_rendering/objects/point_cloud_renderable.cpp.o[0m
[9.922s] [ 54%] [32mBuilding CXX object CMakeFiles/rviz_rendering.dir/src/rviz_rendering/objects/screw_visual.cpp.o[0m
[10.064s] [ 56%] [32mBuilding CXX object CMakeFiles/rviz_rendering.dir/src/rviz_rendering/objects/shape.cpp.o[0m
[10.072s] [ 56%] Built target gmock
[10.108s] [ 58%] [32mBuilding CXX object CMakeFiles/rviz_rendering.dir/src/rviz_rendering/objects/wrench_visual.cpp.o[0m
[17.902s] [ 59%] [32m[1mLinking CXX shared library librviz_rendering.so[0m
[18.407s] [ 59%] Built target rviz_rendering
[18.425s] [ 62%] [32mBuilding CXX object CMakeFiles/rviz_rendering_test_utils.dir/test/rviz_rendering/ogre_testing_environment.cpp.o[0m
[18.425s] [ 62%] [32mBuilding CXX object CMakeFiles/string_helper_test.dir/test/rviz_rendering/string_helper_test.cpp.o[0m
[18.425s] [ 64%] [32mBuilding CXX object CMakeFiles/rviz_rendering_test_utils.dir/test/rviz_rendering/scene_graph_introspection.cpp.o[0m
[19.402s] [ 66%] [32m[1mLinking CXX executable string_helper_test[0m
[19.612s] [ 66%] Built target string_helper_test
[20.367s] [ 67%] [32m[1mLinking CXX static library librviz_rendering_test_utils.a[0m
[20.424s] [ 67%] Built target rviz_rendering_test_utils
[20.461s] [ 69%] [32mBuilding CXX object CMakeFiles/effort_visual_test_target.dir/test/rviz_rendering/objects/effort_visual_test.cpp.o[0m
[20.461s] [ 70%] [32mBuilding CXX object CMakeFiles/movable_text_test_target.dir/test/rviz_rendering/objects/movable_text_test.cpp.o[0m
[20.461s] [ 72%] [32mBuilding CXX object CMakeFiles/covariance_visual_test_target.dir/test/rviz_rendering/objects/covariance_visual_test.cpp.o[0m
[20.462s] [ 74%] [32mBuilding CXX object CMakeFiles/point_cloud_renderable_test_target.dir/test/rviz_rendering/objects/point_cloud_renderable_test.cpp.o[0m
[20.465s] [ 75%] [32mBuilding CXX object CMakeFiles/point_cloud_test_target.dir/test/rviz_rendering/objects/point_cloud_test.cpp.o[0m
[20.465s] [ 77%] [32mBuilding CXX object CMakeFiles/billboard_line_test_target.dir/test/rviz_rendering/objects/billboard_line_test.cpp.o[0m
[20.466s] [ 79%] [32mBuilding CXX object CMakeFiles/grid_test_target.dir/test/rviz_rendering/objects/grid_test.cpp.o[0m
[20.466s] [ 80%] [32mBuilding CXX object CMakeFiles/line_test_target.dir/test/rviz_rendering/objects/line_test.cpp.o[0m
[20.466s] [ 82%] [32mBuilding CXX object CMakeFiles/screw_visual_test_target.dir/test/rviz_rendering/objects/screw_visual_test.cpp.o[0m
[20.467s] [ 83%] [32mBuilding CXX object CMakeFiles/wrench_visual_test_target.dir/test/rviz_rendering/objects/wrench_visual_test.cpp.o[0m
[25.004s] [ 85%] [32m[1mLinking CXX executable movable_text_test_target[0m
[25.263s] [ 87%] [32m[1mLinking CXX executable effort_visual_test_target[0m
[25.592s] [ 88%] [32m[1mLinking CXX executable line_test_target[0m
[26.062s] [ 90%] [32m[1mLinking CXX executable grid_test_target[0m
[26.188s] [ 91%] [32m[1mLinking CXX executable billboard_line_test_target[0m
[26.270s] [ 91%] Built target movable_text_test_target
[26.280s] [ 93%] [32m[1mLinking CXX executable screw_visual_test_target[0m
[26.324s] [ 95%] [32m[1mLinking CXX executable wrench_visual_test_target[0m
[26.520s] [ 96%] [32m[1mLinking CXX executable point_cloud_renderable_test_target[0m
[26.565s] [ 96%] Built target effort_visual_test_target
[26.718s] [ 96%] Built target line_test_target
[27.261s] [ 96%] Built target billboard_line_test_target
[27.345s] [ 96%] Built target grid_test_target
[27.366s] [ 96%] Built target wrench_visual_test_target
[27.369s] [ 96%] Built target screw_visual_test_target
[27.434s] [ 96%] Built target point_cloud_renderable_test_target
[28.526s] [ 98%] [32m[1mLinking CXX executable covariance_visual_test_target[0m
[28.985s] [ 98%] Built target covariance_visual_test_target
[29.470s] [100%] [32m[1mLinking CXX executable point_cloud_test_target[0m
[29.970s] [100%] Built target point_cloud_test_target
[29.981s] Invoked command in '/home/quang/Downloads/rviz_ubuntu22_1.0/build/rviz_rendering' returned '0': CMAKE_PREFIX_PATH=/opt/ros/humble /usr/bin/cmake --build /home/quang/Downloads/rviz_ubuntu22_1.0/build/rviz_rendering -- -j12 -l12
[30.102s] Invoking command in '/home/quang/Downloads/rviz_ubuntu22_1.0/build/rviz_rendering': CMAKE_PREFIX_PATH=/opt/ros/humble /usr/bin/cmake --install /home/quang/Downloads/rviz_ubuntu22_1.0/build/rviz_rendering
[30.109s] -- Install configuration: ""
[30.109s] -- Installing: /home/quang/Downloads/rviz_ubuntu22_1.0/install/rviz_rendering/share/rviz_rendering/environment/library_path.sh
[30.109s] -- Installing: /home/quang/Downloads/rviz_ubuntu22_1.0/install/rviz_rendering/share/rviz_rendering/environment/library_path.dsv
[30.109s] -- Installing: /home/quang/Downloads/rviz_ubuntu22_1.0/install/rviz_rendering/lib/librviz_rendering.so
[30.116s] -- Set runtime path of "/home/quang/Downloads/rviz_ubuntu22_1.0/install/rviz_rendering/lib/librviz_rendering.so" to ""
[30.116s] -- Installing: /home/quang/Downloads/rviz_ubuntu22_1.0/install/rviz_rendering/include/rviz_rendering
[30.116s] -- Installing: /home/quang/Downloads/rviz_ubuntu22_1.0/install/rviz_rendering/include/rviz_rendering/rviz_rendering
[30.116s] -- Installing: /home/quang/Downloads/rviz_ubuntu22_1.0/install/rviz_rendering/include/rviz_rendering/rviz_rendering/custom_parameter_indices.hpp
[30.116s] -- Installing: /home/quang/Downloads/rviz_ubuntu22_1.0/install/rviz_rendering/include/rviz_rendering/rviz_rendering/logging_handler.hpp
[30.116s] -- Installing: /home/quang/Downloads/rviz_ubuntu22_1.0/install/rviz_rendering/include/rviz_rendering/rviz_rendering/material_manager.hpp
[30.116s] -- Installing: /home/quang/Downloads/rviz_ubuntu22_1.0/install/rviz_rendering/include/rviz_rendering/rviz_rendering/render_system.hpp
[30.116s] -- Installing: /home/quang/Downloads/rviz_ubuntu22_1.0/install/rviz_rendering/include/rviz_rendering/rviz_rendering/rviz_rendering.hpp
[30.116s] -- Installing: /home/quang/Downloads/rviz_ubuntu22_1.0/install/rviz_rendering/include/rviz_rendering/rviz_rendering/objects
[30.116s] -- Installing: /home/quang/Downloads/rviz_ubuntu22_1.0/install/rviz_rendering/include/rviz_rendering/rviz_rendering/objects/wrench_visual.hpp
[30.117s] -- Installing: /home/quang/Downloads/rviz_ubuntu22_1.0/install/rviz_rendering/include/rviz_rendering/rviz_rendering/objects/grid.hpp
[30.117s] -- Installing: /home/quang/Downloads/rviz_ubuntu22_1.0/install/rviz_rendering/include/rviz_rendering/rviz_rendering/objects/object.hpp
[30.117s] -- Installing: /home/quang/Downloads/rviz_ubuntu22_1.0/install/rviz_rendering/include/rviz_rendering/rviz_rendering/objects/line.hpp
[30.117s] -- Installing: /home/quang/Downloads/rviz_ubuntu22_1.0/install/rviz_rendering/include/rviz_rendering/rviz_rendering/objects/point_cloud.hpp
[30.117s] -- Installing: /home/quang/Downloads/rviz_ubuntu22_1.0/install/rviz_rendering/include/rviz_rendering/rviz_rendering/objects/movable_text.hpp
[30.117s] -- Installing: /home/quang/Downloads/rviz_ubuntu22_1.0/install/rviz_rendering/include/rviz_rendering/rviz_rendering/objects/arrow.hpp
[30.117s] -- Installing: /home/quang/Downloads/rviz_ubuntu22_1.0/install/rviz_rendering/include/rviz_rendering/rviz_rendering/objects/screw_visual.hpp
[30.117s] -- Installing: /home/quang/Downloads/rviz_ubuntu22_1.0/install/rviz_rendering/include/rviz_rendering/rviz_rendering/objects/covariance_visual.hpp
[30.117s] -- Installing: /home/quang/Downloads/rviz_ubuntu22_1.0/install/rviz_rendering/include/rviz_rendering/rviz_rendering/objects/effort_visual.hpp
[30.117s] -- Installing: /home/quang/Downloads/rviz_ubuntu22_1.0/install/rviz_rendering/include/rviz_rendering/rviz_rendering/objects/shape.hpp
[30.117s] -- Installing: /home/quang/Downloads/rviz_ubuntu22_1.0/install/rviz_rendering/include/rviz_rendering/rviz_rendering/objects/billboard_line.hpp
[30.117s] -- Installing: /home/quang/Downloads/rviz_ubuntu22_1.0/install/rviz_rendering/include/rviz_rendering/rviz_rendering/objects/point_cloud_renderable.hpp
[30.118s] -- Installing: /home/quang/Downloads/rviz_ubuntu22_1.0/install/rviz_rendering/include/rviz_rendering/rviz_rendering/objects/axes.hpp
[30.118s] -- Installing: /home/quang/Downloads/rviz_ubuntu22_1.0/install/rviz_rendering/include/rviz_rendering/rviz_rendering/resource_config.hpp
[30.118s] -- Installing: /home/quang/Downloads/rviz_ubuntu22_1.0/install/rviz_rendering/include/rviz_rendering/rviz_rendering/orthographic.hpp
[30.118s] -- Installing: /home/quang/Downloads/rviz_ubuntu22_1.0/install/rviz_rendering/include/rviz_rendering/rviz_rendering/geometry.hpp
[30.118s] -- Installing: /home/quang/Downloads/rviz_ubuntu22_1.0/install/rviz_rendering/include/rviz_rendering/rviz_rendering/ogre_logging.hpp
[30.118s] -- Installing: /home/quang/Downloads/rviz_ubuntu22_1.0/install/rviz_rendering/include/rviz_rendering/rviz_rendering/apply_visibility_bits.hpp
[30.118s] -- Installing: /home/quang/Downloads/rviz_ubuntu22_1.0/install/rviz_rendering/include/rviz_rendering/rviz_rendering/logging.hpp
[30.118s] -- Installing: /home/quang/Downloads/rviz_ubuntu22_1.0/install/rviz_rendering/include/rviz_rendering/rviz_rendering/render_window.hpp
[30.118s] -- Installing: /home/quang/Downloads/rviz_ubuntu22_1.0/install/rviz_rendering/include/rviz_rendering/rviz_rendering/visibility_control.hpp
[30.118s] -- Installing: /home/quang/Downloads/rviz_ubuntu22_1.0/install/rviz_rendering/include/rviz_rendering/rviz_rendering/mesh_loader.hpp
[30.119s] -- Installing: /home/quang/Downloads/rviz_ubuntu22_1.0/install/rviz_rendering/include/rviz_rendering/rviz_rendering/viewport_projection_finder.hpp
[30.119s] -- Installing: /home/quang/Downloads/rviz_ubuntu22_1.0/install/rviz_rendering/share/rviz_rendering/cmake
[30.119s] -- Installing: /home/quang/Downloads/rviz_ubuntu22_1.0/install/rviz_rendering/share/rviz_rendering/cmake/register_rviz_ogre_media_exports_hook-extras.cmake
[30.119s] -- Installing: /home/quang/Downloads/rviz_ubuntu22_1.0/install/rviz_rendering/share/rviz_rendering/cmake/register_rviz_ogre_media_exports.cmake
[30.119s] -- Installing: /home/quang/Downloads/rviz_ubuntu22_1.0/install/rviz_rendering/share/rviz_rendering/cmake/register_rviz_ogre_media_exports_hook.cmake
[30.119s] -- Installing: /home/quang/Downloads/rviz_ubuntu22_1.0/install/rviz_rendering/share/rviz_rendering/ogre_media
[30.119s] -- Installing: /home/quang/Downloads/rviz_ubuntu22_1.0/install/rviz_rendering/share/rviz_rendering/ogre_media/textures
[30.119s] -- Installing: /home/quang/Downloads/rviz_ubuntu22_1.0/install/rviz_rendering/share/rviz_rendering/ogre_media/textures/test_20x20.png
[30.119s] -- Installing: /home/quang/Downloads/rviz_ubuntu22_1.0/install/rviz_rendering/share/rviz_rendering/ogre_media/textures/no_image.png
[30.119s] -- Installing: /home/quang/Downloads/rviz_ubuntu22_1.0/install/rviz_rendering/share/rviz_rendering/ogre_media/materials
[30.119s] -- Installing: /home/quang/Downloads/rviz_ubuntu22_1.0/install/rviz_rendering/share/rviz_rendering/ogre_media/materials/glsl150
[30.119s] -- Installing: /home/quang/Downloads/rviz_ubuntu22_1.0/install/rviz_rendering/share/rviz_rendering/ogre_media/materials/glsl150/pass_pos_color.vert
[30.120s] -- Installing: /home/quang/Downloads/rviz_ubuntu22_1.0/install/rviz_rendering/share/rviz_rendering/ogre_media/materials/glsl150/billboard.geom
[30.120s] -- Installing: /home/quang/Downloads/rviz_ubuntu22_1.0/install/rviz_rendering/share/rviz_rendering/ogre_media/materials/glsl150/box.geom
[30.120s] -- Installing: /home/quang/Downloads/rviz_ubuntu22_1.0/install/rviz_rendering/share/rviz_rendering/ogre_media/materials/glsl150/glsl150.program
[30.120s] -- Installing: /home/quang/Downloads/rviz_ubuntu22_1.0/install/rviz_rendering/share/rviz_rendering/ogre_media/materials/scripts
[30.120s] -- Installing: /home/quang/Downloads/rviz_ubuntu22_1.0/install/rviz_rendering/share/rviz_rendering/ogre_media/materials/scripts/indexed_8bit_image.material
[30.120s] -- Installing: /home/quang/Downloads/rviz_ubuntu22_1.0/install/rviz_rendering/share/rviz_rendering/ogre_media/materials/scripts/default_pick_and_depth.material
[30.120s] -- Installing: /home/quang/Downloads/rviz_ubuntu22_1.0/install/rviz_rendering/share/rviz_rendering/ogre_media/materials/scripts/point_cloud_point.material
[30.120s] -- Installing: /home/quang/Downloads/rviz_ubuntu22_1.0/install/rviz_rendering/share/rviz_rendering/ogre_media/materials/scripts/point_cloud_tile.material
[30.120s] -- Installing: /home/quang/Downloads/rviz_ubuntu22_1.0/install/rviz_rendering/share/rviz_rendering/ogre_media/materials/glsl120
[30.120s] -- Installing: /home/quang/Downloads/rviz_ubuntu22_1.0/install/rviz_rendering/share/rviz_rendering/ogre_media/materials/glsl120/indexed_8bit_image.frag
[30.120s] -- Installing: /home/quang/Downloads/rviz_ubuntu22_1.0/install/rviz_rendering/share/rviz_rendering/ogre_media/materials/glsl120/pass_color_circle.frag
[30.121s] -- Installing: /home/quang/Downloads/rviz_ubuntu22_1.0/install/rviz_rendering/share/rviz_rendering/ogre_media/materials/glsl120/smooth_square.frag
[30.121s] -- Installing: /home/quang/Downloads/rviz_ubuntu22_1.0/install/rviz_rendering/share/rviz_rendering/ogre_media/materials/glsl120/depth.vert
[30.121s] -- Installing: /home/quang/Downloads/rviz_ubuntu22_1.0/install/rviz_rendering/share/rviz_rendering/ogre_media/materials/glsl120/black.frag
[30.121s] -- Installing: /home/quang/Downloads/rviz_ubuntu22_1.0/install/rviz_rendering/share/rviz_rendering/ogre_media/materials/glsl120/shaded_circle.frag
[30.121s] -- Installing: /home/quang/Downloads/rviz_ubuntu22_1.0/install/rviz_rendering/share/rviz_rendering/ogre_media/materials/glsl120/depth_circle.frag
[30.121s] -- Installing: /home/quang/Downloads/rviz_ubuntu22_1.0/install/rviz_rendering/share/rviz_rendering/ogre_media/materials/glsl120/nogp
[30.121s] -- Installing: /home/quang/Downloads/rviz_ubuntu22_1.0/install/rviz_rendering/share/rviz_rendering/ogre_media/materials/glsl120/nogp/box.vert
[30.121s] -- Installing: /home/quang/Downloads/rviz_ubuntu22_1.0/install/rviz_rendering/share/rviz_rendering/ogre_media/materials/glsl120/nogp/box.frag
[30.121s] -- Installing: /home/quang/Downloads/rviz_ubuntu22_1.0/install/rviz_rendering/share/rviz_rendering/ogre_media/materials/glsl120/nogp/nogp.program
[30.121s] -- Installing: /home/quang/Downloads/rviz_ubuntu22_1.0/install/rviz_rendering/share/rviz_rendering/ogre_media/materials/glsl120/nogp/billboard.vert
[30.122s] -- Installing: /home/quang/Downloads/rviz_ubuntu22_1.0/install/rviz_rendering/share/rviz_rendering/ogre_media/materials/glsl120/nogp/billboard_tile.vert
[30.122s] -- Installing: /home/quang/Downloads/rviz_ubuntu22_1.0/install/rviz_rendering/share/rviz_rendering/ogre_media/materials/glsl120/pickcolor_circle.frag
[30.122s] -- Installing: /home/quang/Downloads/rviz_ubuntu22_1.0/install/rviz_rendering/share/rviz_rendering/ogre_media/materials/glsl120/flat_color.frag
[30.122s] -- Installing: /home/quang/Downloads/rviz_ubuntu22_1.0/install/rviz_rendering/share/rviz_rendering/ogre_media/materials/glsl120/glsl120.program
[30.122s] -- Installing: /home/quang/Downloads/rviz_ubuntu22_1.0/install/rviz_rendering/share/rviz_rendering/ogre_media/materials/glsl120/point.vert
[30.122s] -- Installing: /home/quang/Downloads/rviz_ubuntu22_1.0/install/rviz_rendering/share/rviz_rendering/ogre_media/materials/glsl120/test_glsl.sh
[30.122s] -- Installing: /home/quang/Downloads/rviz_ubuntu22_1.0/install/rviz_rendering/share/rviz_rendering/ogre_media/materials/glsl120/depth.frag
[30.122s] -- Installing: /home/quang/Downloads/rviz_ubuntu22_1.0/install/rviz_rendering/share/rviz_rendering/ogre_media/materials/glsl120/include
[30.122s] -- Installing: /home/quang/Downloads/rviz_ubuntu22_1.0/install/rviz_rendering/share/rviz_rendering/ogre_media/materials/glsl120/include/pass_depth.vert
[30.122s] -- Installing: /home/quang/Downloads/rviz_ubuntu22_1.0/install/rviz_rendering/share/rviz_rendering/ogre_media/materials/glsl120/include/pack_depth.frag
[30.122s] -- Installing: /home/quang/Downloads/rviz_ubuntu22_1.0/install/rviz_rendering/share/rviz_rendering/ogre_media/materials/glsl120/include/circle_impl.frag
[30.123s] -- Installing: /home/quang/Downloads/rviz_ubuntu22_1.0/install/rviz_rendering/share/rviz_rendering/ogre_media/materials/glsl120/indexed_8bit_image.vert
[30.123s] -- Installing: /home/quang/Downloads/rviz_ubuntu22_1.0/install/rviz_rendering/share/rviz_rendering/ogre_media/materials/glsl120/pass_color.frag
[30.123s] -- Installing: /home/quang/Downloads/rviz_ubuntu22_1.0/install/rviz_rendering/share/rviz_rendering/ogre_media/materials/glsl120/pickcolor.frag
[30.123s] -- Installing: /home/quang/Downloads/rviz_ubuntu22_1.0/install/rviz_rendering/share/rviz_rendering/ogre_media/materials/glsl120/flat_color_circle.frag
[30.123s] -- Installing: /home/quang/Downloads/rviz_ubuntu22_1.0/install/rviz_rendering/share/rviz_rendering/ogre_media/materials/scripts150
[30.123s] -- Installing: /home/quang/Downloads/rviz_ubuntu22_1.0/install/rviz_rendering/share/rviz_rendering/ogre_media/materials/scripts150/point_cloud_box.material
[30.123s] -- Installing: /home/quang/Downloads/rviz_ubuntu22_1.0/install/rviz_rendering/share/rviz_rendering/ogre_media/materials/scripts150/point_cloud_sphere.material
[30.123s] -- Installing: /home/quang/Downloads/rviz_ubuntu22_1.0/install/rviz_rendering/share/rviz_rendering/ogre_media/materials/scripts150/point_cloud_square.material
[30.123s] -- Installing: /home/quang/Downloads/rviz_ubuntu22_1.0/install/rviz_rendering/share/rviz_rendering/ogre_media/materials/scripts150/point_cloud_flat_square.material
[30.123s] -- Installing: /home/quang/Downloads/rviz_ubuntu22_1.0/install/rviz_rendering/share/rviz_rendering/ogre_media/materials/scripts120
[30.123s] -- Installing: /home/quang/Downloads/rviz_ubuntu22_1.0/install/rviz_rendering/share/rviz_rendering/ogre_media/materials/scripts120/point_cloud_box.material
[30.124s] -- Installing: /home/quang/Downloads/rviz_ubuntu22_1.0/install/rviz_rendering/share/rviz_rendering/ogre_media/materials/scripts120/point_cloud_sphere.material
[30.124s] -- Installing: /home/quang/Downloads/rviz_ubuntu22_1.0/install/rviz_rendering/share/rviz_rendering/ogre_media/materials/scripts120/point_cloud_square.material
[30.124s] -- Installing: /home/quang/Downloads/rviz_ubuntu22_1.0/install/rviz_rendering/share/rviz_rendering/ogre_media/materials/scripts120/point_cloud_flat_square.material
[30.124s] -- Installing: /home/quang/Downloads/rviz_ubuntu22_1.0/install/rviz_rendering/share/rviz_rendering/ogre_media/plugins.cfg
[30.124s] -- Installing: /home/quang/Downloads/rviz_ubuntu22_1.0/install/rviz_rendering/share/rviz_rendering/ogre_media/models
[30.124s] -- Installing: /home/quang/Downloads/rviz_ubuntu22_1.0/install/rviz_rendering/share/rviz_rendering/ogre_media/models/rviz_cone.mesh
[30.124s] -- Installing: /home/quang/Downloads/rviz_ubuntu22_1.0/install/rviz_rendering/share/rviz_rendering/ogre_media/models/rviz_sphere.mesh
[30.124s] -- Installing: /home/quang/Downloads/rviz_ubuntu22_1.0/install/rviz_rendering/share/rviz_rendering/ogre_media/models/rviz_cube.mesh
[30.124s] -- Installing: /home/quang/Downloads/rviz_ubuntu22_1.0/install/rviz_rendering/share/rviz_rendering/ogre_media/models/rviz_cylinder.mesh
[30.124s] -- Installing: /home/quang/Downloads/rviz_ubuntu22_1.0/install/rviz_rendering/share/rviz_rendering/ogre_media/fonts
[30.125s] -- Installing: /home/quang/Downloads/rviz_ubuntu22_1.0/install/rviz_rendering/share/rviz_rendering/ogre_media/fonts/liberation_sans.fontdef
[30.125s] -- Installing: /home/quang/Downloads/rviz_ubuntu22_1.0/install/rviz_rendering/share/rviz_rendering/ogre_media/fonts/liberation-sans
[30.125s] -- Installing: /home/quang/Downloads/rviz_ubuntu22_1.0/install/rviz_rendering/share/rviz_rendering/ogre_media/fonts/liberation-sans/LiberationSans-Regular.ttf
[30.125s] -- Installing: /home/quang/Downloads/rviz_ubuntu22_1.0/install/rviz_rendering/share/rviz_rendering/ogre_media/fonts/liberation-sans/LiberationSans-BoldItalic.ttf
[30.126s] -- Installing: /home/quang/Downloads/rviz_ubuntu22_1.0/install/rviz_rendering/share/rviz_rendering/ogre_media/fonts/liberation-sans/LiberationSans-Bold.ttf
[30.126s] -- Installing: /home/quang/Downloads/rviz_ubuntu22_1.0/install/rviz_rendering/share/rviz_rendering/ogre_media/fonts/liberation-sans/LiberationSans-Italic.ttf
[30.126s] -- Installing: /home/quang/Downloads/rviz_ubuntu22_1.0/install/rviz_rendering/share/rviz_rendering/ogre_media/fonts/liberation-sans/SIL Open Font License.txt
[30.126s] -- Installing: /home/quang/Downloads/rviz_ubuntu22_1.0/install/rviz_rendering/share/rviz_rendering/ogre_media/fonts/README.md
[30.127s] -- Installing: /home/quang/Downloads/rviz_ubuntu22_1.0/install/rviz_rendering/share/ament_index/resource_index/package_run_dependencies/rviz_rendering
[30.127s] -- Installing: /home/quang/Downloads/rviz_ubuntu22_1.0/install/rviz_rendering/share/ament_index/resource_index/parent_prefix_path/rviz_rendering
[30.127s] -- Installing: /home/quang/Downloads/rviz_ubuntu22_1.0/install/rviz_rendering/share/rviz_rendering/environment/ament_prefix_path.sh
[30.127s] -- Installing: /home/quang/Downloads/rviz_ubuntu22_1.0/install/rviz_rendering/share/rviz_rendering/environment/ament_prefix_path.dsv
[30.127s] -- Installing: /home/quang/Downloads/rviz_ubuntu22_1.0/install/rviz_rendering/share/rviz_rendering/environment/path.sh
[30.127s] -- Installing: /home/quang/Downloads/rviz_ubuntu22_1.0/install/rviz_rendering/share/rviz_rendering/environment/path.dsv
[30.127s] -- Installing: /home/quang/Downloads/rviz_ubuntu22_1.0/install/rviz_rendering/share/rviz_rendering/local_setup.bash
[30.127s] -- Installing: /home/quang/Downloads/rviz_ubuntu22_1.0/install/rviz_rendering/share/rviz_rendering/local_setup.sh
[30.127s] -- Installing: /home/quang/Downloads/rviz_ubuntu22_1.0/install/rviz_rendering/share/rviz_rendering/local_setup.zsh
[30.128s] -- Installing: /home/quang/Downloads/rviz_ubuntu22_1.0/install/rviz_rendering/share/rviz_rendering/local_setup.dsv
[30.128s] -- Installing: /home/quang/Downloads/rviz_ubuntu22_1.0/install/rviz_rendering/share/rviz_rendering/package.dsv
[30.128s] -- Installing: /home/quang/Downloads/rviz_ubuntu22_1.0/install/rviz_rendering/share/ament_index/resource_index/packages/rviz_rendering
[30.128s] -- Installing: /home/quang/Downloads/rviz_ubuntu22_1.0/install/rviz_rendering/share/rviz_rendering/cmake/rviz_renderingExport.cmake
[30.128s] -- Installing: /home/quang/Downloads/rviz_ubuntu22_1.0/install/rviz_rendering/share/rviz_rendering/cmake/rviz_renderingExport-noconfig.cmake
[30.128s] -- Installing: /home/quang/Downloads/rviz_ubuntu22_1.0/install/rviz_rendering/share/rviz_rendering/cmake/rviz_rendering-extras.cmake
[30.128s] -- Up-to-date: /home/quang/Downloads/rviz_ubuntu22_1.0/install/rviz_rendering/share/rviz_rendering/cmake/register_rviz_ogre_media_exports_hook-extras.cmake
[30.128s] -- Up-to-date: /home/quang/Downloads/rviz_ubuntu22_1.0/install/rviz_rendering/share/rviz_rendering/cmake/register_rviz_ogre_media_exports.cmake
[30.129s] -- Installing: /home/quang/Downloads/rviz_ubuntu22_1.0/install/rviz_rendering/share/rviz_rendering/cmake/ament_cmake_export_dependencies-extras.cmake
[30.129s] -- Installing: /home/quang/Downloads/rviz_ubuntu22_1.0/install/rviz_rendering/share/rviz_rendering/cmake/ament_cmake_export_include_directories-extras.cmake
[30.129s] -- Installing: /home/quang/Downloads/rviz_ubuntu22_1.0/install/rviz_rendering/share/rviz_rendering/cmake/ament_cmake_export_libraries-extras.cmake
[30.129s] -- Installing: /home/quang/Downloads/rviz_ubuntu22_1.0/install/rviz_rendering/share/rviz_rendering/cmake/ament_cmake_export_targets-extras.cmake
[30.129s] -- Installing: /home/quang/Downloads/rviz_ubuntu22_1.0/install/rviz_rendering/share/rviz_rendering/cmake/rviz_renderingConfig.cmake
[30.129s] -- Installing: /home/quang/Downloads/rviz_ubuntu22_1.0/install/rviz_rendering/share/rviz_rendering/cmake/rviz_renderingConfig-version.cmake
[30.129s] -- Installing: /home/quang/Downloads/rviz_ubuntu22_1.0/install/rviz_rendering/share/rviz_rendering/package.xml
[30.132s] Invoked command in '/home/quang/Downloads/rviz_ubuntu22_1.0/build/rviz_rendering' returned '0': CMAKE_PREFIX_PATH=/opt/ros/humble /usr/bin/cmake --install /home/quang/Downloads/rviz_ubuntu22_1.0/build/rviz_rendering
