[0.010s] Invoking command in '/home/quang/Downloads/rviz_ubuntu22_1.0/build/rviz_common': CMAKE_PREFIX_PATH=/home/quang/Downloads/rviz_ubuntu22_1.0/install/rviz_rendering:/home/quang/Downloads/rviz_ubuntu22_1.0/install/tomo_ui:/home/quang/Downloads/rviz_ubuntu22_1.0/install/rviz2:/home/quang/Downloads/rviz_ubuntu22_1.0/install/rviz_common:/opt/ros/humble LD_LIBRARY_PATH=/home/quang/Downloads/rviz_ubuntu22_1.0/install/rviz_rendering/lib:/home/quang/Downloads/rviz_ubuntu22_1.0/install/tomo_ui/lib:/home/quang/Downloads/rviz_ubuntu22_1.0/install/rviz_common/lib:/opt/ros/humble/opt/rviz_ogre_vendor/lib:/opt/ros/humble/lib/x86_64-linux-gnu:/opt/ros/humble/lib:/home/quang/Libraries/OpenCV_4.7.0/opencv/build/lib /usr/bin/cmake --build /home/quang/Downloads/rviz_ubuntu22_1.0/build/rviz_common -- -j12 -l12
[0.052s] [35m[1mConsolidate compiler generated dependencies of target gtest_main[0m
[0.052s] [35m[1mConsolidate compiler generated dependencies of target gmock_main[0m
[0.052s] [35m[1mConsolidate compiler generated dependencies of target gtest[0m
[0.052s] [35m[1mConsolidate compiler generated dependencies of target gmock[0m
[0.064s] [  1%] Built target gmock_main
[0.064s] [  1%] Built target gtest_main
[0.064s] [  2%] Built target gtest
[0.065s] [  3%] Built target gmock
[0.114s] [35m[1mConsolidate compiler generated dependencies of target rviz_common[0m
[0.322s] [ 83%] Built target rviz_common
[0.343s] [35m[1mConsolidate compiler generated dependencies of target rviz_common_uniform_string_stream_test[0m
[0.344s] [35m[1mConsolidate compiler generated dependencies of target rviz_common_config_test[0m
[0.344s] [35m[1mConsolidate compiler generated dependencies of target qos_profile_property_test[0m
[0.344s] [35m[1mConsolidate compiler generated dependencies of target identity_transformer_test[0m
[0.344s] [35m[1mConsolidate compiler generated dependencies of target rviz_common_ros_node_abstraction_test[0m
[0.344s] [35m[1mConsolidate compiler generated dependencies of target rviz_common_property_test[0m
[0.344s] [35m[1mConsolidate compiler generated dependencies of target frame_manager_test[0m
[0.344s] [35m[1mConsolidate compiler generated dependencies of target rviz_common_visualizer_app_test[0m
[0.344s] [35m[1mConsolidate compiler generated dependencies of target display_factory_test[0m
[0.344s] [35m[1mConsolidate compiler generated dependencies of target selection_handler_test[0m
[0.347s] [35m[1mConsolidate compiler generated dependencies of target rviz_common_display_test[0m
[0.351s] [35m[1mConsolidate compiler generated dependencies of target selection_manager_test[0m
[0.359s] [ 84%] Built target rviz_common_uniform_string_stream_test
[0.360s] [ 85%] Built target rviz_common_config_test
[0.366s] [ 85%] Built target qos_profile_property_test
[0.367s] [ 86%] Built target identity_transformer_test
[0.369s] [ 87%] Built target display_factory_test
[0.370s] [ 87%] Built target rviz_common_visualizer_app_test
[0.371s] [ 88%] Built target rviz_common_ros_node_abstraction_test
[0.372s] [ 91%] Built target rviz_common_property_test
[0.377s] [ 93%] Built target frame_manager_test
[0.378s] [ 95%] Built target selection_handler_test
[0.379s] [ 98%] Built target rviz_common_display_test
[0.384s] [100%] Built target selection_manager_test
[0.395s] Invoked command in '/home/quang/Downloads/rviz_ubuntu22_1.0/build/rviz_common' returned '0': CMAKE_PREFIX_PATH=/home/quang/Downloads/rviz_ubuntu22_1.0/install/rviz_rendering:/home/quang/Downloads/rviz_ubuntu22_1.0/install/tomo_ui:/home/quang/Downloads/rviz_ubuntu22_1.0/install/rviz2:/home/quang/Downloads/rviz_ubuntu22_1.0/install/rviz_common:/opt/ros/humble LD_LIBRARY_PATH=/home/quang/Downloads/rviz_ubuntu22_1.0/install/rviz_rendering/lib:/home/quang/Downloads/rviz_ubuntu22_1.0/install/tomo_ui/lib:/home/quang/Downloads/rviz_ubuntu22_1.0/install/rviz_common/lib:/opt/ros/humble/opt/rviz_ogre_vendor/lib:/opt/ros/humble/lib/x86_64-linux-gnu:/opt/ros/humble/lib:/home/quang/Libraries/OpenCV_4.7.0/opencv/build/lib /usr/bin/cmake --build /home/quang/Downloads/rviz_ubuntu22_1.0/build/rviz_common -- -j12 -l12
[0.834s] Invoking command in '/home/quang/Downloads/rviz_ubuntu22_1.0/build/rviz_common': CMAKE_PREFIX_PATH=/home/quang/Downloads/rviz_ubuntu22_1.0/install/rviz_rendering:/home/quang/Downloads/rviz_ubuntu22_1.0/install/tomo_ui:/home/quang/Downloads/rviz_ubuntu22_1.0/install/rviz2:/home/quang/Downloads/rviz_ubuntu22_1.0/install/rviz_common:/opt/ros/humble LD_LIBRARY_PATH=/home/quang/Downloads/rviz_ubuntu22_1.0/install/rviz_rendering/lib:/home/quang/Downloads/rviz_ubuntu22_1.0/install/tomo_ui/lib:/home/quang/Downloads/rviz_ubuntu22_1.0/install/rviz_common/lib:/opt/ros/humble/opt/rviz_ogre_vendor/lib:/opt/ros/humble/lib/x86_64-linux-gnu:/opt/ros/humble/lib:/home/quang/Libraries/OpenCV_4.7.0/opencv/build/lib /usr/bin/cmake --install /home/quang/Downloads/rviz_ubuntu22_1.0/build/rviz_common
[0.840s] -- Install configuration: ""
[0.840s] -- Up-to-date: /home/quang/Downloads/rviz_ubuntu22_1.0/install/rviz_common/share/rviz_common/environment/library_path.sh
[0.840s] -- Up-to-date: /home/quang/Downloads/rviz_ubuntu22_1.0/install/rviz_common/share/rviz_common/environment/library_path.dsv
[0.840s] -- Up-to-date: /home/quang/Downloads/rviz_ubuntu22_1.0/install/rviz_common/lib/librviz_common.so
[0.840s] -- Up-to-date: /home/quang/Downloads/rviz_ubuntu22_1.0/install/rviz_common/include/rviz_common
[0.841s] -- Up-to-date: /home/quang/Downloads/rviz_ubuntu22_1.0/install/rviz_common/include/rviz_common/rviz_common
[0.841s] -- Up-to-date: /home/quang/Downloads/rviz_ubuntu22_1.0/install/rviz_common/include/rviz_common/rviz_common/bit_allocator.hpp
[0.841s] -- Up-to-date: /home/quang/Downloads/rviz_ubuntu22_1.0/install/rviz_common/include/rviz_common/rviz_common/validate_floats.hpp
[0.841s] -- Up-to-date: /home/quang/Downloads/rviz_ubuntu22_1.0/install/rviz_common/include/rviz_common/rviz_common/viewport_mouse_event.hpp
[0.841s] -- Up-to-date: /home/quang/Downloads/rviz_ubuntu22_1.0/install/rviz_common/include/rviz_common/rviz_common/window_manager_interface.hpp
[0.841s] -- Up-to-date: /home/quang/Downloads/rviz_ubuntu22_1.0/install/rviz_common/include/rviz_common/rviz_common/ros_topic_display.hpp
[0.841s] -- Up-to-date: /home/quang/Downloads/rviz_ubuntu22_1.0/install/rviz_common/include/rviz_common/rviz_common/ros_integration
[0.841s] -- Up-to-date: /home/quang/Downloads/rviz_ubuntu22_1.0/install/rviz_common/include/rviz_common/rviz_common/ros_integration/ros_node_abstraction.hpp
[0.841s] -- Up-to-date: /home/quang/Downloads/rviz_ubuntu22_1.0/install/rviz_common/include/rviz_common/rviz_common/ros_integration/ros_client_abstraction.hpp
[0.841s] -- Up-to-date: /home/quang/Downloads/rviz_ubuntu22_1.0/install/rviz_common/include/rviz_common/rviz_common/ros_integration/ros_node_abstraction_iface.hpp
[0.841s] -- Up-to-date: /home/quang/Downloads/rviz_ubuntu22_1.0/install/rviz_common/include/rviz_common/rviz_common/ros_integration/ros_client_abstraction_iface.hpp
[0.842s] -- Up-to-date: /home/quang/Downloads/rviz_ubuntu22_1.0/install/rviz_common/include/rviz_common/rviz_common/view_manager.hpp
[0.842s] -- Up-to-date: /home/quang/Downloads/rviz_ubuntu22_1.0/install/rviz_common/include/rviz_common/rviz_common/tool.hpp
[0.842s] -- Up-to-date: /home/quang/Downloads/rviz_ubuntu22_1.0/install/rviz_common/include/rviz_common/rviz_common/factory
[0.842s] -- Up-to-date: /home/quang/Downloads/rviz_ubuntu22_1.0/install/rviz_common/include/rviz_common/rviz_common/factory/pluginlib_factory.hpp
[0.842s] -- Up-to-date: /home/quang/Downloads/rviz_ubuntu22_1.0/install/rviz_common/include/rviz_common/rviz_common/factory/class_id_recording_factory.hpp
[0.842s] -- Up-to-date: /home/quang/Downloads/rviz_ubuntu22_1.0/install/rviz_common/include/rviz_common/rviz_common/factory/factory.hpp
[0.842s] -- Up-to-date: /home/quang/Downloads/rviz_ubuntu22_1.0/install/rviz_common/include/rviz_common/rviz_common/msg_conversions.hpp
[0.842s] -- Up-to-date: /home/quang/Downloads/rviz_ubuntu22_1.0/install/rviz_common/include/rviz_common/rviz_common/visualizer_app.hpp
[0.842s] -- Up-to-date: /home/quang/Downloads/rviz_ubuntu22_1.0/install/rviz_common/include/rviz_common/rviz_common/frame_position_tracking_view_controller.hpp
[0.842s] -- Up-to-date: /home/quang/Downloads/rviz_ubuntu22_1.0/install/rviz_common/include/rviz_common/rviz_common/panel.hpp
[0.842s] -- Up-to-date: /home/quang/Downloads/rviz_ubuntu22_1.0/install/rviz_common/include/rviz_common/rviz_common/panel_dock_widget.hpp
[0.842s] -- Up-to-date: /home/quang/Downloads/rviz_ubuntu22_1.0/install/rviz_common/include/rviz_common/rviz_common/properties
[0.842s] -- Up-to-date: /home/quang/Downloads/rviz_ubuntu22_1.0/install/rviz_common/include/rviz_common/rviz_common/properties/display_visibility_property.hpp
[0.842s] -- Up-to-date: /home/quang/Downloads/rviz_ubuntu22_1.0/install/rviz_common/include/rviz_common/rviz_common/properties/bool_property.hpp
[0.842s] -- Up-to-date: /home/quang/Downloads/rviz_ubuntu22_1.0/install/rviz_common/include/rviz_common/rviz_common/properties/line_edit_with_button.hpp
[0.842s] -- Up-to-date: /home/quang/Downloads/rviz_ubuntu22_1.0/install/rviz_common/include/rviz_common/rviz_common/properties/property_tree_with_help.hpp
[0.842s] -- Up-to-date: /home/quang/Downloads/rviz_ubuntu22_1.0/install/rviz_common/include/rviz_common/rviz_common/properties/editable_enum_property.hpp
[0.843s] -- Up-to-date: /home/quang/Downloads/rviz_ubuntu22_1.0/install/rviz_common/include/rviz_common/rviz_common/properties/property_tree_delegate.hpp
[0.843s] -- Up-to-date: /home/quang/Downloads/rviz_ubuntu22_1.0/install/rviz_common/include/rviz_common/rviz_common/properties/status_property.hpp
[0.843s] -- Up-to-date: /home/quang/Downloads/rviz_ubuntu22_1.0/install/rviz_common/include/rviz_common/rviz_common/properties/property_tree_model.hpp
[0.843s] -- Up-to-date: /home/quang/Downloads/rviz_ubuntu22_1.0/install/rviz_common/include/rviz_common/rviz_common/properties/status_list.hpp
[0.843s] -- Up-to-date: /home/quang/Downloads/rviz_ubuntu22_1.0/install/rviz_common/include/rviz_common/rviz_common/properties/editable_combo_box.hpp
[0.843s] -- Up-to-date: /home/quang/Downloads/rviz_ubuntu22_1.0/install/rviz_common/include/rviz_common/rviz_common/properties/float_property.hpp
[0.843s] -- Up-to-date: /home/quang/Downloads/rviz_ubuntu22_1.0/install/rviz_common/include/rviz_common/rviz_common/properties/color_editor.hpp
[0.843s] -- Up-to-date: /home/quang/Downloads/rviz_ubuntu22_1.0/install/rviz_common/include/rviz_common/rviz_common/properties/string_property.hpp
[0.843s] -- Up-to-date: /home/quang/Downloads/rviz_ubuntu22_1.0/install/rviz_common/include/rviz_common/rviz_common/properties/float_edit.hpp
[0.843s] -- Up-to-date: /home/quang/Downloads/rviz_ubuntu22_1.0/install/rviz_common/include/rviz_common/rviz_common/properties/parse_color.hpp
[0.843s] -- Up-to-date: /home/quang/Downloads/rviz_ubuntu22_1.0/install/rviz_common/include/rviz_common/rviz_common/properties/display_group_visibility_property.hpp
[0.843s] -- Up-to-date: /home/quang/Downloads/rviz_ubuntu22_1.0/install/rviz_common/include/rviz_common/rviz_common/properties/vector_property.hpp
[0.843s] -- Up-to-date: /home/quang/Downloads/rviz_ubuntu22_1.0/install/rviz_common/include/rviz_common/rviz_common/properties/ros_topic_property.hpp
[0.843s] -- Up-to-date: /home/quang/Downloads/rviz_ubuntu22_1.0/install/rviz_common/include/rviz_common/rviz_common/properties/grouped_checkbox_property.hpp
[0.843s] -- Up-to-date: /home/quang/Downloads/rviz_ubuntu22_1.0/install/rviz_common/include/rviz_common/rviz_common/properties/color_property.hpp
[0.843s] -- Up-to-date: /home/quang/Downloads/rviz_ubuntu22_1.0/install/rviz_common/include/rviz_common/rviz_common/properties/int_property.hpp
[0.844s] -- Up-to-date: /home/quang/Downloads/rviz_ubuntu22_1.0/install/rviz_common/include/rviz_common/rviz_common/properties/splitter_handle.hpp
[0.844s] -- Up-to-date: /home/quang/Downloads/rviz_ubuntu22_1.0/install/rviz_common/include/rviz_common/rviz_common/properties/tf_frame_property.hpp
[0.844s] -- Up-to-date: /home/quang/Downloads/rviz_ubuntu22_1.0/install/rviz_common/include/rviz_common/rviz_common/properties/file_picker_property.hpp
[0.844s] -- Up-to-date: /home/quang/Downloads/rviz_ubuntu22_1.0/install/rviz_common/include/rviz_common/rviz_common/properties/covariance_property.hpp
[0.844s] -- Up-to-date: /home/quang/Downloads/rviz_ubuntu22_1.0/install/rviz_common/include/rviz_common/rviz_common/properties/enum_property.hpp
[0.844s] -- Up-to-date: /home/quang/Downloads/rviz_ubuntu22_1.0/install/rviz_common/include/rviz_common/rviz_common/properties/property_tree_widget.hpp
[0.844s] -- Up-to-date: /home/quang/Downloads/rviz_ubuntu22_1.0/install/rviz_common/include/rviz_common/rviz_common/properties/quaternion_property.hpp
[0.844s] -- Up-to-date: /home/quang/Downloads/rviz_ubuntu22_1.0/install/rviz_common/include/rviz_common/rviz_common/properties/grouped_checkbox_property_group.hpp
[0.844s] -- Up-to-date: /home/quang/Downloads/rviz_ubuntu22_1.0/install/rviz_common/include/rviz_common/rviz_common/properties/combo_box.hpp
[0.844s] -- Up-to-date: /home/quang/Downloads/rviz_ubuntu22_1.0/install/rviz_common/include/rviz_common/rviz_common/properties/qos_profile_property.hpp
[0.844s] -- Up-to-date: /home/quang/Downloads/rviz_ubuntu22_1.0/install/rviz_common/include/rviz_common/rviz_common/properties/property.hpp
[0.844s] -- Up-to-date: /home/quang/Downloads/rviz_ubuntu22_1.0/install/rviz_common/include/rviz_common/rviz_common/display_group.hpp
[0.844s] -- Up-to-date: /home/quang/Downloads/rviz_ubuntu22_1.0/install/rviz_common/include/rviz_common/rviz_common/load_resource.hpp
[0.844s] -- Up-to-date: /home/quang/Downloads/rviz_ubuntu22_1.0/install/rviz_common/include/rviz_common/rviz_common/frame_manager_iface.hpp
[0.844s] -- Up-to-date: /home/quang/Downloads/rviz_ubuntu22_1.0/install/rviz_common/include/rviz_common/rviz_common/uniform_string_stream.hpp
[0.844s] -- Up-to-date: /home/quang/Downloads/rviz_ubuntu22_1.0/install/rviz_common/include/rviz_common/rviz_common/yaml_config_writer.hpp
[0.844s] -- Up-to-date: /home/quang/Downloads/rviz_ubuntu22_1.0/install/rviz_common/include/rviz_common/rviz_common/yaml_config_reader.hpp
[0.844s] -- Up-to-date: /home/quang/Downloads/rviz_ubuntu22_1.0/install/rviz_common/include/rviz_common/rviz_common/display_context.hpp
[0.845s] -- Up-to-date: /home/quang/Downloads/rviz_ubuntu22_1.0/install/rviz_common/include/rviz_common/rviz_common/transformation
[0.845s] -- Up-to-date: /home/quang/Downloads/rviz_ubuntu22_1.0/install/rviz_common/include/rviz_common/rviz_common/transformation/frame_transformer.hpp
[0.845s] -- Up-to-date: /home/quang/Downloads/rviz_ubuntu22_1.0/install/rviz_common/include/rviz_common/rviz_common/transformation/tf2_helpers
[0.845s] -- Up-to-date: /home/quang/Downloads/rviz_ubuntu22_1.0/install/rviz_common/include/rviz_common/rviz_common/transformation/tf2_helpers/tf2_conversion_helpers.hpp
[0.845s] -- Up-to-date: /home/quang/Downloads/rviz_ubuntu22_1.0/install/rviz_common/include/rviz_common/rviz_common/transformation/transformation_manager.hpp
[0.845s] -- Up-to-date: /home/quang/Downloads/rviz_ubuntu22_1.0/install/rviz_common/include/rviz_common/rviz_common/tool_manager.hpp
[0.845s] -- Up-to-date: /home/quang/Downloads/rviz_ubuntu22_1.0/install/rviz_common/include/rviz_common/rviz_common/view_controller.hpp
[0.845s] -- Up-to-date: /home/quang/Downloads/rviz_ubuntu22_1.0/install/rviz_common/include/rviz_common/rviz_common/logging.hpp
[0.845s] -- Up-to-date: /home/quang/Downloads/rviz_ubuntu22_1.0/install/rviz_common/include/rviz_common/rviz_common/visualization_manager.hpp
[0.845s] -- Up-to-date: /home/quang/Downloads/rviz_ubuntu22_1.0/install/rviz_common/include/rviz_common/rviz_common/message_filter_display.hpp
[0.845s] -- Up-to-date: /home/quang/Downloads/rviz_ubuntu22_1.0/install/rviz_common/include/rviz_common/rviz_common/depth_cloud_mld.hpp
[0.845s] -- Up-to-date: /home/quang/Downloads/rviz_ubuntu22_1.0/install/rviz_common/include/rviz_common/rviz_common/display.hpp
[0.845s] -- Up-to-date: /home/quang/Downloads/rviz_ubuntu22_1.0/install/rviz_common/include/rviz_common/rviz_common/render_panel.hpp
[0.845s] -- Up-to-date: /home/quang/Downloads/rviz_ubuntu22_1.0/install/rviz_common/include/rviz_common/rviz_common/interaction
[0.845s] -- Up-to-date: /home/quang/Downloads/rviz_ubuntu22_1.0/install/rviz_common/include/rviz_common/rviz_common/interaction/handler_manager.hpp
[0.845s] -- Up-to-date: /home/quang/Downloads/rviz_ubuntu22_1.0/install/rviz_common/include/rviz_common/rviz_common/interaction/selection_renderer.hpp
[0.845s] -- Up-to-date: /home/quang/Downloads/rviz_ubuntu22_1.0/install/rviz_common/include/rviz_common/rviz_common/interaction/view_picker.hpp
[0.845s] -- Up-to-date: /home/quang/Downloads/rviz_ubuntu22_1.0/install/rviz_common/include/rviz_common/rviz_common/interaction/forwards.hpp
[0.845s] -- Up-to-date: /home/quang/Downloads/rviz_ubuntu22_1.0/install/rviz_common/include/rviz_common/rviz_common/interaction/handler_manager_iface.hpp
[0.845s] -- Up-to-date: /home/quang/Downloads/rviz_ubuntu22_1.0/install/rviz_common/include/rviz_common/rviz_common/interaction/handler_manager_listener.hpp
[0.846s] -- Up-to-date: /home/quang/Downloads/rviz_ubuntu22_1.0/install/rviz_common/include/rviz_common/rviz_common/interaction/selection_manager.hpp
[0.846s] -- Up-to-date: /home/quang/Downloads/rviz_ubuntu22_1.0/install/rviz_common/include/rviz_common/rviz_common/interaction/view_picker_iface.hpp
[0.846s] -- Up-to-date: /home/quang/Downloads/rviz_ubuntu22_1.0/install/rviz_common/include/rviz_common/rviz_common/interaction/selection_handler.hpp
[0.846s] -- Up-to-date: /home/quang/Downloads/rviz_ubuntu22_1.0/install/rviz_common/include/rviz_common/rviz_common/interaction/selection_manager_iface.hpp
[0.846s] -- Up-to-date: /home/quang/Downloads/rviz_ubuntu22_1.0/install/rviz_common/include/rviz_common/rviz_common/config.hpp
[0.846s] -- Up-to-date: /home/quang/Downloads/rviz_ubuntu22_1.0/install/rviz_common/include/rviz_common/rviz_common/interactive_object.hpp
[0.846s] -- Up-to-date: /home/quang/Downloads/rviz_ubuntu22_1.0/install/rviz_common/include/rviz_common/rviz_common/visibility_control.hpp
[0.846s] -- Up-to-date: /home/quang/Downloads/rviz_ubuntu22_1.0/install/rviz_common/include/rviz_common/rviz_common/visualization_frame.hpp
[0.846s] -- Up-to-date: /home/quang/Downloads/rviz_ubuntu22_1.0/install/rviz_common/share/rviz_common/default.rviz
[0.846s] -- Up-to-date: /home/quang/Downloads/rviz_ubuntu22_1.0/install/rviz_common/share/rviz_common/icons
[0.846s] -- Up-to-date: /home/quang/Downloads/rviz_ubuntu22_1.0/install/rviz_common/share/rviz_common/icons/minus.png
[0.846s] -- Up-to-date: /home/quang/Downloads/rviz_ubuntu22_1.0/install/rviz_common/share/rviz_common/icons/package.png
[0.846s] -- Up-to-date: /home/quang/Downloads/rviz_ubuntu22_1.0/install/rviz_common/share/rviz_common/icons/rotate.svg
[0.846s] -- Up-to-date: /home/quang/Downloads/rviz_ubuntu22_1.0/install/rviz_common/share/rviz_common/icons/move2d.svg
[0.846s] -- Up-to-date: /home/quang/Downloads/rviz_ubuntu22_1.0/install/rviz_common/share/rviz_common/icons/warning.png
[0.847s] -- Up-to-date: /home/quang/Downloads/rviz_ubuntu22_1.0/install/rviz_common/share/rviz_common/icons/zoom.svg
[0.847s] -- Up-to-date: /home/quang/Downloads/rviz_ubuntu22_1.0/install/rviz_common/share/rviz_common/icons/close.png
[0.847s] -- Up-to-date: /home/quang/Downloads/rviz_ubuntu22_1.0/install/rviz_common/share/rviz_common/icons/error.png
[0.847s] -- Up-to-date: /home/quang/Downloads/rviz_ubuntu22_1.0/install/rviz_common/share/rviz_common/icons/rotate_cam.svg
[0.847s] -- Up-to-date: /home/quang/Downloads/rviz_ubuntu22_1.0/install/rviz_common/share/rviz_common/icons/options.png
[0.847s] -- Up-to-date: /home/quang/Downloads/rviz_ubuntu22_1.0/install/rviz_common/share/rviz_common/icons/ok.png
[0.847s] -- Up-to-date: /home/quang/Downloads/rviz_ubuntu22_1.0/install/rviz_common/share/rviz_common/icons/move1d.svg
[0.848s] -- Up-to-date: /home/quang/Downloads/rviz_ubuntu22_1.0/install/rviz_common/share/rviz_common/icons/classes
[0.848s] -- Up-to-date: /home/quang/Downloads/rviz_ubuntu22_1.0/install/rviz_common/share/rviz_common/icons/classes/Transformation.png
[0.848s] -- Up-to-date: /home/quang/Downloads/rviz_ubuntu22_1.0/install/rviz_common/share/rviz_common/icons/classes/Help.svg
[0.848s] -- Up-to-date: /home/quang/Downloads/rviz_ubuntu22_1.0/install/rviz_common/share/rviz_common/icons/classes/Group.png
[0.848s] -- Up-to-date: /home/quang/Downloads/rviz_ubuntu22_1.0/install/rviz_common/share/rviz_common/icons/classes/Displays.svg
[0.848s] -- Up-to-date: /home/quang/Downloads/rviz_ubuntu22_1.0/install/rviz_common/share/rviz_common/icons/classes/Time.png
[0.848s] -- Up-to-date: /home/quang/Downloads/rviz_ubuntu22_1.0/install/rviz_common/share/rviz_common/icons/classes/Selection.png
[0.849s] -- Up-to-date: /home/quang/Downloads/rviz_ubuntu22_1.0/install/rviz_common/share/rviz_common/icons/classes/Views.svg
[0.849s] -- Up-to-date: /home/quang/Downloads/rviz_ubuntu22_1.0/install/rviz_common/share/rviz_common/icons/classes/Tool Properties.png
[0.850s] -- Up-to-date: /home/quang/Downloads/rviz_ubuntu22_1.0/install/rviz_common/share/rviz_common/icons/right_dock.svg
[0.850s] -- Up-to-date: /home/quang/Downloads/rviz_ubuntu22_1.0/install/rviz_common/share/rviz_common/icons/default_package_icon.png
[0.850s] -- Up-to-date: /home/quang/Downloads/rviz_ubuntu22_1.0/install/rviz_common/share/rviz_common/icons/cursor.svg
[0.850s] -- Up-to-date: /home/quang/Downloads/rviz_ubuntu22_1.0/install/rviz_common/share/rviz_common/icons/plus.png
[0.850s] -- Up-to-date: /home/quang/Downloads/rviz_ubuntu22_1.0/install/rviz_common/share/rviz_common/icons/left_dock.svg
[0.850s] -- Up-to-date: /home/quang/Downloads/rviz_ubuntu22_1.0/install/rviz_common/share/rviz_common/icons/default_class_icon.png
[0.850s] -- Up-to-date: /home/quang/Downloads/rviz_ubuntu22_1.0/install/rviz_common/share/rviz_common/icons/forbidden.svg
[0.850s] -- Up-to-date: /home/quang/Downloads/rviz_ubuntu22_1.0/install/rviz_common/share/rviz_common/icons/moverotate.svg
[0.850s] -- Up-to-date: /home/quang/Downloads/rviz_ubuntu22_1.0/install/rviz_common/share/rviz_common/icons/menu.svg
[0.851s] -- Up-to-date: /home/quang/Downloads/rviz_ubuntu22_1.0/install/rviz_common/share/rviz_common/icons/move_z.svg
[0.851s] -- Up-to-date: /home/quang/Downloads/rviz_ubuntu22_1.0/install/rviz_common/share/rviz_common/icons/crosshair.svg
[0.851s] -- Up-to-date: /home/quang/Downloads/rviz_ubuntu22_1.0/install/rviz_common/share/rviz_common/images
[0.851s] -- Up-to-date: /home/quang/Downloads/rviz_ubuntu22_1.0/install/rviz_common/share/rviz_common/images/splash_overlay.png
[0.851s] -- Up-to-date: /home/quang/Downloads/rviz_ubuntu22_1.0/install/rviz_common/share/rviz_common/images/splash.png
[0.851s] -- Up-to-date: /home/quang/Downloads/rviz_ubuntu22_1.0/install/rviz_common/share/rviz_common/help
[0.851s] -- Up-to-date: /home/quang/Downloads/rviz_ubuntu22_1.0/install/rviz_common/share/rviz_common/help/help.html
[0.851s] -- Up-to-date: /home/quang/Downloads/rviz_ubuntu22_1.0/install/rviz_common/share/ament_index/resource_index/package_run_dependencies/rviz_common
[0.851s] -- Up-to-date: /home/quang/Downloads/rviz_ubuntu22_1.0/install/rviz_common/share/ament_index/resource_index/parent_prefix_path/rviz_common
[0.852s] -- Up-to-date: /home/quang/Downloads/rviz_ubuntu22_1.0/install/rviz_common/share/rviz_common/environment/ament_prefix_path.sh
[0.852s] -- Up-to-date: /home/quang/Downloads/rviz_ubuntu22_1.0/install/rviz_common/share/rviz_common/environment/ament_prefix_path.dsv
[0.852s] -- Up-to-date: /home/quang/Downloads/rviz_ubuntu22_1.0/install/rviz_common/share/rviz_common/environment/path.sh
[0.852s] -- Up-to-date: /home/quang/Downloads/rviz_ubuntu22_1.0/install/rviz_common/share/rviz_common/environment/path.dsv
[0.852s] -- Up-to-date: /home/quang/Downloads/rviz_ubuntu22_1.0/install/rviz_common/share/rviz_common/local_setup.bash
[0.852s] -- Up-to-date: /home/quang/Downloads/rviz_ubuntu22_1.0/install/rviz_common/share/rviz_common/local_setup.sh
[0.852s] -- Up-to-date: /home/quang/Downloads/rviz_ubuntu22_1.0/install/rviz_common/share/rviz_common/local_setup.zsh
[0.852s] -- Up-to-date: /home/quang/Downloads/rviz_ubuntu22_1.0/install/rviz_common/share/rviz_common/local_setup.dsv
[0.853s] -- Installing: /home/quang/Downloads/rviz_ubuntu22_1.0/install/rviz_common/share/rviz_common/package.dsv
[0.853s] -- Up-to-date: /home/quang/Downloads/rviz_ubuntu22_1.0/install/rviz_common/share/ament_index/resource_index/packages/rviz_common
[0.853s] -- Up-to-date: /home/quang/Downloads/rviz_ubuntu22_1.0/install/rviz_common/share/rviz_common/cmake/rviz_commonExport.cmake
[0.853s] -- Up-to-date: /home/quang/Downloads/rviz_ubuntu22_1.0/install/rviz_common/share/rviz_common/cmake/rviz_commonExport-noconfig.cmake
[0.853s] -- Up-to-date: /home/quang/Downloads/rviz_ubuntu22_1.0/install/rviz_common/share/rviz_common/cmake/rviz_common-extras.cmake
[0.853s] -- Up-to-date: /home/quang/Downloads/rviz_ubuntu22_1.0/install/rviz_common/share/rviz_common/cmake/ament_cmake_export_dependencies-extras.cmake
[0.853s] -- Up-to-date: /home/quang/Downloads/rviz_ubuntu22_1.0/install/rviz_common/share/rviz_common/cmake/ament_cmake_export_include_directories-extras.cmake
[0.853s] -- Up-to-date: /home/quang/Downloads/rviz_ubuntu22_1.0/install/rviz_common/share/rviz_common/cmake/ament_cmake_export_libraries-extras.cmake
[0.854s] -- Up-to-date: /home/quang/Downloads/rviz_ubuntu22_1.0/install/rviz_common/share/rviz_common/cmake/ament_cmake_export_targets-extras.cmake
[0.854s] -- Up-to-date: /home/quang/Downloads/rviz_ubuntu22_1.0/install/rviz_common/share/rviz_common/cmake/rviz_commonConfig.cmake
[0.854s] -- Up-to-date: /home/quang/Downloads/rviz_ubuntu22_1.0/install/rviz_common/share/rviz_common/cmake/rviz_commonConfig-version.cmake
[0.854s] -- Up-to-date: /home/quang/Downloads/rviz_ubuntu22_1.0/install/rviz_common/share/rviz_common/package.xml
[0.854s] Invoked command in '/home/quang/Downloads/rviz_ubuntu22_1.0/build/rviz_common' returned '0': CMAKE_PREFIX_PATH=/home/quang/Downloads/rviz_ubuntu22_1.0/install/rviz_rendering:/home/quang/Downloads/rviz_ubuntu22_1.0/install/tomo_ui:/home/quang/Downloads/rviz_ubuntu22_1.0/install/rviz2:/home/quang/Downloads/rviz_ubuntu22_1.0/install/rviz_common:/opt/ros/humble LD_LIBRARY_PATH=/home/quang/Downloads/rviz_ubuntu22_1.0/install/rviz_rendering/lib:/home/quang/Downloads/rviz_ubuntu22_1.0/install/tomo_ui/lib:/home/quang/Downloads/rviz_ubuntu22_1.0/install/rviz_common/lib:/opt/ros/humble/opt/rviz_ogre_vendor/lib:/opt/ros/humble/lib/x86_64-linux-gnu:/opt/ros/humble/lib:/home/quang/Libraries/OpenCV_4.7.0/opencv/build/lib /usr/bin/cmake --install /home/quang/Downloads/rviz_ubuntu22_1.0/build/rviz_common
