[0.010s] Invoking command in '/home/quang/Downloads/rviz_ubuntu22_1.0/build/rviz2': CMAKE_PREFIX_PATH=/home/quang/Downloads/rviz_ubuntu22_1.0/install/rviz_common:/home/quang/Downloads/rviz_ubuntu22_1.0/install/rviz_rendering:/home/quang/Downloads/rviz_ubuntu22_1.0/install/tomo_ui:/home/quang/Downloads/rviz_ubuntu22_1.0/install/rviz2:/opt/ros/humble LD_LIBRARY_PATH=/home/quang/Downloads/rviz_ubuntu22_1.0/install/rviz_common/lib:/home/quang/Downloads/rviz_ubuntu22_1.0/install/rviz_rendering/lib:/home/quang/Downloads/rviz_ubuntu22_1.0/install/tomo_ui/lib:/opt/ros/humble/opt/rviz_ogre_vendor/lib:/opt/ros/humble/lib/x86_64-linux-gnu:/opt/ros/humble/lib:/home/quang/Libraries/OpenCV_4.7.0/opencv/build/lib /usr/bin/cmake --build /home/quang/Downloads/rviz_ubuntu22_1.0/build/rviz2 -- -j12 -l12
[0.047s] [35m[1mConsolidate compiler generated dependencies of target send_lots_of_points_node[0m
[0.048s] [35m[1mConsolidate compiler generated dependencies of target rviz2[0m
[0.062s] [ 50%] Built target send_lots_of_points_node
[0.064s] [100%] Built target rviz2
[0.074s] Invoked command in '/home/quang/Downloads/rviz_ubuntu22_1.0/build/rviz2' returned '0': CMAKE_PREFIX_PATH=/home/quang/Downloads/rviz_ubuntu22_1.0/install/rviz_common:/home/quang/Downloads/rviz_ubuntu22_1.0/install/rviz_rendering:/home/quang/Downloads/rviz_ubuntu22_1.0/install/tomo_ui:/home/quang/Downloads/rviz_ubuntu22_1.0/install/rviz2:/opt/ros/humble LD_LIBRARY_PATH=/home/quang/Downloads/rviz_ubuntu22_1.0/install/rviz_common/lib:/home/quang/Downloads/rviz_ubuntu22_1.0/install/rviz_rendering/lib:/home/quang/Downloads/rviz_ubuntu22_1.0/install/tomo_ui/lib:/opt/ros/humble/opt/rviz_ogre_vendor/lib:/opt/ros/humble/lib/x86_64-linux-gnu:/opt/ros/humble/lib:/home/quang/Libraries/OpenCV_4.7.0/opencv/build/lib /usr/bin/cmake --build /home/quang/Downloads/rviz_ubuntu22_1.0/build/rviz2 -- -j12 -l12
[0.101s] Invoking command in '/home/quang/Downloads/rviz_ubuntu22_1.0/build/rviz2': CMAKE_PREFIX_PATH=/home/quang/Downloads/rviz_ubuntu22_1.0/install/rviz_common:/home/quang/Downloads/rviz_ubuntu22_1.0/install/rviz_rendering:/home/quang/Downloads/rviz_ubuntu22_1.0/install/tomo_ui:/home/quang/Downloads/rviz_ubuntu22_1.0/install/rviz2:/opt/ros/humble LD_LIBRARY_PATH=/home/quang/Downloads/rviz_ubuntu22_1.0/install/rviz_common/lib:/home/quang/Downloads/rviz_ubuntu22_1.0/install/rviz_rendering/lib:/home/quang/Downloads/rviz_ubuntu22_1.0/install/tomo_ui/lib:/opt/ros/humble/opt/rviz_ogre_vendor/lib:/opt/ros/humble/lib/x86_64-linux-gnu:/opt/ros/humble/lib:/home/quang/Libraries/OpenCV_4.7.0/opencv/build/lib /usr/bin/cmake --install /home/quang/Downloads/rviz_ubuntu22_1.0/build/rviz2
[0.107s] -- Install configuration: ""
[0.107s] -- Up-to-date: /home/quang/Downloads/rviz_ubuntu22_1.0/install/rviz2/bin/rviz2
[0.108s] -- Up-to-date: /home/quang/Downloads/rviz_ubuntu22_1.0/install/rviz2/lib/rviz2/rviz2
[0.108s] -- Up-to-date: /home/quang/Downloads/rviz_ubuntu22_1.0/install/rviz2/share/ament_index/resource_index/package_run_dependencies/rviz2
[0.108s] -- Up-to-date: /home/quang/Downloads/rviz_ubuntu22_1.0/install/rviz2/share/ament_index/resource_index/parent_prefix_path/rviz2
[0.108s] -- Up-to-date: /home/quang/Downloads/rviz_ubuntu22_1.0/install/rviz2/share/rviz2/environment/ament_prefix_path.sh
[0.108s] -- Up-to-date: /home/quang/Downloads/rviz_ubuntu22_1.0/install/rviz2/share/rviz2/environment/ament_prefix_path.dsv
[0.108s] -- Up-to-date: /home/quang/Downloads/rviz_ubuntu22_1.0/install/rviz2/share/rviz2/environment/path.sh
[0.108s] -- Up-to-date: /home/quang/Downloads/rviz_ubuntu22_1.0/install/rviz2/share/rviz2/environment/path.dsv
[0.108s] -- Up-to-date: /home/quang/Downloads/rviz_ubuntu22_1.0/install/rviz2/share/rviz2/local_setup.bash
[0.109s] -- Up-to-date: /home/quang/Downloads/rviz_ubuntu22_1.0/install/rviz2/share/rviz2/local_setup.sh
[0.109s] -- Up-to-date: /home/quang/Downloads/rviz_ubuntu22_1.0/install/rviz2/share/rviz2/local_setup.zsh
[0.109s] -- Up-to-date: /home/quang/Downloads/rviz_ubuntu22_1.0/install/rviz2/share/rviz2/local_setup.dsv
[0.109s] -- Installing: /home/quang/Downloads/rviz_ubuntu22_1.0/install/rviz2/share/rviz2/package.dsv
[0.109s] -- Up-to-date: /home/quang/Downloads/rviz_ubuntu22_1.0/install/rviz2/share/ament_index/resource_index/packages/rviz2
[0.109s] -- Up-to-date: /home/quang/Downloads/rviz_ubuntu22_1.0/install/rviz2/share/rviz2/cmake/rviz2Config.cmake
[0.109s] -- Up-to-date: /home/quang/Downloads/rviz_ubuntu22_1.0/install/rviz2/share/rviz2/cmake/rviz2Config-version.cmake
[0.109s] -- Up-to-date: /home/quang/Downloads/rviz_ubuntu22_1.0/install/rviz2/share/rviz2/package.xml
[0.111s] Invoked command in '/home/quang/Downloads/rviz_ubuntu22_1.0/build/rviz2' returned '0': CMAKE_PREFIX_PATH=/home/quang/Downloads/rviz_ubuntu22_1.0/install/rviz_common:/home/quang/Downloads/rviz_ubuntu22_1.0/install/rviz_rendering:/home/quang/Downloads/rviz_ubuntu22_1.0/install/tomo_ui:/home/quang/Downloads/rviz_ubuntu22_1.0/install/rviz2:/opt/ros/humble LD_LIBRARY_PATH=/home/quang/Downloads/rviz_ubuntu22_1.0/install/rviz_common/lib:/home/quang/Downloads/rviz_ubuntu22_1.0/install/rviz_rendering/lib:/home/quang/Downloads/rviz_ubuntu22_1.0/install/tomo_ui/lib:/opt/ros/humble/opt/rviz_ogre_vendor/lib:/opt/ros/humble/lib/x86_64-linux-gnu:/opt/ros/humble/lib:/home/quang/Libraries/OpenCV_4.7.0/opencv/build/lib /usr/bin/cmake --install /home/quang/Downloads/rviz_ubuntu22_1.0/build/rviz2
