[ 50%] Built target send_lots_of_points_node
[100%] Built target rviz2
-- Install configuration: ""
-- Up-to-date: /home/quang/Downloads/rviz_ubuntu22_1.0/install/rviz2/bin/rviz2
-- Up-to-date: /home/quang/Downloads/rviz_ubuntu22_1.0/install/rviz2/lib/rviz2/rviz2
-- Up-to-date: /home/quang/Downloads/rviz_ubuntu22_1.0/install/rviz2/share/ament_index/resource_index/package_run_dependencies/rviz2
-- Up-to-date: /home/quang/Downloads/rviz_ubuntu22_1.0/install/rviz2/share/ament_index/resource_index/parent_prefix_path/rviz2
-- Up-to-date: /home/quang/Downloads/rviz_ubuntu22_1.0/install/rviz2/share/rviz2/environment/ament_prefix_path.sh
-- Up-to-date: /home/quang/Downloads/rviz_ubuntu22_1.0/install/rviz2/share/rviz2/environment/ament_prefix_path.dsv
-- Up-to-date: /home/quang/Downloads/rviz_ubuntu22_1.0/install/rviz2/share/rviz2/environment/path.sh
-- Up-to-date: /home/quang/Downloads/rviz_ubuntu22_1.0/install/rviz2/share/rviz2/environment/path.dsv
-- Up-to-date: /home/quang/Downloads/rviz_ubuntu22_1.0/install/rviz2/share/rviz2/local_setup.bash
-- Up-to-date: /home/quang/Downloads/rviz_ubuntu22_1.0/install/rviz2/share/rviz2/local_setup.sh
-- Up-to-date: /home/quang/Downloads/rviz_ubuntu22_1.0/install/rviz2/share/rviz2/local_setup.zsh
-- Up-to-date: /home/quang/Downloads/rviz_ubuntu22_1.0/install/rviz2/share/rviz2/local_setup.dsv
-- Installing: /home/quang/Downloads/rviz_ubuntu22_1.0/install/rviz2/share/rviz2/package.dsv
-- Up-to-date: /home/quang/Downloads/rviz_ubuntu22_1.0/install/rviz2/share/ament_index/resource_index/packages/rviz2
-- Up-to-date: /home/quang/Downloads/rviz_ubuntu22_1.0/install/rviz2/share/rviz2/cmake/rviz2Config.cmake
-- Up-to-date: /home/quang/Downloads/rviz_ubuntu22_1.0/install/rviz2/share/rviz2/cmake/rviz2Config-version.cmake
-- Up-to-date: /home/quang/Downloads/rviz_ubuntu22_1.0/install/rviz2/share/rviz2/package.xml
