-- The C compiler identification is GNU 11.4.0
-- The CXX compiler identification is GNU 11.4.0
-- Detecting C compiler ABI info
-- Detecting C compiler ABI info - done
-- Check for working C compiler: /usr/bin/cc - skipped
-- Detecting C compile features
-- Detecting C compile features - done
-- Detecting CXX compiler ABI info
-- Detecting CXX compiler ABI info - done
-- Check for working CXX compiler: /usr/bin/c++ - skipped
-- Detecting CXX compile features
-- Detecting CXX compile features - done
-- Enabling tests requiring a display
-- Found ament_cmake: 1.3.10 (/opt/ros/humble/share/ament_cmake/cmake)
-- Found Python3: /usr/bin/python3 (found version "3.10.12") found components: Interpreter 
-- Found rviz_ogre_vendor: 11.2.13 (/opt/ros/humble/share/rviz_ogre_vendor/cmake)
-- Setting OGRE_DIR to: '/opt/ros/humble/share/rviz_ogre_vendor/cmake/../../../opt/rviz_ogre_vendor/lib/OGRE/cmake'
-- Found OGRE
--   static     : OFF
--   components : HLMS;MeshLodGenerator;Overlay;Paging;Property;RTShaderSystem;Terrain;Volume
--   plugins    : Plugin_BSPSceneManager;Plugin_OctreeSceneManager;Plugin_PCZSceneManager;Plugin_ParticleFX;RenderSystem_GL;RenderSystem_GL3Plus;Codec_STBI
--   media      : /opt/ros/humble/opt/rviz_ogre_vendor/share/OGRE/Media
-- OGRE_LIBRARIES: OgreHLMS;OgreMeshLodGenerator;OgreOverlay;OgrePaging;OgreProperty;OgreRTShaderSystem;OgreTerrain;OgreVolume;OgreMain
-- OGRE_LIBRARY_DIRS: /opt/ros/humble/opt/rviz_ogre_vendor/lib
-- OGRE_PLUGINS: Plugin_BSPSceneManager;Plugin_OctreeSceneManager;Plugin_PCZSceneManager;Plugin_ParticleFX;RenderSystem_GL;RenderSystem_GL3Plus;Codec_STBI
-- OGRE_PLUGIN_DIR: /opt/ros/humble/opt/rviz_ogre_vendor/lib/OGRE
-- rviz_ogre_vendor::OgreOverlay for IMPORTED_LOCATION_RELEASE: /opt/ros/humble/opt/rviz_ogre_vendor/lib/libOgreOverlay.so
-- rviz_ogre_vendor::OgreOverlay for IMPORTED_LOCATION_DEBUG: /opt/ros/humble/opt/rviz_ogre_vendor/lib/libOgreOverlay.so
-- rviz_ogre_vendor::OgreMain for IMPORTED_LOCATION_RELEASE: /opt/ros/humble/opt/rviz_ogre_vendor/lib/libOgreMain.so
-- rviz_ogre_vendor::OgreMain for IMPORTED_LOCATION_DEBUG: /opt/ros/humble/opt/rviz_ogre_vendor/lib/libOgreMain.so
-- Could not find freeimage library
-- Found ZLIB: /usr/lib/x86_64-linux-gnu/libz.so (found version "1.2.11") 
-- Found OpenGL: /usr/lib/x86_64-linux-gnu/libOpenGL.so   
-- Found X11: /usr/include   
-- Looking for XOpenDisplay in /usr/lib/x86_64-linux-gnu/libX11.so;/usr/lib/x86_64-linux-gnu/libXext.so
-- Looking for XOpenDisplay in /usr/lib/x86_64-linux-gnu/libX11.so;/usr/lib/x86_64-linux-gnu/libXext.so - found
-- Looking for gethostbyname
-- Looking for gethostbyname - found
-- Looking for connect
-- Looking for connect - found
-- Looking for remove
-- Looking for remove - found
-- Looking for shmat
-- Looking for shmat - found
-- Looking for IceConnectionNumber in ICE
-- Looking for IceConnectionNumber in ICE - found
-- Found geometry_msgs: 4.2.4 (/opt/ros/humble/share/geometry_msgs/cmake)
-- Found rosidl_generator_c: 3.1.5 (/opt/ros/humble/share/rosidl_generator_c/cmake)
-- Found rosidl_adapter: 3.1.5 (/opt/ros/humble/share/rosidl_adapter/cmake)
-- Found rosidl_generator_cpp: 3.1.5 (/opt/ros/humble/share/rosidl_generator_cpp/cmake)
-- Using all available rosidl_typesupport_c: rosidl_typesupport_fastrtps_c;rosidl_typesupport_introspection_c
-- Using all available rosidl_typesupport_cpp: rosidl_typesupport_fastrtps_cpp;rosidl_typesupport_introspection_cpp
-- Found pluginlib: 5.1.0 (/opt/ros/humble/share/pluginlib/cmake)
-- Found rclcpp: 16.0.10 (/opt/ros/humble/share/rclcpp/cmake)
-- Found rmw_implementation_cmake: 6.1.2 (/opt/ros/humble/share/rmw_implementation_cmake/cmake)
-- Found rmw_fastrtps_cpp: 6.2.7 (/opt/ros/humble/share/rmw_fastrtps_cpp/cmake)
-- Found TinyXML2 via Config file: TinyXML2_DIR-NOTFOUND
-- Found OpenSSL: /usr/lib/x86_64-linux-gnu/libcrypto.so (found version "3.0.2")  
-- Found TinyXML2 via Config file: TinyXML2_DIR-NOTFOUND
-- Found FastRTPS: /opt/ros/humble/include  
-- Found TinyXML2 via Config file: TinyXML2_DIR-NOTFOUND
-- Found TinyXML2 via Config file: TinyXML2_DIR-NOTFOUND
-- Using RMW implementation 'rmw_fastrtps_cpp' as default
-- Looking for pthread.h
-- Looking for pthread.h - found
-- Performing Test CMAKE_HAVE_LIBC_PTHREAD
-- Performing Test CMAKE_HAVE_LIBC_PTHREAD - Success
-- Found Threads: TRUE  
-- Found resource_retriever: 3.1.2 (/opt/ros/humble/share/resource_retriever/cmake)
-- library: /usr/lib/x86_64-linux-gnu/libcurl.so
-- Found rviz_rendering: 11.2.13 (/home/quang/Downloads/rviz_ubuntu22_1.0/install/rviz_rendering/share/rviz_rendering/cmake)
-- Setting assimp_DIR to: '/opt/ros/humble/share/rviz_assimp_vendor/cmake/../../../opt/rviz_assimp_vendor/lib/cmake/assimp-4.1'
-- Found sensor_msgs: 4.2.4 (/opt/ros/humble/share/sensor_msgs/cmake)
-- Found tf2: 0.25.8 (/opt/ros/humble/share/tf2/cmake)
-- Found tf2_geometry_msgs: 0.25.8 (/opt/ros/humble/share/tf2_geometry_msgs/cmake)
-- Found Eigen3: TRUE (found version "3.4.0") 
-- Ensuring Eigen3 include directory is part of orocos-kdl CMake target
-- Found urdf: 2.6.1 (/opt/ros/humble/share/urdf/cmake)
-- Found yaml_cpp_vendor: 8.0.2 (/opt/ros/humble/share/yaml_cpp_vendor/cmake)
-- Found TinyXML2 via Config file: TinyXML2_DIR-NOTFOUND
-- Found ament_lint_auto: 0.12.11 (/opt/ros/humble/share/ament_lint_auto/cmake)
-- Found gmock sources under '/opt/ros/humble/src/gmock_vendor': C++ tests using 'Google Mock' will be built
-- Found gtest sources under '/opt/ros/humble/src/gtest_vendor': C++ tests using 'Google Test' will be built
-- Added test 'cppcheck' to perform static code analysis on C / C++ code
-- Configured cppcheck include dirs: $<BUILD_INTERFACE:/home/quang/Downloads/rviz_ubuntu22_1.0/src/tomo_rviz/rviz_common/include>
-- Configured cppcheck exclude dirs and/or files: 
-- Added test 'cpplint' to check C / C++ code against the Google style
-- Configured cpplint exclude dirs and/or files: 
-- Added test 'lint_cmake' to check CMake code style
-- Added test 'uncrustify' to check C / C++ code style
-- Configured uncrustify additional arguments: 
-- Added test 'xmllint' to check XML markup files
-- Configuring done
-- Generating done
-- Build files have been written to: /home/quang/Downloads/rviz_ubuntu22_1.0/build/rviz_common
[  0%] [34m[1mGenerating src/rviz_common/moc_widget_geometry_change_detector.cpp[0m
[  1%] [34m[1mGenerating include/rviz_common/interaction/moc_selection_manager_iface.cpp[0m
[  1%] [34m[1mGenerating include/rviz_common/interaction/moc_selection_manager.cpp[0m
[  2%] [34m[1mGenerating include/rviz_common/moc_display.cpp[0m
[  2%] [34m[1mGenerating include/rviz_common/moc_display_context.cpp[0m
[  3%] [34m[1mGenerating include/rviz_common/moc_display_group.cpp[0m
[  3%] [34m[1mGenerating include/rviz_common/moc_frame_manager_iface.cpp[0m
[  3%] [34m[1mGenerating include/rviz_common/moc_frame_position_tracking_view_controller.cpp[0m
[  4%] [32mBuilding CXX object gtest/CMakeFiles/gtest_main.dir/src/gtest_main.cc.o[0m
[  4%] [32mBuilding CXX object gmock/CMakeFiles/gmock_main.dir/src/gmock_main.cc.o[0m
[  4%] [32mBuilding CXX object gmock/CMakeFiles/gmock.dir/opt/ros/humble/src/gtest_vendor/src/gtest-all.cc.o[0m
[  5%] [32mBuilding CXX object gtest/CMakeFiles/gtest.dir/src/gtest-all.cc.o[0m
[  5%] [34m[1mGenerating include/rviz_common/moc_panel.cpp[0m
[  6%] [34m[1mGenerating include/rviz_common/moc_panel_dock_widget.cpp[0m
[  6%] [34m[1mGenerating include/rviz_common/moc_tool_manager.cpp[0m
[  6%] [34m[1mGenerating include/rviz_common/moc_render_panel.cpp[0m
[  7%] [34m[1mGenerating include/rviz_common/moc_ros_topic_display.cpp[0m
[  7%] [34m[1mGenerating include/rviz_common/moc_tool.cpp[0m
[  7%] [32mBuilding CXX object gmock/CMakeFiles/gmock.dir/src/gmock-all.cc.o[0m
[  7%] [34m[1mGenerating include/rviz_common/moc_view_controller.cpp[0m
[  7%] [34m[1mGenerating include/rviz_common/moc_view_manager.cpp[0m
[  7%] [34m[1mGenerating include/rviz_common/moc_visualization_frame.cpp[0m
[  7%] [34m[1mGenerating include/rviz_common/moc_visualization_manager.cpp[0m
[  8%] [34m[1mGenerating include/rviz_common/moc_visualizer_app.cpp[0m
[  8%] [34m[1mGenerating include/rviz_common/properties/moc_bool_property.cpp[0m
[  8%] [34m[1mGenerating include/rviz_common/properties/moc_color_editor.cpp[0m
[  9%] [34m[1mGenerating include/rviz_common/properties/moc_color_property.cpp[0m
[  9%] [34m[1mGenerating include/rviz_common/properties/moc_combo_box.cpp[0m
[  9%] [34m[1mGenerating include/rviz_common/properties/moc_covariance_property.cpp[0m
[  9%] [34m[1mGenerating include/rviz_common/properties/moc_display_visibility_property.cpp[0m
[ 10%] [34m[1mGenerating include/rviz_common/properties/moc_display_group_visibility_property.cpp[0m
[ 11%] [34m[1mGenerating include/rviz_common/properties/moc_editable_combo_box.cpp[0m
[ 11%] [34m[1mGenerating include/rviz_common/properties/moc_editable_enum_property.cpp[0m
[ 12%] [34m[1mGenerating include/rviz_common/properties/moc_enum_property.cpp[0m
[ 13%] [34m[1mGenerating include/rviz_common/properties/moc_float_property.cpp[0m
[ 13%] [34m[1mGenerating include/rviz_common/properties/moc_float_edit.cpp[0m
[ 13%] [34m[1mGenerating include/rviz_common/properties/moc_int_property.cpp[0m
[ 14%] [34m[1mGenerating include/rviz_common/properties/moc_line_edit_with_button.cpp[0m
[ 14%] [34m[1mGenerating include/rviz_common/properties/moc_property.cpp[0m
[ 14%] [34m[1mGenerating include/rviz_common/properties/moc_property_tree_delegate.cpp[0m
[ 14%] [34m[1mGenerating include/rviz_common/properties/moc_property_tree_widget.cpp[0m
[ 15%] [34m[1mGenerating include/rviz_common/properties/moc_property_tree_model.cpp[0m
[ 15%] [34m[1mGenerating include/rviz_common/properties/moc_property_tree_with_help.cpp[0m
[ 15%] [34m[1mGenerating include/rviz_common/properties/moc_qos_profile_property.cpp[0m
[ 15%] [34m[1mGenerating include/rviz_common/properties/moc_quaternion_property.cpp[0m
[ 16%] [34m[1mGenerating include/rviz_common/properties/moc_ros_topic_property.cpp[0m
[ 16%] [34m[1mGenerating include/rviz_common/properties/moc_splitter_handle.cpp[0m
[ 16%] [34m[1mGenerating include/rviz_common/properties/moc_status_list.cpp[0m
[ 17%] [34m[1mGenerating include/rviz_common/properties/moc_status_property.cpp[0m
[ 17%] [34m[1mGenerating include/rviz_common/properties/moc_string_property.cpp[0m
[ 17%] [34m[1mGenerating include/rviz_common/properties/moc_tf_frame_property.cpp[0m
[ 18%] [34m[1mGenerating include/rviz_common/properties/moc_vector_property.cpp[0m
[ 18%] [34m[1mGenerating include/rviz_common/transformation/moc_transformation_manager.cpp[0m
[ 19%] [34m[1mGenerating src/rviz_common/moc_add_display_dialog.cpp[0m
[ 18%] [34m[1mGenerating src/rviz_common/moc_displays_panel.cpp[0m
[ 19%] [34m[1mGenerating src/rviz_common/moc_failed_panel.cpp[0m
[ 19%] [34m[1mGenerating src/rviz_common/moc_help_panel.cpp[0m
[ 19%] [34m[1mGenerating src/rviz_common/moc_loading_dialog.cpp[0m
[ 20%] [34m[1mGenerating src/rviz_common/moc_frame_manager.cpp[0m
[ 21%] [34m[1mGenerating src/rviz_common/moc_new_object_dialog.cpp[0m
[ 21%] [34m[1mGenerating src/rviz_common/moc_screenshot_dialog.cpp[0m
[ 22%] [34m[1mGenerating src/rviz_common/moc_scaled_image_widget.cpp[0m
[ 22%] [34m[1mGenerating src/rviz_common/moc_splash_screen.cpp[0m
[ 23%] [34m[1mGenerating src/rviz_common/moc_tool_properties_panel.cpp[0m
[ 24%] [34m[1mGenerating src/rviz_common/moc_time_panel.cpp[0m
[ 25%] [34m[1mGenerating src/rviz_common/moc_transformation_panel.cpp[0m
[ 26%] [34m[1mGenerating src/rviz_common/moc_views_panel.cpp[0m
[ 26%] [32mBuilding CXX object CMakeFiles/rviz_common.dir/src/rviz_common/moc_add_display_dialog.cpp.o[0m
[ 26%] [32mBuilding CXX object CMakeFiles/rviz_common.dir/include/rviz_common/properties/moc_property_tree_widget.cpp.o[0m
[ 26%] [32mBuilding CXX object CMakeFiles/rviz_common.dir/include/rviz_common/properties/moc_enum_property.cpp.o[0m
[ 27%] [32mBuilding CXX object CMakeFiles/rviz_common.dir/include/rviz_common/properties/moc_splitter_handle.cpp.o[0m
[ 28%] [32mBuilding CXX object CMakeFiles/rviz_common.dir/src/rviz_common/moc_help_panel.cpp.o[0m
[ 28%] [32mBuilding CXX object CMakeFiles/rviz_common.dir/include/rviz_common/moc_display_group.cpp.o[0m
[ 28%] [32mBuilding CXX object CMakeFiles/rviz_common.dir/include/rviz_common/moc_frame_position_tracking_view_controller.cpp.o[0m
[ 28%] [32m[1mLinking CXX static library libgtest_main.a[0m
[ 28%] Built target gtest_main
[ 29%] [32mBuilding CXX object CMakeFiles/rviz_common.dir/include/rviz_common/properties/moc_quaternion_property.cpp.o[0m
[ 29%] [32m[1mLinking CXX static library libgmock_main.a[0m
[ 29%] Built target gmock_main
[ 29%] [32mBuilding CXX object CMakeFiles/rviz_common.dir/include/rviz_common/moc_visualizer_app.cpp.o[0m
[ 30%] [32mBuilding CXX object CMakeFiles/rviz_common.dir/include/rviz_common/moc_display.cpp.o[0m
[ 30%] [32mBuilding CXX object CMakeFiles/rviz_common.dir/include/rviz_common/moc_display_context.cpp.o[0m
[ 30%] [32mBuilding CXX object CMakeFiles/rviz_common.dir/src/rviz_common/moc_displays_panel.cpp.o[0m
[ 31%] [32mBuilding CXX object CMakeFiles/rviz_common.dir/src/rviz_common/moc_failed_panel.cpp.o[0m
[ 31%] [32mBuilding CXX object CMakeFiles/rviz_common.dir/src/rviz_common/moc_frame_manager.cpp.o[0m
[ 31%] [32mBuilding CXX object CMakeFiles/rviz_common.dir/include/rviz_common/moc_frame_manager_iface.cpp.o[0m
[ 32%] [32mBuilding CXX object CMakeFiles/rviz_common.dir/src/rviz_common/moc_loading_dialog.cpp.o[0m
[ 32%] [32mBuilding CXX object CMakeFiles/rviz_common.dir/src/rviz_common/moc_new_object_dialog.cpp.o[0m
[ 33%] [32mBuilding CXX object CMakeFiles/rviz_common.dir/include/rviz_common/moc_panel.cpp.o[0m
[ 33%] [32mBuilding CXX object CMakeFiles/rviz_common.dir/include/rviz_common/moc_panel_dock_widget.cpp.o[0m
[ 33%] [32mBuilding CXX object CMakeFiles/rviz_common.dir/include/rviz_common/properties/moc_bool_property.cpp.o[0m
[ 33%] [32m[1mLinking CXX static library libgtest.a[0m
[ 34%] [32m[1mLinking CXX static library libgmock.a[0m
[ 34%] Built target gtest
[ 35%] [32mBuilding CXX object CMakeFiles/rviz_common.dir/include/rviz_common/properties/moc_color_editor.cpp.o[0m
[ 35%] Built target gmock
[ 35%] [32mBuilding CXX object CMakeFiles/rviz_common.dir/include/rviz_common/properties/moc_color_property.cpp.o[0m
[ 36%] [32mBuilding CXX object CMakeFiles/rviz_common.dir/include/rviz_common/properties/moc_covariance_property.cpp.o[0m
[ 36%] [32mBuilding CXX object CMakeFiles/rviz_common.dir/include/rviz_common/properties/moc_combo_box.cpp.o[0m
[ 36%] [32mBuilding CXX object CMakeFiles/rviz_common.dir/include/rviz_common/properties/moc_display_group_visibility_property.cpp.o[0m
[ 37%] [32mBuilding CXX object CMakeFiles/rviz_common.dir/include/rviz_common/properties/moc_display_visibility_property.cpp.o[0m
[ 37%] [32mBuilding CXX object CMakeFiles/rviz_common.dir/include/rviz_common/properties/moc_editable_combo_box.cpp.o[0m
[ 37%] [32mBuilding CXX object CMakeFiles/rviz_common.dir/include/rviz_common/properties/moc_editable_enum_property.cpp.o[0m
[ 38%] [32mBuilding CXX object CMakeFiles/rviz_common.dir/include/rviz_common/properties/moc_float_edit.cpp.o[0m
[ 38%] [32mBuilding CXX object CMakeFiles/rviz_common.dir/include/rviz_common/properties/moc_float_property.cpp.o[0m
[ 39%] [32mBuilding CXX object CMakeFiles/rviz_common.dir/include/rviz_common/properties/moc_int_property.cpp.o[0m
[ 39%] [32mBuilding CXX object CMakeFiles/rviz_common.dir/include/rviz_common/properties/moc_line_edit_with_button.cpp.o[0m
[ 39%] [32mBuilding CXX object CMakeFiles/rviz_common.dir/include/rviz_common/properties/moc_property.cpp.o[0m
[ 40%] [32mBuilding CXX object CMakeFiles/rviz_common.dir/include/rviz_common/properties/moc_property_tree_delegate.cpp.o[0m
[ 40%] [32mBuilding CXX object CMakeFiles/rviz_common.dir/include/rviz_common/properties/moc_property_tree_model.cpp.o[0m
[ 40%] [32mBuilding CXX object CMakeFiles/rviz_common.dir/include/rviz_common/properties/moc_property_tree_with_help.cpp.o[0m
[ 41%] [32mBuilding CXX object CMakeFiles/rviz_common.dir/include/rviz_common/properties/moc_qos_profile_property.cpp.o[0m
[ 41%] [32mBuilding CXX object CMakeFiles/rviz_common.dir/include/rviz_common/properties/moc_ros_topic_property.cpp.o[0m
[ 42%] [32mBuilding CXX object CMakeFiles/rviz_common.dir/include/rviz_common/properties/moc_status_list.cpp.o[0m
[ 42%] [32mBuilding CXX object CMakeFiles/rviz_common.dir/include/rviz_common/properties/moc_status_property.cpp.o[0m
[ 42%] [32mBuilding CXX object CMakeFiles/rviz_common.dir/include/rviz_common/properties/moc_string_property.cpp.o[0m
[ 43%] [32mBuilding CXX object CMakeFiles/rviz_common.dir/include/rviz_common/properties/moc_tf_frame_property.cpp.o[0m
[ 43%] [32mBuilding CXX object CMakeFiles/rviz_common.dir/include/rviz_common/properties/moc_vector_property.cpp.o[0m
[ 43%] [32mBuilding CXX object CMakeFiles/rviz_common.dir/include/rviz_common/moc_render_panel.cpp.o[0m
[ 44%] [32mBuilding CXX object CMakeFiles/rviz_common.dir/include/rviz_common/moc_visualization_manager.cpp.o[0m
[ 44%] [32mBuilding CXX object CMakeFiles/rviz_common.dir/src/rviz_common/moc_scaled_image_widget.cpp.o[0m
[ 45%] [32mBuilding CXX object CMakeFiles/rviz_common.dir/src/rviz_common/moc_screenshot_dialog.cpp.o[0m
[ 45%] [32mBuilding CXX object CMakeFiles/rviz_common.dir/include/rviz_common/interaction/moc_selection_manager.cpp.o[0m
[ 45%] [32mBuilding CXX object CMakeFiles/rviz_common.dir/include/rviz_common/interaction/moc_selection_manager_iface.cpp.o[0m
[ 46%] [32mBuilding CXX object CMakeFiles/rviz_common.dir/src/rviz_common/moc_splash_screen.cpp.o[0m
[ 46%] [32mBuilding CXX object CMakeFiles/rviz_common.dir/src/rviz_common/moc_time_panel.cpp.o[0m
[ 46%] [32mBuilding CXX object CMakeFiles/rviz_common.dir/include/rviz_common/moc_tool.cpp.o[0m
[ 47%] [32mBuilding CXX object CMakeFiles/rviz_common.dir/include/rviz_common/moc_tool_manager.cpp.o[0m
[ 47%] [32mBuilding CXX object CMakeFiles/rviz_common.dir/src/rviz_common/moc_tool_properties_panel.cpp.o[0m
[ 48%] [32mBuilding CXX object CMakeFiles/rviz_common.dir/include/rviz_common/transformation/moc_transformation_manager.cpp.o[0m
[ 48%] [32mBuilding CXX object CMakeFiles/rviz_common.dir/src/rviz_common/moc_transformation_panel.cpp.o[0m
[ 48%] [32mBuilding CXX object CMakeFiles/rviz_common.dir/include/rviz_common/moc_view_controller.cpp.o[0m
[ 49%] [32mBuilding CXX object CMakeFiles/rviz_common.dir/include/rviz_common/moc_view_manager.cpp.o[0m
[ 49%] [32mBuilding CXX object CMakeFiles/rviz_common.dir/src/rviz_common/moc_views_panel.cpp.o[0m
[ 49%] [32mBuilding CXX object CMakeFiles/rviz_common.dir/include/rviz_common/moc_visualization_frame.cpp.o[0m
[ 50%] [32mBuilding CXX object CMakeFiles/rviz_common.dir/src/rviz_common/moc_widget_geometry_change_detector.cpp.o[0m
[ 50%] [32mBuilding CXX object CMakeFiles/rviz_common.dir/include/rviz_common/moc_ros_topic_display.cpp.o[0m
[ 51%] [32mBuilding CXX object CMakeFiles/rviz_common.dir/src/rviz_common/env_config.cpp.o[0m
[ 51%] [32mBuilding CXX object CMakeFiles/rviz_common.dir/src/rviz_common/add_display_dialog.cpp.o[0m
[ 51%] [32mBuilding CXX object CMakeFiles/rviz_common.dir/src/rviz_common/bit_allocator.cpp.o[0m
[ 52%] [32mBuilding CXX object CMakeFiles/rviz_common.dir/src/rviz_common/config.cpp.o[0m
[ 52%] [32mBuilding CXX object CMakeFiles/rviz_common.dir/src/rviz_common/depth_cloud_mld.cpp.o[0m
[ 52%] [32mBuilding CXX object CMakeFiles/rviz_common.dir/src/rviz_common/display_factory.cpp.o[0m
[ 53%] [32mBuilding CXX object CMakeFiles/rviz_common.dir/src/rviz_common/display_group.cpp.o[0m
[ 53%] [32mBuilding CXX object CMakeFiles/rviz_common.dir/src/rviz_common/display.cpp.o[0m
[ 54%] [32mBuilding CXX object CMakeFiles/rviz_common.dir/src/rviz_common/displays_panel.cpp.o[0m
[ 54%] [32mBuilding CXX object CMakeFiles/rviz_common.dir/src/rviz_common/failed_display.cpp.o[0m
[ 54%] [32mBuilding CXX object CMakeFiles/rviz_common.dir/src/rviz_common/failed_panel.cpp.o[0m
[ 55%] [32mBuilding CXX object CMakeFiles/rviz_common.dir/src/rviz_common/failed_tool.cpp.o[0m
[ 55%] [32mBuilding CXX object CMakeFiles/rviz_common.dir/src/rviz_common/failed_view_controller.cpp.o[0m
[ 56%] [32mBuilding CXX object CMakeFiles/rviz_common.dir/src/rviz_common/frame_manager.cpp.o[0m
[ 56%] [32mBuilding CXX object CMakeFiles/rviz_common.dir/src/rviz_common/frame_position_tracking_view_controller.cpp.o[0m
[ 56%] [32mBuilding CXX object CMakeFiles/rviz_common.dir/src/rviz_common/help_panel.cpp.o[0m
[ 57%] [32mBuilding CXX object CMakeFiles/rviz_common.dir/src/rviz_common/load_resource.cpp.o[0m
[ 57%] [32mBuilding CXX object CMakeFiles/rviz_common.dir/src/rviz_common/loading_dialog.cpp.o[0m
[ 57%] [32mBuilding CXX object CMakeFiles/rviz_common.dir/src/rviz_common/logging.cpp.o[0m
[ 58%] [32mBuilding CXX object CMakeFiles/rviz_common.dir/src/rviz_common/new_object_dialog.cpp.o[0m
[ 58%] [32mBuilding CXX object CMakeFiles/rviz_common.dir/src/rviz_common/panel_dock_widget.cpp.o[0m
[ 59%] [32mBuilding CXX object CMakeFiles/rviz_common.dir/src/rviz_common/panel_factory.cpp.o[0m
[ 59%] [32mBuilding CXX object CMakeFiles/rviz_common.dir/src/rviz_common/panel.cpp.o[0m
[ 59%] [32mBuilding CXX object CMakeFiles/rviz_common.dir/src/rviz_common/properties/bool_property.cpp.o[0m
[ 60%] [32mBuilding CXX object CMakeFiles/rviz_common.dir/src/rviz_common/properties/color_editor.cpp.o[0m
[ 60%] [32mBuilding CXX object CMakeFiles/rviz_common.dir/src/rviz_common/properties/color_property.cpp.o[0m
[ 60%] [32mBuilding CXX object CMakeFiles/rviz_common.dir/src/rviz_common/properties/combo_box.cpp.o[0m
[ 61%] [32mBuilding CXX object CMakeFiles/rviz_common.dir/src/rviz_common/properties/covariance_property.cpp.o[0m
[ 61%] [32mBuilding CXX object CMakeFiles/rviz_common.dir/src/rviz_common/properties/display_group_visibility_property.cpp.o[0m
[ 62%] [32mBuilding CXX object CMakeFiles/rviz_common.dir/src/rviz_common/properties/display_visibility_property.cpp.o[0m
[ 62%] [32mBuilding CXX object CMakeFiles/rviz_common.dir/src/rviz_common/properties/editable_combo_box.cpp.o[0m
[ 62%] [32mBuilding CXX object CMakeFiles/rviz_common.dir/src/rviz_common/properties/editable_enum_property.cpp.o[0m
[ 63%] [32mBuilding CXX object CMakeFiles/rviz_common.dir/src/rviz_common/properties/enum_property.cpp.o[0m
[ 63%] [32mBuilding CXX object CMakeFiles/rviz_common.dir/src/rviz_common/properties/file_picker.cpp.o[0m
[ 63%] [32mBuilding CXX object CMakeFiles/rviz_common.dir/src/rviz_common/properties/file_picker_property.cpp.o[0m
[ 64%] [32mBuilding CXX object CMakeFiles/rviz_common.dir/src/rviz_common/properties/float_edit.cpp.o[0m
[ 64%] [32mBuilding CXX object CMakeFiles/rviz_common.dir/src/rviz_common/properties/float_property.cpp.o[0m
[ 65%] [32mBuilding CXX object CMakeFiles/rviz_common.dir/src/rviz_common/properties/grouped_checkbox_property.cpp.o[0m
[ 65%] [32mBuilding CXX object CMakeFiles/rviz_common.dir/src/rviz_common/properties/grouped_checkbox_property_group.cpp.o[0m
[ 65%] [32mBuilding CXX object CMakeFiles/rviz_common.dir/src/rviz_common/properties/int_property.cpp.o[0m
[ 66%] [32mBuilding CXX object CMakeFiles/rviz_common.dir/src/rviz_common/properties/line_edit_with_button.cpp.o[0m
[ 66%] [32mBuilding CXX object CMakeFiles/rviz_common.dir/src/rviz_common/properties/parse_color.cpp.o[0m
[ 66%] [32mBuilding CXX object CMakeFiles/rviz_common.dir/src/rviz_common/properties/property_tree_delegate.cpp.o[0m
[ 67%] [32mBuilding CXX object CMakeFiles/rviz_common.dir/src/rviz_common/properties/property_tree_model.cpp.o[0m
[ 67%] [32mBuilding CXX object CMakeFiles/rviz_common.dir/src/rviz_common/properties/property_tree_widget.cpp.o[0m
[ 68%] [32mBuilding CXX object CMakeFiles/rviz_common.dir/src/rviz_common/properties/property_tree_with_help.cpp.o[0m
[ 68%] [32mBuilding CXX object CMakeFiles/rviz_common.dir/src/rviz_common/properties/property.cpp.o[0m
[ 68%] [32mBuilding CXX object CMakeFiles/rviz_common.dir/src/rviz_common/properties/ros_topic_property.cpp.o[0m
[ 69%] [32mBuilding CXX object CMakeFiles/rviz_common.dir/src/rviz_common/properties/quaternion_property.cpp.o[0m
[ 69%] [32mBuilding CXX object CMakeFiles/rviz_common.dir/src/rviz_common/properties/qos_profile_property.cpp.o[0m
[ 69%] [32mBuilding CXX object CMakeFiles/rviz_common.dir/src/rviz_common/properties/splitter_handle.cpp.o[0m
[ 70%] [32mBuilding CXX object CMakeFiles/rviz_common.dir/src/rviz_common/properties/status_list.cpp.o[0m
[ 70%] [32mBuilding CXX object CMakeFiles/rviz_common.dir/src/rviz_common/properties/status_property.cpp.o[0m
[ 71%] [32mBuilding CXX object CMakeFiles/rviz_common.dir/src/rviz_common/properties/string_property.cpp.o[0m
[ 71%] [32mBuilding CXX object CMakeFiles/rviz_common.dir/src/rviz_common/properties/tf_frame_property.cpp.o[0m
[ 71%] [32mBuilding CXX object CMakeFiles/rviz_common.dir/src/rviz_common/properties/vector_property.cpp.o[0m
[ 72%] [32mBuilding CXX object CMakeFiles/rviz_common.dir/src/rviz_common/render_panel.cpp.o[0m
[ 72%] [32mBuilding CXX object CMakeFiles/rviz_common.dir/src/rviz_common/ros_integration/ros_client_abstraction.cpp.o[0m
[ 72%] [32mBuilding CXX object CMakeFiles/rviz_common.dir/src/rviz_common/ros_integration/ros_node_abstraction.cpp.o[0m
[ 73%] [32mBuilding CXX object CMakeFiles/rviz_common.dir/src/rviz_common/scaled_image_widget.cpp.o[0m
[ 73%] [32mBuilding CXX object CMakeFiles/rviz_common.dir/src/rviz_common/screenshot_dialog.cpp.o[0m
[ 74%] [32mBuilding CXX object CMakeFiles/rviz_common.dir/src/rviz_common/selection_panel.cpp.o[0m
[ 74%] [32mBuilding CXX object CMakeFiles/rviz_common.dir/src/rviz_common/interaction/handler_manager.cpp.o[0m
[ 74%] [32mBuilding CXX object CMakeFiles/rviz_common.dir/src/rviz_common/interaction/selection_handler.cpp.o[0m
[ 75%] [32mBuilding CXX object CMakeFiles/rviz_common.dir/src/rviz_common/interaction/selection_manager.cpp.o[0m
[ 75%] [32mBuilding CXX object CMakeFiles/rviz_common.dir/src/rviz_common/interaction/selection_renderer.cpp.o[0m
[ 76%] [32mBuilding CXX object CMakeFiles/rviz_common.dir/src/rviz_common/interaction/view_picker.cpp.o[0m
[ 76%] [32mBuilding CXX object CMakeFiles/rviz_common.dir/src/rviz_common/splash_screen.cpp.o[0m
[ 76%] [32mBuilding CXX object CMakeFiles/rviz_common.dir/src/rviz_common/time_panel.cpp.o[0m
[ 77%] [32mBuilding CXX object CMakeFiles/rviz_common.dir/src/rviz_common/transformation/identity_frame_transformer.cpp.o[0m
[ 77%] [32mBuilding CXX object CMakeFiles/rviz_common.dir/src/rviz_common/tool_manager.cpp.o[0m
[ 77%] [32mBuilding CXX object CMakeFiles/rviz_common.dir/src/rviz_common/tool_properties_panel.cpp.o[0m
[ 78%] [32mBuilding CXX object CMakeFiles/rviz_common.dir/src/rviz_common/tool.cpp.o[0m
[ 78%] [32mBuilding CXX object CMakeFiles/rviz_common.dir/src/rviz_common/transformation_panel.cpp.o[0m
[ 79%] [32mBuilding CXX object CMakeFiles/rviz_common.dir/src/rviz_common/transformation/transformation_manager.cpp.o[0m
[ 79%] [32mBuilding CXX object CMakeFiles/rviz_common.dir/src/rviz_common/uniform_string_stream.cpp.o[0m
[ 79%] [32mBuilding CXX object CMakeFiles/rviz_common.dir/src/rviz_common/view_controller.cpp.o[0m
[ 80%] [32mBuilding CXX object CMakeFiles/rviz_common.dir/src/rviz_common/view_manager.cpp.o[0m
[ 80%] [32mBuilding CXX object CMakeFiles/rviz_common.dir/src/rviz_common/views_panel.cpp.o[0m
[ 80%] [32mBuilding CXX object CMakeFiles/rviz_common.dir/src/rviz_common/viewport_mouse_event.cpp.o[0m
[ 81%] [32mBuilding CXX object CMakeFiles/rviz_common.dir/src/rviz_common/visualization_frame.cpp.o[0m
[ 81%] [32mBuilding CXX object CMakeFiles/rviz_common.dir/src/rviz_common/visualization_manager.cpp.o[0m
[ 82%] [32mBuilding CXX object CMakeFiles/rviz_common.dir/src/rviz_common/visualizer_app.cpp.o[0m
[ 82%] [32mBuilding CXX object CMakeFiles/rviz_common.dir/src/rviz_common/widget_geometry_change_detector.cpp.o[0m
[ 82%] [32mBuilding CXX object CMakeFiles/rviz_common.dir/src/rviz_common/yaml_config_reader.cpp.o[0m
[ 83%] [32mBuilding CXX object CMakeFiles/rviz_common.dir/src/rviz_common/yaml_config_writer.cpp.o[0m
[ 83%] [32m[1mLinking CXX shared library librviz_common.so[0m
[ 83%] Built target rviz_common
[ 83%] [34m[1mGenerating test/moc_mock_property_change_receiver.cpp[0m
[ 84%] [34m[1mGenerating test/moc_mock_property_change_receiver.cpp[0m
[ 84%] [32mBuilding CXX object CMakeFiles/display_factory_test.dir/test/display_factory_test.cpp.o[0m
[ 84%] [32mBuilding CXX object CMakeFiles/frame_manager_test.dir/test/frame_manager_test.cpp.o[0m
[ 84%] [32mBuilding CXX object CMakeFiles/rviz_common_config_test.dir/test/config_test.cpp.o[0m
[ 84%] [32mBuilding CXX object CMakeFiles/rviz_common_visualizer_app_test.dir/test/visualizer_app_test.cpp.o[0m
[ 84%] [32mBuilding CXX object CMakeFiles/qos_profile_property_test.dir/test/properties/qos_profile_property_test.cpp.o[0m
[ 84%] [32mBuilding CXX object CMakeFiles/rviz_common_uniform_string_stream_test.dir/test/uniform_string_stream_test.cpp.o[0m
[ 85%] [32mBuilding CXX object CMakeFiles/identity_transformer_test.dir/test/transformation/identity_frame_transformer_test.cpp.o[0m
[ 85%] [34m[1mGenerating test/moc_mock_display.cpp[0m
[ 85%] [32mBuilding CXX object CMakeFiles/selection_manager_test.dir/test/interaction/selection_manager_test.cpp.o[0m
[ 86%] [32mBuilding CXX object CMakeFiles/selection_handler_test.dir/test/interaction/selection_handler_test.cpp.o[0m
[ 86%] [34m[1mGenerating test/moc_mock_display.cpp[0m
[ 87%] [32mBuilding CXX object CMakeFiles/rviz_common_ros_node_abstraction_test.dir/test/ros_node_abstraction_test.cpp.o[0m
[ 87%] [32mBuilding CXX object CMakeFiles/rviz_common_property_test.dir/test/moc_mock_display.cpp.o[0m
[ 87%] [32mBuilding CXX object CMakeFiles/rviz_common_display_test.dir/test/moc_mock_display.cpp.o[0m
[ 88%] [32m[1mLinking CXX executable rviz_common_uniform_string_stream_test[0m
[ 89%] [32mBuilding CXX object CMakeFiles/rviz_common_property_test.dir/test/moc_mock_property_change_receiver.cpp.o[0m
[ 89%] [32mBuilding CXX object CMakeFiles/rviz_common_display_test.dir/test/moc_mock_property_change_receiver.cpp.o[0m
[ 90%] [32m[1mLinking CXX executable rviz_common_config_test[0m
[ 90%] Built target rviz_common_uniform_string_stream_test
[ 91%] [32mBuilding CXX object CMakeFiles/frame_manager_test.dir/src/rviz_common/frame_manager.cpp.o[0m
[ 91%] [32mBuilding CXX object CMakeFiles/rviz_common_property_test.dir/test/property_test.cpp.o[0m
[ 92%] [32mBuilding CXX object CMakeFiles/rviz_common_display_test.dir/test/display_test.cpp.o[0m
[ 92%] [32m[1mLinking CXX executable qos_profile_property_test[0m
[ 92%] Built target rviz_common_config_test
[ 93%] [32mBuilding CXX object CMakeFiles/selection_manager_test.dir/test/display_context_fixture.cpp.o[0m
[ 93%] [32mBuilding CXX object CMakeFiles/display_factory_test.dir/src/rviz_common/display_factory.cpp.o[0m
[ 93%] Built target qos_profile_property_test
[ 93%] [32mBuilding CXX object CMakeFiles/rviz_common_property_test.dir/test/mock_display.cpp.o[0m
[ 93%] [32m[1mLinking CXX executable rviz_common_ros_node_abstraction_test[0m
[ 93%] Built target rviz_common_ros_node_abstraction_test
[ 93%] [32mBuilding CXX object CMakeFiles/selection_manager_test.dir/test/ogre_testing_environment.cpp.o[0m
[ 94%] [32m[1mLinking CXX executable identity_transformer_test[0m
[ 94%] [32mBuilding CXX object CMakeFiles/rviz_common_display_test.dir/test/mock_display.cpp.o[0m
[ 94%] [32mBuilding CXX object CMakeFiles/frame_manager_test.dir/src/rviz_common/moc_frame_manager.cpp.o[0m
[ 95%] [32mBuilding CXX object CMakeFiles/rviz_common_property_test.dir/test/mock_property_change_receiver.cpp.o[0m
[ 95%] [32m[1mLinking CXX executable rviz_common_visualizer_app_test[0m
[ 95%] [32mBuilding CXX object CMakeFiles/selection_handler_test.dir/test/display_context_fixture.cpp.o[0m
[ 95%] Built target identity_transformer_test
[ 96%] [32mBuilding CXX object CMakeFiles/selection_handler_test.dir/test/ogre_testing_environment.cpp.o[0m
[ 96%] [32mBuilding CXX object CMakeFiles/rviz_common_display_test.dir/test/mock_display_group.cpp.o[0m
[ 96%] [32m[1mLinking CXX executable rviz_common_property_test[0m
[ 96%] Built target rviz_common_visualizer_app_test
[ 97%] [32mBuilding CXX object CMakeFiles/rviz_common_display_test.dir/test/mock_property_change_receiver.cpp.o[0m
[ 98%] [32m[1mLinking CXX executable display_factory_test[0m
[ 98%] [32m[1mLinking CXX executable rviz_common_display_test[0m
[ 98%] Built target rviz_common_property_test
[ 99%] [32m[1mLinking CXX executable frame_manager_test[0m
[ 99%] Built target display_factory_test
[ 99%] Built target rviz_common_display_test
[ 99%] Built target frame_manager_test
[100%] [32m[1mLinking CXX executable selection_manager_test[0m
[100%] Built target selection_manager_test
[100%] [32m[1mLinking CXX executable selection_handler_test[0m
[100%] Built target selection_handler_test
-- Install configuration: ""
-- Installing: /home/quang/Downloads/rviz_ubuntu22_1.0/install/rviz_common/share/rviz_common/environment/library_path.sh
-- Installing: /home/quang/Downloads/rviz_ubuntu22_1.0/install/rviz_common/share/rviz_common/environment/library_path.dsv
-- Installing: /home/quang/Downloads/rviz_ubuntu22_1.0/install/rviz_common/lib/librviz_common.so
-- Set runtime path of "/home/quang/Downloads/rviz_ubuntu22_1.0/install/rviz_common/lib/librviz_common.so" to ""
-- Installing: /home/quang/Downloads/rviz_ubuntu22_1.0/install/rviz_common/include/rviz_common
-- Installing: /home/quang/Downloads/rviz_ubuntu22_1.0/install/rviz_common/include/rviz_common/rviz_common
-- Installing: /home/quang/Downloads/rviz_ubuntu22_1.0/install/rviz_common/include/rviz_common/rviz_common/bit_allocator.hpp
-- Installing: /home/quang/Downloads/rviz_ubuntu22_1.0/install/rviz_common/include/rviz_common/rviz_common/validate_floats.hpp
-- Installing: /home/quang/Downloads/rviz_ubuntu22_1.0/install/rviz_common/include/rviz_common/rviz_common/viewport_mouse_event.hpp
-- Installing: /home/quang/Downloads/rviz_ubuntu22_1.0/install/rviz_common/include/rviz_common/rviz_common/window_manager_interface.hpp
-- Installing: /home/quang/Downloads/rviz_ubuntu22_1.0/install/rviz_common/include/rviz_common/rviz_common/ros_topic_display.hpp
-- Installing: /home/quang/Downloads/rviz_ubuntu22_1.0/install/rviz_common/include/rviz_common/rviz_common/ros_integration
-- Installing: /home/quang/Downloads/rviz_ubuntu22_1.0/install/rviz_common/include/rviz_common/rviz_common/ros_integration/ros_node_abstraction.hpp
-- Installing: /home/quang/Downloads/rviz_ubuntu22_1.0/install/rviz_common/include/rviz_common/rviz_common/ros_integration/ros_client_abstraction.hpp
-- Installing: /home/quang/Downloads/rviz_ubuntu22_1.0/install/rviz_common/include/rviz_common/rviz_common/ros_integration/ros_node_abstraction_iface.hpp
-- Installing: /home/quang/Downloads/rviz_ubuntu22_1.0/install/rviz_common/include/rviz_common/rviz_common/ros_integration/ros_client_abstraction_iface.hpp
-- Installing: /home/quang/Downloads/rviz_ubuntu22_1.0/install/rviz_common/include/rviz_common/rviz_common/view_manager.hpp
-- Installing: /home/quang/Downloads/rviz_ubuntu22_1.0/install/rviz_common/include/rviz_common/rviz_common/tool.hpp
-- Installing: /home/quang/Downloads/rviz_ubuntu22_1.0/install/rviz_common/include/rviz_common/rviz_common/factory
-- Installing: /home/quang/Downloads/rviz_ubuntu22_1.0/install/rviz_common/include/rviz_common/rviz_common/factory/pluginlib_factory.hpp
-- Installing: /home/quang/Downloads/rviz_ubuntu22_1.0/install/rviz_common/include/rviz_common/rviz_common/factory/class_id_recording_factory.hpp
-- Installing: /home/quang/Downloads/rviz_ubuntu22_1.0/install/rviz_common/include/rviz_common/rviz_common/factory/factory.hpp
-- Installing: /home/quang/Downloads/rviz_ubuntu22_1.0/install/rviz_common/include/rviz_common/rviz_common/msg_conversions.hpp
-- Installing: /home/quang/Downloads/rviz_ubuntu22_1.0/install/rviz_common/include/rviz_common/rviz_common/visualizer_app.hpp
-- Installing: /home/quang/Downloads/rviz_ubuntu22_1.0/install/rviz_common/include/rviz_common/rviz_common/frame_position_tracking_view_controller.hpp
-- Installing: /home/quang/Downloads/rviz_ubuntu22_1.0/install/rviz_common/include/rviz_common/rviz_common/panel.hpp
-- Installing: /home/quang/Downloads/rviz_ubuntu22_1.0/install/rviz_common/include/rviz_common/rviz_common/panel_dock_widget.hpp
-- Installing: /home/quang/Downloads/rviz_ubuntu22_1.0/install/rviz_common/include/rviz_common/rviz_common/properties
-- Installing: /home/quang/Downloads/rviz_ubuntu22_1.0/install/rviz_common/include/rviz_common/rviz_common/properties/display_visibility_property.hpp
-- Installing: /home/quang/Downloads/rviz_ubuntu22_1.0/install/rviz_common/include/rviz_common/rviz_common/properties/bool_property.hpp
-- Installing: /home/quang/Downloads/rviz_ubuntu22_1.0/install/rviz_common/include/rviz_common/rviz_common/properties/line_edit_with_button.hpp
-- Installing: /home/quang/Downloads/rviz_ubuntu22_1.0/install/rviz_common/include/rviz_common/rviz_common/properties/property_tree_with_help.hpp
-- Installing: /home/quang/Downloads/rviz_ubuntu22_1.0/install/rviz_common/include/rviz_common/rviz_common/properties/editable_enum_property.hpp
-- Installing: /home/quang/Downloads/rviz_ubuntu22_1.0/install/rviz_common/include/rviz_common/rviz_common/properties/property_tree_delegate.hpp
-- Installing: /home/quang/Downloads/rviz_ubuntu22_1.0/install/rviz_common/include/rviz_common/rviz_common/properties/status_property.hpp
-- Installing: /home/quang/Downloads/rviz_ubuntu22_1.0/install/rviz_common/include/rviz_common/rviz_common/properties/property_tree_model.hpp
-- Installing: /home/quang/Downloads/rviz_ubuntu22_1.0/install/rviz_common/include/rviz_common/rviz_common/properties/status_list.hpp
-- Installing: /home/quang/Downloads/rviz_ubuntu22_1.0/install/rviz_common/include/rviz_common/rviz_common/properties/editable_combo_box.hpp
-- Installing: /home/quang/Downloads/rviz_ubuntu22_1.0/install/rviz_common/include/rviz_common/rviz_common/properties/float_property.hpp
-- Installing: /home/quang/Downloads/rviz_ubuntu22_1.0/install/rviz_common/include/rviz_common/rviz_common/properties/color_editor.hpp
-- Installing: /home/quang/Downloads/rviz_ubuntu22_1.0/install/rviz_common/include/rviz_common/rviz_common/properties/string_property.hpp
-- Installing: /home/quang/Downloads/rviz_ubuntu22_1.0/install/rviz_common/include/rviz_common/rviz_common/properties/float_edit.hpp
-- Installing: /home/quang/Downloads/rviz_ubuntu22_1.0/install/rviz_common/include/rviz_common/rviz_common/properties/parse_color.hpp
-- Installing: /home/quang/Downloads/rviz_ubuntu22_1.0/install/rviz_common/include/rviz_common/rviz_common/properties/display_group_visibility_property.hpp
-- Installing: /home/quang/Downloads/rviz_ubuntu22_1.0/install/rviz_common/include/rviz_common/rviz_common/properties/vector_property.hpp
-- Installing: /home/quang/Downloads/rviz_ubuntu22_1.0/install/rviz_common/include/rviz_common/rviz_common/properties/ros_topic_property.hpp
-- Installing: /home/quang/Downloads/rviz_ubuntu22_1.0/install/rviz_common/include/rviz_common/rviz_common/properties/grouped_checkbox_property.hpp
-- Installing: /home/quang/Downloads/rviz_ubuntu22_1.0/install/rviz_common/include/rviz_common/rviz_common/properties/color_property.hpp
-- Installing: /home/quang/Downloads/rviz_ubuntu22_1.0/install/rviz_common/include/rviz_common/rviz_common/properties/int_property.hpp
-- Installing: /home/quang/Downloads/rviz_ubuntu22_1.0/install/rviz_common/include/rviz_common/rviz_common/properties/splitter_handle.hpp
-- Installing: /home/quang/Downloads/rviz_ubuntu22_1.0/install/rviz_common/include/rviz_common/rviz_common/properties/tf_frame_property.hpp
-- Installing: /home/quang/Downloads/rviz_ubuntu22_1.0/install/rviz_common/include/rviz_common/rviz_common/properties/file_picker_property.hpp
-- Installing: /home/quang/Downloads/rviz_ubuntu22_1.0/install/rviz_common/include/rviz_common/rviz_common/properties/covariance_property.hpp
-- Installing: /home/quang/Downloads/rviz_ubuntu22_1.0/install/rviz_common/include/rviz_common/rviz_common/properties/enum_property.hpp
-- Installing: /home/quang/Downloads/rviz_ubuntu22_1.0/install/rviz_common/include/rviz_common/rviz_common/properties/property_tree_widget.hpp
-- Installing: /home/quang/Downloads/rviz_ubuntu22_1.0/install/rviz_common/include/rviz_common/rviz_common/properties/quaternion_property.hpp
-- Installing: /home/quang/Downloads/rviz_ubuntu22_1.0/install/rviz_common/include/rviz_common/rviz_common/properties/grouped_checkbox_property_group.hpp
-- Installing: /home/quang/Downloads/rviz_ubuntu22_1.0/install/rviz_common/include/rviz_common/rviz_common/properties/combo_box.hpp
-- Installing: /home/quang/Downloads/rviz_ubuntu22_1.0/install/rviz_common/include/rviz_common/rviz_common/properties/qos_profile_property.hpp
-- Installing: /home/quang/Downloads/rviz_ubuntu22_1.0/install/rviz_common/include/rviz_common/rviz_common/properties/property.hpp
-- Installing: /home/quang/Downloads/rviz_ubuntu22_1.0/install/rviz_common/include/rviz_common/rviz_common/display_group.hpp
-- Installing: /home/quang/Downloads/rviz_ubuntu22_1.0/install/rviz_common/include/rviz_common/rviz_common/load_resource.hpp
-- Installing: /home/quang/Downloads/rviz_ubuntu22_1.0/install/rviz_common/include/rviz_common/rviz_common/frame_manager_iface.hpp
-- Installing: /home/quang/Downloads/rviz_ubuntu22_1.0/install/rviz_common/include/rviz_common/rviz_common/uniform_string_stream.hpp
-- Installing: /home/quang/Downloads/rviz_ubuntu22_1.0/install/rviz_common/include/rviz_common/rviz_common/yaml_config_writer.hpp
-- Installing: /home/quang/Downloads/rviz_ubuntu22_1.0/install/rviz_common/include/rviz_common/rviz_common/yaml_config_reader.hpp
-- Installing: /home/quang/Downloads/rviz_ubuntu22_1.0/install/rviz_common/include/rviz_common/rviz_common/display_context.hpp
-- Installing: /home/quang/Downloads/rviz_ubuntu22_1.0/install/rviz_common/include/rviz_common/rviz_common/transformation
-- Installing: /home/quang/Downloads/rviz_ubuntu22_1.0/install/rviz_common/include/rviz_common/rviz_common/transformation/frame_transformer.hpp
-- Installing: /home/quang/Downloads/rviz_ubuntu22_1.0/install/rviz_common/include/rviz_common/rviz_common/transformation/tf2_helpers
-- Installing: /home/quang/Downloads/rviz_ubuntu22_1.0/install/rviz_common/include/rviz_common/rviz_common/transformation/tf2_helpers/tf2_conversion_helpers.hpp
-- Installing: /home/quang/Downloads/rviz_ubuntu22_1.0/install/rviz_common/include/rviz_common/rviz_common/transformation/transformation_manager.hpp
-- Installing: /home/quang/Downloads/rviz_ubuntu22_1.0/install/rviz_common/include/rviz_common/rviz_common/tool_manager.hpp
-- Installing: /home/quang/Downloads/rviz_ubuntu22_1.0/install/rviz_common/include/rviz_common/rviz_common/view_controller.hpp
-- Installing: /home/quang/Downloads/rviz_ubuntu22_1.0/install/rviz_common/include/rviz_common/rviz_common/logging.hpp
-- Installing: /home/quang/Downloads/rviz_ubuntu22_1.0/install/rviz_common/include/rviz_common/rviz_common/visualization_manager.hpp
-- Installing: /home/quang/Downloads/rviz_ubuntu22_1.0/install/rviz_common/include/rviz_common/rviz_common/message_filter_display.hpp
-- Installing: /home/quang/Downloads/rviz_ubuntu22_1.0/install/rviz_common/include/rviz_common/rviz_common/depth_cloud_mld.hpp
-- Installing: /home/quang/Downloads/rviz_ubuntu22_1.0/install/rviz_common/include/rviz_common/rviz_common/display.hpp
-- Installing: /home/quang/Downloads/rviz_ubuntu22_1.0/install/rviz_common/include/rviz_common/rviz_common/render_panel.hpp
-- Installing: /home/quang/Downloads/rviz_ubuntu22_1.0/install/rviz_common/include/rviz_common/rviz_common/interaction
-- Installing: /home/quang/Downloads/rviz_ubuntu22_1.0/install/rviz_common/include/rviz_common/rviz_common/interaction/handler_manager.hpp
-- Installing: /home/quang/Downloads/rviz_ubuntu22_1.0/install/rviz_common/include/rviz_common/rviz_common/interaction/selection_renderer.hpp
-- Installing: /home/quang/Downloads/rviz_ubuntu22_1.0/install/rviz_common/include/rviz_common/rviz_common/interaction/view_picker.hpp
-- Installing: /home/quang/Downloads/rviz_ubuntu22_1.0/install/rviz_common/include/rviz_common/rviz_common/interaction/forwards.hpp
-- Installing: /home/quang/Downloads/rviz_ubuntu22_1.0/install/rviz_common/include/rviz_common/rviz_common/interaction/handler_manager_iface.hpp
-- Installing: /home/quang/Downloads/rviz_ubuntu22_1.0/install/rviz_common/include/rviz_common/rviz_common/interaction/handler_manager_listener.hpp
-- Installing: /home/quang/Downloads/rviz_ubuntu22_1.0/install/rviz_common/include/rviz_common/rviz_common/interaction/selection_manager.hpp
-- Installing: /home/quang/Downloads/rviz_ubuntu22_1.0/install/rviz_common/include/rviz_common/rviz_common/interaction/view_picker_iface.hpp
-- Installing: /home/quang/Downloads/rviz_ubuntu22_1.0/install/rviz_common/include/rviz_common/rviz_common/interaction/selection_handler.hpp
-- Installing: /home/quang/Downloads/rviz_ubuntu22_1.0/install/rviz_common/include/rviz_common/rviz_common/interaction/selection_manager_iface.hpp
-- Installing: /home/quang/Downloads/rviz_ubuntu22_1.0/install/rviz_common/include/rviz_common/rviz_common/config.hpp
-- Installing: /home/quang/Downloads/rviz_ubuntu22_1.0/install/rviz_common/include/rviz_common/rviz_common/interactive_object.hpp
-- Installing: /home/quang/Downloads/rviz_ubuntu22_1.0/install/rviz_common/include/rviz_common/rviz_common/visibility_control.hpp
-- Installing: /home/quang/Downloads/rviz_ubuntu22_1.0/install/rviz_common/include/rviz_common/rviz_common/visualization_frame.hpp
-- Installing: /home/quang/Downloads/rviz_ubuntu22_1.0/install/rviz_common/share/rviz_common/default.rviz
-- Installing: /home/quang/Downloads/rviz_ubuntu22_1.0/install/rviz_common/share/rviz_common/icons
-- Installing: /home/quang/Downloads/rviz_ubuntu22_1.0/install/rviz_common/share/rviz_common/icons/minus.png
-- Installing: /home/quang/Downloads/rviz_ubuntu22_1.0/install/rviz_common/share/rviz_common/icons/package.png
-- Installing: /home/quang/Downloads/rviz_ubuntu22_1.0/install/rviz_common/share/rviz_common/icons/rotate.svg
-- Installing: /home/quang/Downloads/rviz_ubuntu22_1.0/install/rviz_common/share/rviz_common/icons/move2d.svg
-- Installing: /home/quang/Downloads/rviz_ubuntu22_1.0/install/rviz_common/share/rviz_common/icons/warning.png
-- Installing: /home/quang/Downloads/rviz_ubuntu22_1.0/install/rviz_common/share/rviz_common/icons/zoom.svg
-- Installing: /home/quang/Downloads/rviz_ubuntu22_1.0/install/rviz_common/share/rviz_common/icons/close.png
-- Installing: /home/quang/Downloads/rviz_ubuntu22_1.0/install/rviz_common/share/rviz_common/icons/error.png
-- Installing: /home/quang/Downloads/rviz_ubuntu22_1.0/install/rviz_common/share/rviz_common/icons/rotate_cam.svg
-- Installing: /home/quang/Downloads/rviz_ubuntu22_1.0/install/rviz_common/share/rviz_common/icons/options.png
-- Installing: /home/quang/Downloads/rviz_ubuntu22_1.0/install/rviz_common/share/rviz_common/icons/ok.png
-- Installing: /home/quang/Downloads/rviz_ubuntu22_1.0/install/rviz_common/share/rviz_common/icons/move1d.svg
-- Installing: /home/quang/Downloads/rviz_ubuntu22_1.0/install/rviz_common/share/rviz_common/icons/classes
-- Installing: /home/quang/Downloads/rviz_ubuntu22_1.0/install/rviz_common/share/rviz_common/icons/classes/Transformation.png
-- Installing: /home/quang/Downloads/rviz_ubuntu22_1.0/install/rviz_common/share/rviz_common/icons/classes/Help.svg
-- Installing: /home/quang/Downloads/rviz_ubuntu22_1.0/install/rviz_common/share/rviz_common/icons/classes/Group.png
-- Installing: /home/quang/Downloads/rviz_ubuntu22_1.0/install/rviz_common/share/rviz_common/icons/classes/Displays.svg
-- Installing: /home/quang/Downloads/rviz_ubuntu22_1.0/install/rviz_common/share/rviz_common/icons/classes/Time.png
-- Installing: /home/quang/Downloads/rviz_ubuntu22_1.0/install/rviz_common/share/rviz_common/icons/classes/Selection.png
-- Installing: /home/quang/Downloads/rviz_ubuntu22_1.0/install/rviz_common/share/rviz_common/icons/classes/Views.svg
-- Installing: /home/quang/Downloads/rviz_ubuntu22_1.0/install/rviz_common/share/rviz_common/icons/classes/Tool Properties.png
-- Installing: /home/quang/Downloads/rviz_ubuntu22_1.0/install/rviz_common/share/rviz_common/icons/right_dock.svg
-- Installing: /home/quang/Downloads/rviz_ubuntu22_1.0/install/rviz_common/share/rviz_common/icons/default_package_icon.png
-- Installing: /home/quang/Downloads/rviz_ubuntu22_1.0/install/rviz_common/share/rviz_common/icons/cursor.svg
-- Installing: /home/quang/Downloads/rviz_ubuntu22_1.0/install/rviz_common/share/rviz_common/icons/plus.png
-- Installing: /home/quang/Downloads/rviz_ubuntu22_1.0/install/rviz_common/share/rviz_common/icons/left_dock.svg
-- Installing: /home/quang/Downloads/rviz_ubuntu22_1.0/install/rviz_common/share/rviz_common/icons/default_class_icon.png
-- Installing: /home/quang/Downloads/rviz_ubuntu22_1.0/install/rviz_common/share/rviz_common/icons/forbidden.svg
-- Installing: /home/quang/Downloads/rviz_ubuntu22_1.0/install/rviz_common/share/rviz_common/icons/moverotate.svg
-- Installing: /home/quang/Downloads/rviz_ubuntu22_1.0/install/rviz_common/share/rviz_common/icons/menu.svg
-- Installing: /home/quang/Downloads/rviz_ubuntu22_1.0/install/rviz_common/share/rviz_common/icons/move_z.svg
-- Installing: /home/quang/Downloads/rviz_ubuntu22_1.0/install/rviz_common/share/rviz_common/icons/crosshair.svg
-- Installing: /home/quang/Downloads/rviz_ubuntu22_1.0/install/rviz_common/share/rviz_common/images
-- Installing: /home/quang/Downloads/rviz_ubuntu22_1.0/install/rviz_common/share/rviz_common/images/splash_overlay.png
-- Installing: /home/quang/Downloads/rviz_ubuntu22_1.0/install/rviz_common/share/rviz_common/images/splash.png
-- Installing: /home/quang/Downloads/rviz_ubuntu22_1.0/install/rviz_common/share/rviz_common/help
-- Installing: /home/quang/Downloads/rviz_ubuntu22_1.0/install/rviz_common/share/rviz_common/help/help.html
-- Installing: /home/quang/Downloads/rviz_ubuntu22_1.0/install/rviz_common/share/ament_index/resource_index/package_run_dependencies/rviz_common
-- Installing: /home/quang/Downloads/rviz_ubuntu22_1.0/install/rviz_common/share/ament_index/resource_index/parent_prefix_path/rviz_common
-- Installing: /home/quang/Downloads/rviz_ubuntu22_1.0/install/rviz_common/share/rviz_common/environment/ament_prefix_path.sh
-- Installing: /home/quang/Downloads/rviz_ubuntu22_1.0/install/rviz_common/share/rviz_common/environment/ament_prefix_path.dsv
-- Installing: /home/quang/Downloads/rviz_ubuntu22_1.0/install/rviz_common/share/rviz_common/environment/path.sh
-- Installing: /home/quang/Downloads/rviz_ubuntu22_1.0/install/rviz_common/share/rviz_common/environment/path.dsv
-- Installing: /home/quang/Downloads/rviz_ubuntu22_1.0/install/rviz_common/share/rviz_common/local_setup.bash
-- Installing: /home/quang/Downloads/rviz_ubuntu22_1.0/install/rviz_common/share/rviz_common/local_setup.sh
-- Installing: /home/quang/Downloads/rviz_ubuntu22_1.0/install/rviz_common/share/rviz_common/local_setup.zsh
-- Installing: /home/quang/Downloads/rviz_ubuntu22_1.0/install/rviz_common/share/rviz_common/local_setup.dsv
-- Installing: /home/quang/Downloads/rviz_ubuntu22_1.0/install/rviz_common/share/rviz_common/package.dsv
-- Installing: /home/quang/Downloads/rviz_ubuntu22_1.0/install/rviz_common/share/ament_index/resource_index/packages/rviz_common
-- Installing: /home/quang/Downloads/rviz_ubuntu22_1.0/install/rviz_common/share/rviz_common/cmake/rviz_commonExport.cmake
-- Installing: /home/quang/Downloads/rviz_ubuntu22_1.0/install/rviz_common/share/rviz_common/cmake/rviz_commonExport-noconfig.cmake
-- Installing: /home/quang/Downloads/rviz_ubuntu22_1.0/install/rviz_common/share/rviz_common/cmake/rviz_common-extras.cmake
-- Installing: /home/quang/Downloads/rviz_ubuntu22_1.0/install/rviz_common/share/rviz_common/cmake/ament_cmake_export_dependencies-extras.cmake
-- Installing: /home/quang/Downloads/rviz_ubuntu22_1.0/install/rviz_common/share/rviz_common/cmake/ament_cmake_export_include_directories-extras.cmake
-- Installing: /home/quang/Downloads/rviz_ubuntu22_1.0/install/rviz_common/share/rviz_common/cmake/ament_cmake_export_libraries-extras.cmake
-- Installing: /home/quang/Downloads/rviz_ubuntu22_1.0/install/rviz_common/share/rviz_common/cmake/ament_cmake_export_targets-extras.cmake
-- Installing: /home/quang/Downloads/rviz_ubuntu22_1.0/install/rviz_common/share/rviz_common/cmake/rviz_commonConfig.cmake
-- Installing: /home/quang/Downloads/rviz_ubuntu22_1.0/install/rviz_common/share/rviz_common/cmake/rviz_commonConfig-version.cmake
-- Installing: /home/quang/Downloads/rviz_ubuntu22_1.0/install/rviz_common/share/rviz_common/package.xml
