[0.007s] Invoking command in '/home/quang/Downloads/rviz_ubuntu22_1.0/build/rviz_common': AMENT_PREFIX_PATH=/home/quang/Downloads/rviz_ubuntu22_1.0/install/rviz_rendering:${AMENT_PREFIX_PATH} CMAKE_PREFIX_PATH=/home/quang/Downloads/rviz_ubuntu22_1.0/install/rviz_rendering:/opt/ros/humble LD_LIBRARY_PATH=/home/quang/Downloads/rviz_ubuntu22_1.0/install/rviz_rendering/lib:/opt/ros/humble/opt/rviz_ogre_vendor/lib:/opt/ros/humble/lib/x86_64-linux-gnu:/opt/ros/humble/lib:/home/quang/Libraries/OpenCV_4.7.0/opencv/build/lib /usr/bin/cmake /home/quang/Downloads/rviz_ubuntu22_1.0/src/tomo_rviz/rviz_common -DCMAKE_INSTALL_PREFIX=/home/quang/Downloads/rviz_ubuntu22_1.0/install/rviz_common
[0.052s] -- The C compiler identification is GNU 11.4.0
[0.099s] -- The CXX compiler identification is GNU 11.4.0
[0.105s] -- Detecting C compiler ABI info
[0.163s] -- Detecting C compiler ABI info - done
[0.170s] -- Check for working C compiler: /usr/bin/cc - skipped
[0.170s] -- Detecting C compile features
[0.170s] -- Detecting C compile features - done
[0.173s] -- Detecting CXX compiler ABI info
[0.242s] -- Detecting CXX compiler ABI info - done
[0.248s] -- Check for working CXX compiler: /usr/bin/c++ - skipped
[0.249s] -- Detecting CXX compile features
[0.249s] -- Detecting CXX compile features - done
[0.250s] -- Enabling tests requiring a display
[0.251s] -- Found ament_cmake: 1.3.10 (/opt/ros/humble/share/ament_cmake/cmake)
[0.372s] -- Found Python3: /usr/bin/python3 (found version "3.10.12") found components: Interpreter 
[0.440s] -- Found rviz_ogre_vendor: 11.2.13 (/opt/ros/humble/share/rviz_ogre_vendor/cmake)
[0.440s] -- Setting OGRE_DIR to: '/opt/ros/humble/share/rviz_ogre_vendor/cmake/../../../opt/rviz_ogre_vendor/lib/OGRE/cmake'
[0.442s] -- Found OGRE
[0.442s] --   static     : OFF
[0.442s] --   components : HLMS;MeshLodGenerator;Overlay;Paging;Property;RTShaderSystem;Terrain;Volume
[0.442s] --   plugins    : Plugin_BSPSceneManager;Plugin_OctreeSceneManager;Plugin_PCZSceneManager;Plugin_ParticleFX;RenderSystem_GL;RenderSystem_GL3Plus;Codec_STBI
[0.442s] --   media      : /opt/ros/humble/opt/rviz_ogre_vendor/share/OGRE/Media
[0.442s] -- OGRE_LIBRARIES: OgreHLMS;OgreMeshLodGenerator;OgreOverlay;OgrePaging;OgreProperty;OgreRTShaderSystem;OgreTerrain;OgreVolume;OgreMain
[0.442s] -- OGRE_LIBRARY_DIRS: /opt/ros/humble/opt/rviz_ogre_vendor/lib
[0.442s] -- OGRE_PLUGINS: Plugin_BSPSceneManager;Plugin_OctreeSceneManager;Plugin_PCZSceneManager;Plugin_ParticleFX;RenderSystem_GL;RenderSystem_GL3Plus;Codec_STBI
[0.442s] -- OGRE_PLUGIN_DIR: /opt/ros/humble/opt/rviz_ogre_vendor/lib/OGRE
[0.442s] -- rviz_ogre_vendor::OgreOverlay for IMPORTED_LOCATION_RELEASE: /opt/ros/humble/opt/rviz_ogre_vendor/lib/libOgreOverlay.so
[0.442s] -- rviz_ogre_vendor::OgreOverlay for IMPORTED_LOCATION_DEBUG: /opt/ros/humble/opt/rviz_ogre_vendor/lib/libOgreOverlay.so
[0.442s] -- rviz_ogre_vendor::OgreMain for IMPORTED_LOCATION_RELEASE: /opt/ros/humble/opt/rviz_ogre_vendor/lib/libOgreMain.so
[0.442s] -- rviz_ogre_vendor::OgreMain for IMPORTED_LOCATION_DEBUG: /opt/ros/humble/opt/rviz_ogre_vendor/lib/libOgreMain.so
[0.450s] -- Could not find freeimage library
[0.464s] -- Found ZLIB: /usr/lib/x86_64-linux-gnu/libz.so (found version "1.2.11") 
[0.468s] -- Found OpenGL: /usr/lib/x86_64-linux-gnu/libOpenGL.so   
[0.535s] -- Found X11: /usr/include   
[0.535s] -- Looking for XOpenDisplay in /usr/lib/x86_64-linux-gnu/libX11.so;/usr/lib/x86_64-linux-gnu/libXext.so
[0.596s] -- Looking for XOpenDisplay in /usr/lib/x86_64-linux-gnu/libX11.so;/usr/lib/x86_64-linux-gnu/libXext.so - found
[0.596s] -- Looking for gethostbyname
[0.654s] -- Looking for gethostbyname - found
[0.655s] -- Looking for connect
[0.712s] -- Looking for connect - found
[0.712s] -- Looking for remove
[0.771s] -- Looking for remove - found
[0.771s] -- Looking for shmat
[0.830s] -- Looking for shmat - found
[0.830s] -- Looking for IceConnectionNumber in ICE
[0.888s] -- Looking for IceConnectionNumber in ICE - found
[0.899s] -- Found geometry_msgs: 4.2.4 (/opt/ros/humble/share/geometry_msgs/cmake)
[0.923s] -- Found rosidl_generator_c: 3.1.5 (/opt/ros/humble/share/rosidl_generator_c/cmake)
[0.927s] -- Found rosidl_adapter: 3.1.5 (/opt/ros/humble/share/rosidl_adapter/cmake)
[0.934s] -- Found rosidl_generator_cpp: 3.1.5 (/opt/ros/humble/share/rosidl_generator_cpp/cmake)
[0.944s] -- Using all available rosidl_typesupport_c: rosidl_typesupport_fastrtps_c;rosidl_typesupport_introspection_c
[0.958s] -- Using all available rosidl_typesupport_cpp: rosidl_typesupport_fastrtps_cpp;rosidl_typesupport_introspection_cpp
[0.992s] -- Found pluginlib: 5.1.0 (/opt/ros/humble/share/pluginlib/cmake)
[1.012s] -- Found rclcpp: 16.0.10 (/opt/ros/humble/share/rclcpp/cmake)
[1.042s] -- Found rmw_implementation_cmake: 6.1.2 (/opt/ros/humble/share/rmw_implementation_cmake/cmake)
[1.045s] -- Found rmw_fastrtps_cpp: 6.2.7 (/opt/ros/humble/share/rmw_fastrtps_cpp/cmake)
[1.067s] -- Found TinyXML2 via Config file: TinyXML2_DIR-NOTFOUND
[1.108s] -- Found OpenSSL: /usr/lib/x86_64-linux-gnu/libcrypto.so (found version "3.0.2")  
[1.111s] -- Found TinyXML2 via Config file: TinyXML2_DIR-NOTFOUND
[1.120s] -- Found FastRTPS: /opt/ros/humble/include  
[1.123s] -- Found TinyXML2 via Config file: TinyXML2_DIR-NOTFOUND
[1.130s] -- Found TinyXML2 via Config file: TinyXML2_DIR-NOTFOUND
[1.138s] -- Using RMW implementation 'rmw_fastrtps_cpp' as default
[1.144s] -- Looking for pthread.h
[1.204s] -- Looking for pthread.h - found
[1.204s] -- Performing Test CMAKE_HAVE_LIBC_PTHREAD
[1.267s] -- Performing Test CMAKE_HAVE_LIBC_PTHREAD - Success
[1.268s] -- Found Threads: TRUE  
[1.301s] -- Found resource_retriever: 3.1.2 (/opt/ros/humble/share/resource_retriever/cmake)
[1.358s] -- library: /usr/lib/x86_64-linux-gnu/libcurl.so
[1.359s] -- Found rviz_rendering: 11.2.13 (/home/quang/Downloads/rviz_ubuntu22_1.0/install/rviz_rendering/share/rviz_rendering/cmake)
[1.361s] -- Setting assimp_DIR to: '/opt/ros/humble/share/rviz_assimp_vendor/cmake/../../../opt/rviz_assimp_vendor/lib/cmake/assimp-4.1'
[1.374s] -- Found sensor_msgs: 4.2.4 (/opt/ros/humble/share/sensor_msgs/cmake)
[1.390s] -- Found tf2: 0.25.8 (/opt/ros/humble/share/tf2/cmake)
[1.394s] -- Found tf2_geometry_msgs: 0.25.8 (/opt/ros/humble/share/tf2_geometry_msgs/cmake)
[1.400s] -- Found Eigen3: TRUE (found version "3.4.0") 
[1.400s] -- Ensuring Eigen3 include directory is part of orocos-kdl CMake target
[1.482s] -- Found urdf: 2.6.1 (/opt/ros/humble/share/urdf/cmake)
[1.490s] -- Found yaml_cpp_vendor: 8.0.2 (/opt/ros/humble/share/yaml_cpp_vendor/cmake)
[1.491s] -- Found TinyXML2 via Config file: TinyXML2_DIR-NOTFOUND
[1.558s] -- Found ament_lint_auto: 0.12.11 (/opt/ros/humble/share/ament_lint_auto/cmake)
[1.570s] -- Found gmock sources under '/opt/ros/humble/src/gmock_vendor': C++ tests using 'Google Mock' will be built
[1.574s] -- Found gtest sources under '/opt/ros/humble/src/gtest_vendor': C++ tests using 'Google Test' will be built
[1.598s] -- Added test 'cppcheck' to perform static code analysis on C / C++ code
[1.598s] -- Configured cppcheck include dirs: $<BUILD_INTERFACE:/home/quang/Downloads/rviz_ubuntu22_1.0/src/tomo_rviz/rviz_common/include>
[1.598s] -- Configured cppcheck exclude dirs and/or files: 
[1.608s] -- Added test 'cpplint' to check C / C++ code against the Google style
[1.608s] -- Configured cpplint exclude dirs and/or files: 
[1.611s] -- Added test 'lint_cmake' to check CMake code style
[1.620s] -- Added test 'uncrustify' to check C / C++ code style
[1.621s] -- Configured uncrustify additional arguments: 
[1.622s] -- Added test 'xmllint' to check XML markup files
[1.624s] -- Configuring done
[1.780s] -- Generating done
[1.783s] -- Build files have been written to: /home/quang/Downloads/rviz_ubuntu22_1.0/build/rviz_common
[1.795s] Invoked command in '/home/quang/Downloads/rviz_ubuntu22_1.0/build/rviz_common' returned '0': AMENT_PREFIX_PATH=/home/quang/Downloads/rviz_ubuntu22_1.0/install/rviz_rendering:${AMENT_PREFIX_PATH} CMAKE_PREFIX_PATH=/home/quang/Downloads/rviz_ubuntu22_1.0/install/rviz_rendering:/opt/ros/humble LD_LIBRARY_PATH=/home/quang/Downloads/rviz_ubuntu22_1.0/install/rviz_rendering/lib:/opt/ros/humble/opt/rviz_ogre_vendor/lib:/opt/ros/humble/lib/x86_64-linux-gnu:/opt/ros/humble/lib:/home/quang/Libraries/OpenCV_4.7.0/opencv/build/lib /usr/bin/cmake /home/quang/Downloads/rviz_ubuntu22_1.0/src/tomo_rviz/rviz_common -DCMAKE_INSTALL_PREFIX=/home/quang/Downloads/rviz_ubuntu22_1.0/install/rviz_common
[1.797s] Invoking command in '/home/quang/Downloads/rviz_ubuntu22_1.0/build/rviz_common': AMENT_PREFIX_PATH=/home/quang/Downloads/rviz_ubuntu22_1.0/install/rviz_rendering:${AMENT_PREFIX_PATH} CMAKE_PREFIX_PATH=/home/quang/Downloads/rviz_ubuntu22_1.0/install/rviz_rendering:/opt/ros/humble LD_LIBRARY_PATH=/home/quang/Downloads/rviz_ubuntu22_1.0/install/rviz_rendering/lib:/opt/ros/humble/opt/rviz_ogre_vendor/lib:/opt/ros/humble/lib/x86_64-linux-gnu:/opt/ros/humble/lib:/home/quang/Libraries/OpenCV_4.7.0/opencv/build/lib /usr/bin/cmake --build /home/quang/Downloads/rviz_ubuntu22_1.0/build/rviz_common -- -j12 -l12
[1.849s] [  0%] [34m[1mGenerating src/rviz_common/moc_widget_geometry_change_detector.cpp[0m
[1.849s] [  1%] [34m[1mGenerating include/rviz_common/interaction/moc_selection_manager_iface.cpp[0m
[1.849s] [  1%] [34m[1mGenerating include/rviz_common/interaction/moc_selection_manager.cpp[0m
[1.849s] [  2%] [34m[1mGenerating include/rviz_common/moc_display.cpp[0m
[1.850s] [  2%] [34m[1mGenerating include/rviz_common/moc_display_context.cpp[0m
[1.850s] [  3%] [34m[1mGenerating include/rviz_common/moc_display_group.cpp[0m
[1.851s] [  3%] [34m[1mGenerating include/rviz_common/moc_frame_manager_iface.cpp[0m
[1.856s] [  3%] [34m[1mGenerating include/rviz_common/moc_frame_position_tracking_view_controller.cpp[0m
[1.863s] [  4%] [32mBuilding CXX object gtest/CMakeFiles/gtest_main.dir/src/gtest_main.cc.o[0m
[1.867s] [  4%] [32mBuilding CXX object gmock/CMakeFiles/gmock_main.dir/src/gmock_main.cc.o[0m
[1.867s] [  4%] [32mBuilding CXX object gmock/CMakeFiles/gmock.dir/opt/ros/humble/src/gtest_vendor/src/gtest-all.cc.o[0m
[1.867s] [  5%] [32mBuilding CXX object gtest/CMakeFiles/gtest.dir/src/gtest-all.cc.o[0m
[1.874s] [  5%] [34m[1mGenerating include/rviz_common/moc_panel.cpp[0m
[1.874s] [  6%] [34m[1mGenerating include/rviz_common/moc_panel_dock_widget.cpp[0m
[1.874s] [  6%] [34m[1mGenerating include/rviz_common/moc_tool_manager.cpp[0m
[1.875s] [  6%] [34m[1mGenerating include/rviz_common/moc_render_panel.cpp[0m
[1.875s] [  7%] [34m[1mGenerating include/rviz_common/moc_ros_topic_display.cpp[0m
[1.876s] [  7%] [34m[1mGenerating include/rviz_common/moc_tool.cpp[0m
[1.876s] [  7%] [32mBuilding CXX object gmock/CMakeFiles/gmock.dir/src/gmock-all.cc.o[0m
[1.880s] [  7%] [34m[1mGenerating include/rviz_common/moc_view_controller.cpp[0m
[1.897s] [  7%] [34m[1mGenerating include/rviz_common/moc_view_manager.cpp[0m
[1.897s] [  7%] [34m[1mGenerating include/rviz_common/moc_visualization_frame.cpp[0m
[1.897s] [  7%] [34m[1mGenerating include/rviz_common/moc_visualization_manager.cpp[0m
[1.898s] [  8%] [34m[1mGenerating include/rviz_common/moc_visualizer_app.cpp[0m
[1.899s] [  8%] [34m[1mGenerating include/rviz_common/properties/moc_bool_property.cpp[0m
[1.899s] [  8%] [34m[1mGenerating include/rviz_common/properties/moc_color_editor.cpp[0m
[1.905s] [  9%] [34m[1mGenerating include/rviz_common/properties/moc_color_property.cpp[0m
[1.921s] [  9%] [34m[1mGenerating include/rviz_common/properties/moc_combo_box.cpp[0m
[1.922s] [  9%] [34m[1mGenerating include/rviz_common/properties/moc_covariance_property.cpp[0m
[1.924s] [  9%] [34m[1mGenerating include/rviz_common/properties/moc_display_visibility_property.cpp[0m
[1.924s] [ 10%] [34m[1mGenerating include/rviz_common/properties/moc_display_group_visibility_property.cpp[0m
[1.932s] [ 11%] [34m[1mGenerating include/rviz_common/properties/moc_editable_combo_box.cpp[0m
[1.933s] [ 11%] [34m[1mGenerating include/rviz_common/properties/moc_editable_enum_property.cpp[0m
[1.935s] [ 12%] [34m[1mGenerating include/rviz_common/properties/moc_enum_property.cpp[0m
[1.943s] [ 13%] [34m[1mGenerating include/rviz_common/properties/moc_float_property.cpp[0m
[1.943s] [ 13%] [34m[1mGenerating include/rviz_common/properties/moc_float_edit.cpp[0m
[1.947s] [ 13%] [34m[1mGenerating include/rviz_common/properties/moc_int_property.cpp[0m
[1.957s] [ 14%] [34m[1mGenerating include/rviz_common/properties/moc_line_edit_with_button.cpp[0m
[1.962s] [ 14%] [34m[1mGenerating include/rviz_common/properties/moc_property.cpp[0m
[1.966s] [ 14%] [34m[1mGenerating include/rviz_common/properties/moc_property_tree_delegate.cpp[0m
[1.966s] [ 14%] [34m[1mGenerating include/rviz_common/properties/moc_property_tree_widget.cpp[0m
[1.968s] [ 15%] [34m[1mGenerating include/rviz_common/properties/moc_property_tree_model.cpp[0m
[1.971s] [ 15%] [34m[1mGenerating include/rviz_common/properties/moc_property_tree_with_help.cpp[0m
[1.975s] [ 15%] [34m[1mGenerating include/rviz_common/properties/moc_qos_profile_property.cpp[0m
[1.978s] [ 15%] [34m[1mGenerating include/rviz_common/properties/moc_quaternion_property.cpp[0m
[1.984s] [ 16%] [34m[1mGenerating include/rviz_common/properties/moc_ros_topic_property.cpp[0m
[1.994s] [ 16%] [34m[1mGenerating include/rviz_common/properties/moc_splitter_handle.cpp[0m
[1.994s] [ 16%] [34m[1mGenerating include/rviz_common/properties/moc_status_list.cpp[0m
[1.994s] [ 17%] [34m[1mGenerating include/rviz_common/properties/moc_status_property.cpp[0m
[1.997s] [ 17%] [34m[1mGenerating include/rviz_common/properties/moc_string_property.cpp[0m
[1.998s] [ 17%] [34m[1mGenerating include/rviz_common/properties/moc_tf_frame_property.cpp[0m
[1.999s] [ 18%] [34m[1mGenerating include/rviz_common/properties/moc_vector_property.cpp[0m
[2.011s] [ 18%] [34m[1mGenerating include/rviz_common/transformation/moc_transformation_manager.cpp[0m
[2.014s] [ 19%] [34m[1mGenerating src/rviz_common/moc_add_display_dialog.cpp[0m
[2.015s] [ 18%] [34m[1mGenerating src/rviz_common/moc_displays_panel.cpp[0m
[2.016s] [ 19%] [34m[1mGenerating src/rviz_common/moc_failed_panel.cpp[0m
[2.023s] [ 19%] [34m[1mGenerating src/rviz_common/moc_help_panel.cpp[0m
[2.026s] [ 19%] [34m[1mGenerating src/rviz_common/moc_loading_dialog.cpp[0m
[2.027s] [ 20%] [34m[1mGenerating src/rviz_common/moc_frame_manager.cpp[0m
[2.033s] [ 21%] [34m[1mGenerating src/rviz_common/moc_new_object_dialog.cpp[0m
[2.039s] [ 21%] [34m[1mGenerating src/rviz_common/moc_screenshot_dialog.cpp[0m
[2.041s] [ 22%] [34m[1mGenerating src/rviz_common/moc_scaled_image_widget.cpp[0m
[2.041s] [ 22%] [34m[1mGenerating src/rviz_common/moc_splash_screen.cpp[0m
[2.048s] [ 23%] [34m[1mGenerating src/rviz_common/moc_tool_properties_panel.cpp[0m
[2.049s] [ 24%] [34m[1mGenerating src/rviz_common/moc_time_panel.cpp[0m
[2.053s] [ 25%] [34m[1mGenerating src/rviz_common/moc_transformation_panel.cpp[0m
[2.055s] [ 26%] [34m[1mGenerating src/rviz_common/moc_views_panel.cpp[0m
[2.097s] [ 26%] [32mBuilding CXX object CMakeFiles/rviz_common.dir/src/rviz_common/moc_add_display_dialog.cpp.o[0m
[2.097s] [ 26%] [32mBuilding CXX object CMakeFiles/rviz_common.dir/include/rviz_common/properties/moc_property_tree_widget.cpp.o[0m
[2.098s] [ 26%] [32mBuilding CXX object CMakeFiles/rviz_common.dir/include/rviz_common/properties/moc_enum_property.cpp.o[0m
[2.098s] [ 27%] [32mBuilding CXX object CMakeFiles/rviz_common.dir/include/rviz_common/properties/moc_splitter_handle.cpp.o[0m
[2.098s] [ 28%] [32mBuilding CXX object CMakeFiles/rviz_common.dir/src/rviz_common/moc_help_panel.cpp.o[0m
[2.098s] [ 28%] [32mBuilding CXX object CMakeFiles/rviz_common.dir/include/rviz_common/moc_display_group.cpp.o[0m
[2.098s] [ 28%] [32mBuilding CXX object CMakeFiles/rviz_common.dir/include/rviz_common/moc_frame_position_tracking_view_controller.cpp.o[0m
[3.377s] [ 28%] [32m[1mLinking CXX static library libgtest_main.a[0m
[3.512s] [ 28%] Built target gtest_main
[3.529s] [ 29%] [32mBuilding CXX object CMakeFiles/rviz_common.dir/include/rviz_common/properties/moc_quaternion_property.cpp.o[0m
[3.926s] [ 29%] [32m[1mLinking CXX static library libgmock_main.a[0m
[4.058s] [ 29%] Built target gmock_main
[4.075s] [ 29%] [32mBuilding CXX object CMakeFiles/rviz_common.dir/include/rviz_common/moc_visualizer_app.cpp.o[0m
[4.767s] [ 30%] [32mBuilding CXX object CMakeFiles/rviz_common.dir/include/rviz_common/moc_display.cpp.o[0m
[5.028s] [ 30%] [32mBuilding CXX object CMakeFiles/rviz_common.dir/include/rviz_common/moc_display_context.cpp.o[0m
[5.116s] [ 30%] [32mBuilding CXX object CMakeFiles/rviz_common.dir/src/rviz_common/moc_displays_panel.cpp.o[0m
[5.286s] [ 31%] [32mBuilding CXX object CMakeFiles/rviz_common.dir/src/rviz_common/moc_failed_panel.cpp.o[0m
[5.373s] [ 31%] [32mBuilding CXX object CMakeFiles/rviz_common.dir/src/rviz_common/moc_frame_manager.cpp.o[0m
[5.555s] [ 31%] [32mBuilding CXX object CMakeFiles/rviz_common.dir/include/rviz_common/moc_frame_manager_iface.cpp.o[0m
[5.685s] [ 32%] [32mBuilding CXX object CMakeFiles/rviz_common.dir/src/rviz_common/moc_loading_dialog.cpp.o[0m
[7.079s] [ 32%] [32mBuilding CXX object CMakeFiles/rviz_common.dir/src/rviz_common/moc_new_object_dialog.cpp.o[0m
[8.053s] [ 33%] [32mBuilding CXX object CMakeFiles/rviz_common.dir/include/rviz_common/moc_panel.cpp.o[0m
[8.086s] [ 33%] [32mBuilding CXX object CMakeFiles/rviz_common.dir/include/rviz_common/moc_panel_dock_widget.cpp.o[0m
[8.400s] [ 33%] [32mBuilding CXX object CMakeFiles/rviz_common.dir/include/rviz_common/properties/moc_bool_property.cpp.o[0m
[8.583s] [ 33%] [32m[1mLinking CXX static library libgtest.a[0m
[8.617s] [ 34%] [32m[1mLinking CXX static library libgmock.a[0m
[8.790s] [ 34%] Built target gtest
[8.812s] [ 35%] [32mBuilding CXX object CMakeFiles/rviz_common.dir/include/rviz_common/properties/moc_color_editor.cpp.o[0m
[8.857s] [ 35%] Built target gmock
[8.876s] [ 35%] [32mBuilding CXX object CMakeFiles/rviz_common.dir/include/rviz_common/properties/moc_color_property.cpp.o[0m
[14.863s] [ 36%] [32mBuilding CXX object CMakeFiles/rviz_common.dir/include/rviz_common/properties/moc_covariance_property.cpp.o[0m
[14.863s] [ 36%] [32mBuilding CXX object CMakeFiles/rviz_common.dir/include/rviz_common/properties/moc_combo_box.cpp.o[0m
[14.863s] [ 36%] [32mBuilding CXX object CMakeFiles/rviz_common.dir/include/rviz_common/properties/moc_display_group_visibility_property.cpp.o[0m
[14.864s] [ 37%] [32mBuilding CXX object CMakeFiles/rviz_common.dir/include/rviz_common/properties/moc_display_visibility_property.cpp.o[0m
[14.864s] [ 37%] [32mBuilding CXX object CMakeFiles/rviz_common.dir/include/rviz_common/properties/moc_editable_combo_box.cpp.o[0m
[14.864s] [ 37%] [32mBuilding CXX object CMakeFiles/rviz_common.dir/include/rviz_common/properties/moc_editable_enum_property.cpp.o[0m
[14.864s] [ 38%] [32mBuilding CXX object CMakeFiles/rviz_common.dir/include/rviz_common/properties/moc_float_edit.cpp.o[0m
[14.864s] [ 38%] [32mBuilding CXX object CMakeFiles/rviz_common.dir/include/rviz_common/properties/moc_float_property.cpp.o[0m
[14.864s] [ 39%] [32mBuilding CXX object CMakeFiles/rviz_common.dir/include/rviz_common/properties/moc_int_property.cpp.o[0m
[14.864s] [ 39%] [32mBuilding CXX object CMakeFiles/rviz_common.dir/include/rviz_common/properties/moc_line_edit_with_button.cpp.o[0m
[14.865s] [ 39%] [32mBuilding CXX object CMakeFiles/rviz_common.dir/include/rviz_common/properties/moc_property.cpp.o[0m
[14.865s] [ 40%] [32mBuilding CXX object CMakeFiles/rviz_common.dir/include/rviz_common/properties/moc_property_tree_delegate.cpp.o[0m
[14.865s] [ 40%] [32mBuilding CXX object CMakeFiles/rviz_common.dir/include/rviz_common/properties/moc_property_tree_model.cpp.o[0m
[14.865s] [ 40%] [32mBuilding CXX object CMakeFiles/rviz_common.dir/include/rviz_common/properties/moc_property_tree_with_help.cpp.o[0m
[14.865s] [ 41%] [32mBuilding CXX object CMakeFiles/rviz_common.dir/include/rviz_common/properties/moc_qos_profile_property.cpp.o[0m
[14.865s] [ 41%] [32mBuilding CXX object CMakeFiles/rviz_common.dir/include/rviz_common/properties/moc_ros_topic_property.cpp.o[0m
[14.865s] [ 42%] [32mBuilding CXX object CMakeFiles/rviz_common.dir/include/rviz_common/properties/moc_status_list.cpp.o[0m
[15.115s] [ 42%] [32mBuilding CXX object CMakeFiles/rviz_common.dir/include/rviz_common/properties/moc_status_property.cpp.o[0m
[15.360s] [ 42%] [32mBuilding CXX object CMakeFiles/rviz_common.dir/include/rviz_common/properties/moc_string_property.cpp.o[0m
[15.872s] [ 43%] [32mBuilding CXX object CMakeFiles/rviz_common.dir/include/rviz_common/properties/moc_tf_frame_property.cpp.o[0m
[16.158s] [ 43%] [32mBuilding CXX object CMakeFiles/rviz_common.dir/include/rviz_common/properties/moc_vector_property.cpp.o[0m
[16.348s] [ 43%] [32mBuilding CXX object CMakeFiles/rviz_common.dir/include/rviz_common/moc_render_panel.cpp.o[0m
[16.591s] [ 44%] [32mBuilding CXX object CMakeFiles/rviz_common.dir/include/rviz_common/moc_visualization_manager.cpp.o[0m
[16.683s] [ 44%] [32mBuilding CXX object CMakeFiles/rviz_common.dir/src/rviz_common/moc_scaled_image_widget.cpp.o[0m
[17.068s] [ 45%] [32mBuilding CXX object CMakeFiles/rviz_common.dir/src/rviz_common/moc_screenshot_dialog.cpp.o[0m
[17.077s] [ 45%] [32mBuilding CXX object CMakeFiles/rviz_common.dir/include/rviz_common/interaction/moc_selection_manager.cpp.o[0m
[17.261s] [ 45%] [32mBuilding CXX object CMakeFiles/rviz_common.dir/include/rviz_common/interaction/moc_selection_manager_iface.cpp.o[0m
[17.463s] [ 46%] [32mBuilding CXX object CMakeFiles/rviz_common.dir/src/rviz_common/moc_splash_screen.cpp.o[0m
[17.921s] [ 46%] [32mBuilding CXX object CMakeFiles/rviz_common.dir/src/rviz_common/moc_time_panel.cpp.o[0m
[18.123s] [ 46%] [32mBuilding CXX object CMakeFiles/rviz_common.dir/include/rviz_common/moc_tool.cpp.o[0m
[19.268s] [ 47%] [32mBuilding CXX object CMakeFiles/rviz_common.dir/include/rviz_common/moc_tool_manager.cpp.o[0m
[19.625s] [ 47%] [32mBuilding CXX object CMakeFiles/rviz_common.dir/src/rviz_common/moc_tool_properties_panel.cpp.o[0m
[19.676s] [ 48%] [32mBuilding CXX object CMakeFiles/rviz_common.dir/include/rviz_common/transformation/moc_transformation_manager.cpp.o[0m
[19.677s] [ 48%] [32mBuilding CXX object CMakeFiles/rviz_common.dir/src/rviz_common/moc_transformation_panel.cpp.o[0m
[19.975s] [ 48%] [32mBuilding CXX object CMakeFiles/rviz_common.dir/include/rviz_common/moc_view_controller.cpp.o[0m
[20.669s] [ 49%] [32mBuilding CXX object CMakeFiles/rviz_common.dir/include/rviz_common/moc_view_manager.cpp.o[0m
[21.482s] [ 49%] [32mBuilding CXX object CMakeFiles/rviz_common.dir/src/rviz_common/moc_views_panel.cpp.o[0m
[21.785s] [ 49%] [32mBuilding CXX object CMakeFiles/rviz_common.dir/include/rviz_common/moc_visualization_frame.cpp.o[0m
[22.328s] [ 50%] [32mBuilding CXX object CMakeFiles/rviz_common.dir/src/rviz_common/moc_widget_geometry_change_detector.cpp.o[0m
[23.330s] [ 50%] [32mBuilding CXX object CMakeFiles/rviz_common.dir/include/rviz_common/moc_ros_topic_display.cpp.o[0m
[23.434s] [ 51%] [32mBuilding CXX object CMakeFiles/rviz_common.dir/src/rviz_common/env_config.cpp.o[0m
[23.618s] [ 51%] [32mBuilding CXX object CMakeFiles/rviz_common.dir/src/rviz_common/add_display_dialog.cpp.o[0m
[23.945s] [ 51%] [32mBuilding CXX object CMakeFiles/rviz_common.dir/src/rviz_common/bit_allocator.cpp.o[0m
[23.961s] [ 52%] [32mBuilding CXX object CMakeFiles/rviz_common.dir/src/rviz_common/config.cpp.o[0m
[24.021s] [ 52%] [32mBuilding CXX object CMakeFiles/rviz_common.dir/src/rviz_common/depth_cloud_mld.cpp.o[0m
[24.202s] [ 52%] [32mBuilding CXX object CMakeFiles/rviz_common.dir/src/rviz_common/display_factory.cpp.o[0m
[24.366s] [ 53%] [32mBuilding CXX object CMakeFiles/rviz_common.dir/src/rviz_common/display_group.cpp.o[0m
[25.255s] [ 53%] [32mBuilding CXX object CMakeFiles/rviz_common.dir/src/rviz_common/display.cpp.o[0m
[26.331s] [ 54%] [32mBuilding CXX object CMakeFiles/rviz_common.dir/src/rviz_common/displays_panel.cpp.o[0m
[26.431s] [ 54%] [32mBuilding CXX object CMakeFiles/rviz_common.dir/src/rviz_common/failed_display.cpp.o[0m
[26.455s] [ 54%] [32mBuilding CXX object CMakeFiles/rviz_common.dir/src/rviz_common/failed_panel.cpp.o[0m
[29.307s] [ 55%] [32mBuilding CXX object CMakeFiles/rviz_common.dir/src/rviz_common/failed_tool.cpp.o[0m
[29.373s] [ 55%] [32mBuilding CXX object CMakeFiles/rviz_common.dir/src/rviz_common/failed_view_controller.cpp.o[0m
[29.675s] [ 56%] [32mBuilding CXX object CMakeFiles/rviz_common.dir/src/rviz_common/frame_manager.cpp.o[0m
[29.820s] [ 56%] [32mBuilding CXX object CMakeFiles/rviz_common.dir/src/rviz_common/frame_position_tracking_view_controller.cpp.o[0m
[31.000s] [ 56%] [32mBuilding CXX object CMakeFiles/rviz_common.dir/src/rviz_common/help_panel.cpp.o[0m
[31.080s] [ 57%] [32mBuilding CXX object CMakeFiles/rviz_common.dir/src/rviz_common/load_resource.cpp.o[0m
[32.251s] [ 57%] [32mBuilding CXX object CMakeFiles/rviz_common.dir/src/rviz_common/loading_dialog.cpp.o[0m
[33.497s] [ 57%] [32mBuilding CXX object CMakeFiles/rviz_common.dir/src/rviz_common/logging.cpp.o[0m
[33.974s] [ 58%] [32mBuilding CXX object CMakeFiles/rviz_common.dir/src/rviz_common/new_object_dialog.cpp.o[0m
[34.681s] [ 58%] [32mBuilding CXX object CMakeFiles/rviz_common.dir/src/rviz_common/panel_dock_widget.cpp.o[0m
[34.717s] [ 59%] [32mBuilding CXX object CMakeFiles/rviz_common.dir/src/rviz_common/panel_factory.cpp.o[0m
[34.802s] [ 59%] [32mBuilding CXX object CMakeFiles/rviz_common.dir/src/rviz_common/panel.cpp.o[0m
[34.804s] [ 59%] [32mBuilding CXX object CMakeFiles/rviz_common.dir/src/rviz_common/properties/bool_property.cpp.o[0m
[36.572s] [ 60%] [32mBuilding CXX object CMakeFiles/rviz_common.dir/src/rviz_common/properties/color_editor.cpp.o[0m
[36.913s] [ 60%] [32mBuilding CXX object CMakeFiles/rviz_common.dir/src/rviz_common/properties/color_property.cpp.o[0m
[37.024s] [ 60%] [32mBuilding CXX object CMakeFiles/rviz_common.dir/src/rviz_common/properties/combo_box.cpp.o[0m
[37.232s] [ 61%] [32mBuilding CXX object CMakeFiles/rviz_common.dir/src/rviz_common/properties/covariance_property.cpp.o[0m
[37.346s] [ 61%] [32mBuilding CXX object CMakeFiles/rviz_common.dir/src/rviz_common/properties/display_group_visibility_property.cpp.o[0m
[37.376s] [ 62%] [32mBuilding CXX object CMakeFiles/rviz_common.dir/src/rviz_common/properties/display_visibility_property.cpp.o[0m
[37.472s] [ 62%] [32mBuilding CXX object CMakeFiles/rviz_common.dir/src/rviz_common/properties/editable_combo_box.cpp.o[0m
[37.875s] [ 62%] [32mBuilding CXX object CMakeFiles/rviz_common.dir/src/rviz_common/properties/editable_enum_property.cpp.o[0m
[39.450s] [ 63%] [32mBuilding CXX object CMakeFiles/rviz_common.dir/src/rviz_common/properties/enum_property.cpp.o[0m
[39.551s] [ 63%] [32mBuilding CXX object CMakeFiles/rviz_common.dir/src/rviz_common/properties/file_picker.cpp.o[0m
[39.572s] [ 63%] [32mBuilding CXX object CMakeFiles/rviz_common.dir/src/rviz_common/properties/file_picker_property.cpp.o[0m
[40.213s] [ 64%] [32mBuilding CXX object CMakeFiles/rviz_common.dir/src/rviz_common/properties/float_edit.cpp.o[0m
[40.312s] [ 64%] [32mBuilding CXX object CMakeFiles/rviz_common.dir/src/rviz_common/properties/float_property.cpp.o[0m
[40.456s] [ 65%] [32mBuilding CXX object CMakeFiles/rviz_common.dir/src/rviz_common/properties/grouped_checkbox_property.cpp.o[0m
[40.471s] [ 65%] [32mBuilding CXX object CMakeFiles/rviz_common.dir/src/rviz_common/properties/grouped_checkbox_property_group.cpp.o[0m
[42.008s] [ 65%] [32mBuilding CXX object CMakeFiles/rviz_common.dir/src/rviz_common/properties/int_property.cpp.o[0m
[42.070s] [ 66%] [32mBuilding CXX object CMakeFiles/rviz_common.dir/src/rviz_common/properties/line_edit_with_button.cpp.o[0m
[42.124s] [ 66%] [32mBuilding CXX object CMakeFiles/rviz_common.dir/src/rviz_common/properties/parse_color.cpp.o[0m
[42.510s] [ 66%] [32mBuilding CXX object CMakeFiles/rviz_common.dir/src/rviz_common/properties/property_tree_delegate.cpp.o[0m
[42.583s] [ 67%] [32mBuilding CXX object CMakeFiles/rviz_common.dir/src/rviz_common/properties/property_tree_model.cpp.o[0m
[42.725s] [ 67%] [32mBuilding CXX object CMakeFiles/rviz_common.dir/src/rviz_common/properties/property_tree_widget.cpp.o[0m
[42.748s] [ 68%] [32mBuilding CXX object CMakeFiles/rviz_common.dir/src/rviz_common/properties/property_tree_with_help.cpp.o[0m
[42.945s] [ 68%] [32mBuilding CXX object CMakeFiles/rviz_common.dir/src/rviz_common/properties/property.cpp.o[0m
[43.171s] [ 68%] [32mBuilding CXX object CMakeFiles/rviz_common.dir/src/rviz_common/properties/ros_topic_property.cpp.o[0m
[44.341s] [ 69%] [32mBuilding CXX object CMakeFiles/rviz_common.dir/src/rviz_common/properties/quaternion_property.cpp.o[0m
[44.415s] [ 69%] [32mBuilding CXX object CMakeFiles/rviz_common.dir/src/rviz_common/properties/qos_profile_property.cpp.o[0m
[44.623s] [ 69%] [32mBuilding CXX object CMakeFiles/rviz_common.dir/src/rviz_common/properties/splitter_handle.cpp.o[0m
[44.858s] [ 70%] [32mBuilding CXX object CMakeFiles/rviz_common.dir/src/rviz_common/properties/status_list.cpp.o[0m
[45.125s] [ 70%] [32mBuilding CXX object CMakeFiles/rviz_common.dir/src/rviz_common/properties/status_property.cpp.o[0m
[45.289s] [ 71%] [32mBuilding CXX object CMakeFiles/rviz_common.dir/src/rviz_common/properties/string_property.cpp.o[0m
[45.365s] [ 71%] [32mBuilding CXX object CMakeFiles/rviz_common.dir/src/rviz_common/properties/tf_frame_property.cpp.o[0m
[45.382s] [ 71%] [32mBuilding CXX object CMakeFiles/rviz_common.dir/src/rviz_common/properties/vector_property.cpp.o[0m
[45.525s] [ 72%] [32mBuilding CXX object CMakeFiles/rviz_common.dir/src/rviz_common/render_panel.cpp.o[0m
[45.605s] [ 72%] [32mBuilding CXX object CMakeFiles/rviz_common.dir/src/rviz_common/ros_integration/ros_client_abstraction.cpp.o[0m
[47.293s] [ 72%] [32mBuilding CXX object CMakeFiles/rviz_common.dir/src/rviz_common/ros_integration/ros_node_abstraction.cpp.o[0m
[47.320s] [ 73%] [32mBuilding CXX object CMakeFiles/rviz_common.dir/src/rviz_common/scaled_image_widget.cpp.o[0m
[47.346s] [ 73%] [32mBuilding CXX object CMakeFiles/rviz_common.dir/src/rviz_common/screenshot_dialog.cpp.o[0m
[47.461s] [ 74%] [32mBuilding CXX object CMakeFiles/rviz_common.dir/src/rviz_common/selection_panel.cpp.o[0m
[47.497s] [ 74%] [32mBuilding CXX object CMakeFiles/rviz_common.dir/src/rviz_common/interaction/handler_manager.cpp.o[0m
[47.536s] [ 74%] [32mBuilding CXX object CMakeFiles/rviz_common.dir/src/rviz_common/interaction/selection_handler.cpp.o[0m
[47.581s] [ 75%] [32mBuilding CXX object CMakeFiles/rviz_common.dir/src/rviz_common/interaction/selection_manager.cpp.o[0m
[48.303s] [ 75%] [32mBuilding CXX object CMakeFiles/rviz_common.dir/src/rviz_common/interaction/selection_renderer.cpp.o[0m
[49.504s] [ 76%] [32mBuilding CXX object CMakeFiles/rviz_common.dir/src/rviz_common/interaction/view_picker.cpp.o[0m
[50.160s] [ 76%] [32mBuilding CXX object CMakeFiles/rviz_common.dir/src/rviz_common/splash_screen.cpp.o[0m
[50.744s] [ 76%] [32mBuilding CXX object CMakeFiles/rviz_common.dir/src/rviz_common/time_panel.cpp.o[0m
[51.446s] [ 77%] [32mBuilding CXX object CMakeFiles/rviz_common.dir/src/rviz_common/transformation/identity_frame_transformer.cpp.o[0m
[51.660s] [ 77%] [32mBuilding CXX object CMakeFiles/rviz_common.dir/src/rviz_common/tool_manager.cpp.o[0m
[52.397s] [ 77%] [32mBuilding CXX object CMakeFiles/rviz_common.dir/src/rviz_common/tool_properties_panel.cpp.o[0m
[53.182s] [ 78%] [32mBuilding CXX object CMakeFiles/rviz_common.dir/src/rviz_common/tool.cpp.o[0m
[53.459s] [ 78%] [32mBuilding CXX object CMakeFiles/rviz_common.dir/src/rviz_common/transformation_panel.cpp.o[0m
[56.452s] [ 79%] [32mBuilding CXX object CMakeFiles/rviz_common.dir/src/rviz_common/transformation/transformation_manager.cpp.o[0m
[57.855s] [ 79%] [32mBuilding CXX object CMakeFiles/rviz_common.dir/src/rviz_common/uniform_string_stream.cpp.o[0m
[58.108s] [ 79%] [32mBuilding CXX object CMakeFiles/rviz_common.dir/src/rviz_common/view_controller.cpp.o[0m
[58.628s] [ 80%] [32mBuilding CXX object CMakeFiles/rviz_common.dir/src/rviz_common/view_manager.cpp.o[0m
[58.694s] [ 80%] [32mBuilding CXX object CMakeFiles/rviz_common.dir/src/rviz_common/views_panel.cpp.o[0m
[59.051s] [ 80%] [32mBuilding CXX object CMakeFiles/rviz_common.dir/src/rviz_common/viewport_mouse_event.cpp.o[0m
[59.552s] [ 81%] [32mBuilding CXX object CMakeFiles/rviz_common.dir/src/rviz_common/visualization_frame.cpp.o[0m
[60.096s] [ 81%] [32mBuilding CXX object CMakeFiles/rviz_common.dir/src/rviz_common/visualization_manager.cpp.o[0m
[60.511s] [ 82%] [32mBuilding CXX object CMakeFiles/rviz_common.dir/src/rviz_common/visualizer_app.cpp.o[0m
[61.176s] [ 82%] [32mBuilding CXX object CMakeFiles/rviz_common.dir/src/rviz_common/widget_geometry_change_detector.cpp.o[0m
[61.842s] [ 82%] [32mBuilding CXX object CMakeFiles/rviz_common.dir/src/rviz_common/yaml_config_reader.cpp.o[0m
[62.736s] [ 83%] [32mBuilding CXX object CMakeFiles/rviz_common.dir/src/rviz_common/yaml_config_writer.cpp.o[0m
[69.686s] [ 83%] [32m[1mLinking CXX shared library librviz_common.so[0m
[71.914s] [ 83%] Built target rviz_common
[71.935s] [ 83%] [34m[1mGenerating test/moc_mock_property_change_receiver.cpp[0m
[71.938s] [ 84%] [34m[1mGenerating test/moc_mock_property_change_receiver.cpp[0m
[71.958s] [ 84%] [32mBuilding CXX object CMakeFiles/display_factory_test.dir/test/display_factory_test.cpp.o[0m
[71.959s] [ 84%] [32mBuilding CXX object CMakeFiles/frame_manager_test.dir/test/frame_manager_test.cpp.o[0m
[71.959s] [ 84%] [32mBuilding CXX object CMakeFiles/rviz_common_config_test.dir/test/config_test.cpp.o[0m
[71.959s] [ 84%] [32mBuilding CXX object CMakeFiles/rviz_common_visualizer_app_test.dir/test/visualizer_app_test.cpp.o[0m
[71.959s] [ 84%] [32mBuilding CXX object CMakeFiles/qos_profile_property_test.dir/test/properties/qos_profile_property_test.cpp.o[0m
[71.960s] [ 84%] [32mBuilding CXX object CMakeFiles/rviz_common_uniform_string_stream_test.dir/test/uniform_string_stream_test.cpp.o[0m
[71.960s] [ 85%] [32mBuilding CXX object CMakeFiles/identity_transformer_test.dir/test/transformation/identity_frame_transformer_test.cpp.o[0m
[71.960s] [ 85%] [34m[1mGenerating test/moc_mock_display.cpp[0m
[71.961s] [ 85%] [32mBuilding CXX object CMakeFiles/selection_manager_test.dir/test/interaction/selection_manager_test.cpp.o[0m
[71.961s] [ 86%] [32mBuilding CXX object CMakeFiles/selection_handler_test.dir/test/interaction/selection_handler_test.cpp.o[0m
[71.961s] [ 86%] [34m[1mGenerating test/moc_mock_display.cpp[0m
[71.962s] [ 87%] [32mBuilding CXX object CMakeFiles/rviz_common_ros_node_abstraction_test.dir/test/ros_node_abstraction_test.cpp.o[0m
[72.009s] [ 87%] [32mBuilding CXX object CMakeFiles/rviz_common_property_test.dir/test/moc_mock_display.cpp.o[0m
[72.011s] [ 87%] [32mBuilding CXX object CMakeFiles/rviz_common_display_test.dir/test/moc_mock_display.cpp.o[0m
[74.731s] [ 88%] [32m[1mLinking CXX executable rviz_common_uniform_string_stream_test[0m
[75.331s] [ 89%] [32mBuilding CXX object CMakeFiles/rviz_common_property_test.dir/test/moc_mock_property_change_receiver.cpp.o[0m
[75.355s] [ 89%] [32mBuilding CXX object CMakeFiles/rviz_common_display_test.dir/test/moc_mock_property_change_receiver.cpp.o[0m
[75.914s] [ 90%] [32m[1mLinking CXX executable rviz_common_config_test[0m
[76.274s] [ 90%] Built target rviz_common_uniform_string_stream_test
[76.293s] [ 91%] [32mBuilding CXX object CMakeFiles/frame_manager_test.dir/src/rviz_common/frame_manager.cpp.o[0m
[77.586s] [ 91%] [32mBuilding CXX object CMakeFiles/rviz_common_property_test.dir/test/property_test.cpp.o[0m
[77.728s] [ 92%] [32mBuilding CXX object CMakeFiles/rviz_common_display_test.dir/test/display_test.cpp.o[0m
[77.919s] [ 92%] [32m[1mLinking CXX executable qos_profile_property_test[0m
[78.147s] [ 92%] Built target rviz_common_config_test
[78.164s] [ 93%] [32mBuilding CXX object CMakeFiles/selection_manager_test.dir/test/display_context_fixture.cpp.o[0m
[79.809s] [ 93%] [32mBuilding CXX object CMakeFiles/display_factory_test.dir/src/rviz_common/display_factory.cpp.o[0m
[80.471s] [ 93%] Built target qos_profile_property_test
[80.486s] [ 93%] [32mBuilding CXX object CMakeFiles/rviz_common_property_test.dir/test/mock_display.cpp.o[0m
[80.626s] [ 93%] [32m[1mLinking CXX executable rviz_common_ros_node_abstraction_test[0m
[82.200s] [ 93%] Built target rviz_common_ros_node_abstraction_test
[82.216s] [ 93%] [32mBuilding CXX object CMakeFiles/selection_manager_test.dir/test/ogre_testing_environment.cpp.o[0m
[82.537s] [ 94%] [32m[1mLinking CXX executable identity_transformer_test[0m
[82.537s] [ 94%] [32mBuilding CXX object CMakeFiles/rviz_common_display_test.dir/test/mock_display.cpp.o[0m
[82.652s] [ 94%] [32mBuilding CXX object CMakeFiles/frame_manager_test.dir/src/rviz_common/moc_frame_manager.cpp.o[0m
[83.626s] [ 95%] [32mBuilding CXX object CMakeFiles/rviz_common_property_test.dir/test/mock_property_change_receiver.cpp.o[0m
[84.275s] [ 95%] [32m[1mLinking CXX executable rviz_common_visualizer_app_test[0m
[84.535s] [ 95%] [32mBuilding CXX object CMakeFiles/selection_handler_test.dir/test/display_context_fixture.cpp.o[0m
[84.846s] [ 95%] Built target identity_transformer_test
[84.863s] [ 96%] [32mBuilding CXX object CMakeFiles/selection_handler_test.dir/test/ogre_testing_environment.cpp.o[0m
[85.525s] [ 96%] [32mBuilding CXX object CMakeFiles/rviz_common_display_test.dir/test/mock_display_group.cpp.o[0m
[85.833s] [ 96%] [32m[1mLinking CXX executable rviz_common_property_test[0m
[86.461s] [ 96%] Built target rviz_common_visualizer_app_test
[86.477s] [ 97%] [32mBuilding CXX object CMakeFiles/rviz_common_display_test.dir/test/mock_property_change_receiver.cpp.o[0m
[87.746s] [ 98%] [32m[1mLinking CXX executable display_factory_test[0m
[88.773s] [ 98%] [32m[1mLinking CXX executable rviz_common_display_test[0m
[88.858s] [ 98%] Built target rviz_common_property_test
[89.839s] [ 99%] [32m[1mLinking CXX executable frame_manager_test[0m
[90.685s] [ 99%] Built target display_factory_test
[91.158s] [ 99%] Built target rviz_common_display_test
[91.599s] [ 99%] Built target frame_manager_test
[93.785s] [100%] [32m[1mLinking CXX executable selection_manager_test[0m
[95.172s] [100%] Built target selection_manager_test
[96.355s] [100%] [32m[1mLinking CXX executable selection_handler_test[0m
[97.658s] [100%] Built target selection_handler_test
[97.669s] Invoked command in '/home/quang/Downloads/rviz_ubuntu22_1.0/build/rviz_common' returned '0': AMENT_PREFIX_PATH=/home/quang/Downloads/rviz_ubuntu22_1.0/install/rviz_rendering:${AMENT_PREFIX_PATH} CMAKE_PREFIX_PATH=/home/quang/Downloads/rviz_ubuntu22_1.0/install/rviz_rendering:/opt/ros/humble LD_LIBRARY_PATH=/home/quang/Downloads/rviz_ubuntu22_1.0/install/rviz_rendering/lib:/opt/ros/humble/opt/rviz_ogre_vendor/lib:/opt/ros/humble/lib/x86_64-linux-gnu:/opt/ros/humble/lib:/home/quang/Libraries/OpenCV_4.7.0/opencv/build/lib /usr/bin/cmake --build /home/quang/Downloads/rviz_ubuntu22_1.0/build/rviz_common -- -j12 -l12
[98.055s] Invoking command in '/home/quang/Downloads/rviz_ubuntu22_1.0/build/rviz_common': AMENT_PREFIX_PATH=/home/quang/Downloads/rviz_ubuntu22_1.0/install/rviz_rendering:${AMENT_PREFIX_PATH} CMAKE_PREFIX_PATH=/home/quang/Downloads/rviz_ubuntu22_1.0/install/rviz_rendering:/opt/ros/humble LD_LIBRARY_PATH=/home/quang/Downloads/rviz_ubuntu22_1.0/install/rviz_rendering/lib:/opt/ros/humble/opt/rviz_ogre_vendor/lib:/opt/ros/humble/lib/x86_64-linux-gnu:/opt/ros/humble/lib:/home/quang/Libraries/OpenCV_4.7.0/opencv/build/lib /usr/bin/cmake --install /home/quang/Downloads/rviz_ubuntu22_1.0/build/rviz_common
[98.061s] -- Install configuration: ""
[98.061s] -- Installing: /home/quang/Downloads/rviz_ubuntu22_1.0/install/rviz_common/share/rviz_common/environment/library_path.sh
[98.061s] -- Installing: /home/quang/Downloads/rviz_ubuntu22_1.0/install/rviz_common/share/rviz_common/environment/library_path.dsv
[98.061s] -- Installing: /home/quang/Downloads/rviz_ubuntu22_1.0/install/rviz_common/lib/librviz_common.so
[98.072s] -- Set runtime path of "/home/quang/Downloads/rviz_ubuntu22_1.0/install/rviz_common/lib/librviz_common.so" to ""
[98.072s] -- Installing: /home/quang/Downloads/rviz_ubuntu22_1.0/install/rviz_common/include/rviz_common
[98.072s] -- Installing: /home/quang/Downloads/rviz_ubuntu22_1.0/install/rviz_common/include/rviz_common/rviz_common
[98.072s] -- Installing: /home/quang/Downloads/rviz_ubuntu22_1.0/install/rviz_common/include/rviz_common/rviz_common/bit_allocator.hpp
[98.072s] -- Installing: /home/quang/Downloads/rviz_ubuntu22_1.0/install/rviz_common/include/rviz_common/rviz_common/validate_floats.hpp
[98.073s] -- Installing: /home/quang/Downloads/rviz_ubuntu22_1.0/install/rviz_common/include/rviz_common/rviz_common/viewport_mouse_event.hpp
[98.073s] -- Installing: /home/quang/Downloads/rviz_ubuntu22_1.0/install/rviz_common/include/rviz_common/rviz_common/window_manager_interface.hpp
[98.073s] -- Installing: /home/quang/Downloads/rviz_ubuntu22_1.0/install/rviz_common/include/rviz_common/rviz_common/ros_topic_display.hpp
[98.073s] -- Installing: /home/quang/Downloads/rviz_ubuntu22_1.0/install/rviz_common/include/rviz_common/rviz_common/ros_integration
[98.073s] -- Installing: /home/quang/Downloads/rviz_ubuntu22_1.0/install/rviz_common/include/rviz_common/rviz_common/ros_integration/ros_node_abstraction.hpp
[98.073s] -- Installing: /home/quang/Downloads/rviz_ubuntu22_1.0/install/rviz_common/include/rviz_common/rviz_common/ros_integration/ros_client_abstraction.hpp
[98.073s] -- Installing: /home/quang/Downloads/rviz_ubuntu22_1.0/install/rviz_common/include/rviz_common/rviz_common/ros_integration/ros_node_abstraction_iface.hpp
[98.073s] -- Installing: /home/quang/Downloads/rviz_ubuntu22_1.0/install/rviz_common/include/rviz_common/rviz_common/ros_integration/ros_client_abstraction_iface.hpp
[98.073s] -- Installing: /home/quang/Downloads/rviz_ubuntu22_1.0/install/rviz_common/include/rviz_common/rviz_common/view_manager.hpp
[98.073s] -- Installing: /home/quang/Downloads/rviz_ubuntu22_1.0/install/rviz_common/include/rviz_common/rviz_common/tool.hpp
[98.073s] -- Installing: /home/quang/Downloads/rviz_ubuntu22_1.0/install/rviz_common/include/rviz_common/rviz_common/factory
[98.073s] -- Installing: /home/quang/Downloads/rviz_ubuntu22_1.0/install/rviz_common/include/rviz_common/rviz_common/factory/pluginlib_factory.hpp
[98.074s] -- Installing: /home/quang/Downloads/rviz_ubuntu22_1.0/install/rviz_common/include/rviz_common/rviz_common/factory/class_id_recording_factory.hpp
[98.074s] -- Installing: /home/quang/Downloads/rviz_ubuntu22_1.0/install/rviz_common/include/rviz_common/rviz_common/factory/factory.hpp
[98.074s] -- Installing: /home/quang/Downloads/rviz_ubuntu22_1.0/install/rviz_common/include/rviz_common/rviz_common/msg_conversions.hpp
[98.074s] -- Installing: /home/quang/Downloads/rviz_ubuntu22_1.0/install/rviz_common/include/rviz_common/rviz_common/visualizer_app.hpp
[98.074s] -- Installing: /home/quang/Downloads/rviz_ubuntu22_1.0/install/rviz_common/include/rviz_common/rviz_common/frame_position_tracking_view_controller.hpp
[98.074s] -- Installing: /home/quang/Downloads/rviz_ubuntu22_1.0/install/rviz_common/include/rviz_common/rviz_common/panel.hpp
[98.074s] -- Installing: /home/quang/Downloads/rviz_ubuntu22_1.0/install/rviz_common/include/rviz_common/rviz_common/panel_dock_widget.hpp
[98.074s] -- Installing: /home/quang/Downloads/rviz_ubuntu22_1.0/install/rviz_common/include/rviz_common/rviz_common/properties
[98.074s] -- Installing: /home/quang/Downloads/rviz_ubuntu22_1.0/install/rviz_common/include/rviz_common/rviz_common/properties/display_visibility_property.hpp
[98.074s] -- Installing: /home/quang/Downloads/rviz_ubuntu22_1.0/install/rviz_common/include/rviz_common/rviz_common/properties/bool_property.hpp
[98.074s] -- Installing: /home/quang/Downloads/rviz_ubuntu22_1.0/install/rviz_common/include/rviz_common/rviz_common/properties/line_edit_with_button.hpp
[98.075s] -- Installing: /home/quang/Downloads/rviz_ubuntu22_1.0/install/rviz_common/include/rviz_common/rviz_common/properties/property_tree_with_help.hpp
[98.075s] -- Installing: /home/quang/Downloads/rviz_ubuntu22_1.0/install/rviz_common/include/rviz_common/rviz_common/properties/editable_enum_property.hpp
[98.075s] -- Installing: /home/quang/Downloads/rviz_ubuntu22_1.0/install/rviz_common/include/rviz_common/rviz_common/properties/property_tree_delegate.hpp
[98.075s] -- Installing: /home/quang/Downloads/rviz_ubuntu22_1.0/install/rviz_common/include/rviz_common/rviz_common/properties/status_property.hpp
[98.075s] -- Installing: /home/quang/Downloads/rviz_ubuntu22_1.0/install/rviz_common/include/rviz_common/rviz_common/properties/property_tree_model.hpp
[98.075s] -- Installing: /home/quang/Downloads/rviz_ubuntu22_1.0/install/rviz_common/include/rviz_common/rviz_common/properties/status_list.hpp
[98.075s] -- Installing: /home/quang/Downloads/rviz_ubuntu22_1.0/install/rviz_common/include/rviz_common/rviz_common/properties/editable_combo_box.hpp
[98.075s] -- Installing: /home/quang/Downloads/rviz_ubuntu22_1.0/install/rviz_common/include/rviz_common/rviz_common/properties/float_property.hpp
[98.076s] -- Installing: /home/quang/Downloads/rviz_ubuntu22_1.0/install/rviz_common/include/rviz_common/rviz_common/properties/color_editor.hpp
[98.076s] -- Installing: /home/quang/Downloads/rviz_ubuntu22_1.0/install/rviz_common/include/rviz_common/rviz_common/properties/string_property.hpp
[98.076s] -- Installing: /home/quang/Downloads/rviz_ubuntu22_1.0/install/rviz_common/include/rviz_common/rviz_common/properties/float_edit.hpp
[98.076s] -- Installing: /home/quang/Downloads/rviz_ubuntu22_1.0/install/rviz_common/include/rviz_common/rviz_common/properties/parse_color.hpp
[98.076s] -- Installing: /home/quang/Downloads/rviz_ubuntu22_1.0/install/rviz_common/include/rviz_common/rviz_common/properties/display_group_visibility_property.hpp
[98.076s] -- Installing: /home/quang/Downloads/rviz_ubuntu22_1.0/install/rviz_common/include/rviz_common/rviz_common/properties/vector_property.hpp
[98.076s] -- Installing: /home/quang/Downloads/rviz_ubuntu22_1.0/install/rviz_common/include/rviz_common/rviz_common/properties/ros_topic_property.hpp
[98.076s] -- Installing: /home/quang/Downloads/rviz_ubuntu22_1.0/install/rviz_common/include/rviz_common/rviz_common/properties/grouped_checkbox_property.hpp
[98.076s] -- Installing: /home/quang/Downloads/rviz_ubuntu22_1.0/install/rviz_common/include/rviz_common/rviz_common/properties/color_property.hpp
[98.076s] -- Installing: /home/quang/Downloads/rviz_ubuntu22_1.0/install/rviz_common/include/rviz_common/rviz_common/properties/int_property.hpp
[98.076s] -- Installing: /home/quang/Downloads/rviz_ubuntu22_1.0/install/rviz_common/include/rviz_common/rviz_common/properties/splitter_handle.hpp
[98.077s] -- Installing: /home/quang/Downloads/rviz_ubuntu22_1.0/install/rviz_common/include/rviz_common/rviz_common/properties/tf_frame_property.hpp
[98.077s] -- Installing: /home/quang/Downloads/rviz_ubuntu22_1.0/install/rviz_common/include/rviz_common/rviz_common/properties/file_picker_property.hpp
[98.077s] -- Installing: /home/quang/Downloads/rviz_ubuntu22_1.0/install/rviz_common/include/rviz_common/rviz_common/properties/covariance_property.hpp
[98.077s] -- Installing: /home/quang/Downloads/rviz_ubuntu22_1.0/install/rviz_common/include/rviz_common/rviz_common/properties/enum_property.hpp
[98.077s] -- Installing: /home/quang/Downloads/rviz_ubuntu22_1.0/install/rviz_common/include/rviz_common/rviz_common/properties/property_tree_widget.hpp
[98.077s] -- Installing: /home/quang/Downloads/rviz_ubuntu22_1.0/install/rviz_common/include/rviz_common/rviz_common/properties/quaternion_property.hpp
[98.077s] -- Installing: /home/quang/Downloads/rviz_ubuntu22_1.0/install/rviz_common/include/rviz_common/rviz_common/properties/grouped_checkbox_property_group.hpp
[98.077s] -- Installing: /home/quang/Downloads/rviz_ubuntu22_1.0/install/rviz_common/include/rviz_common/rviz_common/properties/combo_box.hpp
[98.077s] -- Installing: /home/quang/Downloads/rviz_ubuntu22_1.0/install/rviz_common/include/rviz_common/rviz_common/properties/qos_profile_property.hpp
[98.077s] -- Installing: /home/quang/Downloads/rviz_ubuntu22_1.0/install/rviz_common/include/rviz_common/rviz_common/properties/property.hpp
[98.078s] -- Installing: /home/quang/Downloads/rviz_ubuntu22_1.0/install/rviz_common/include/rviz_common/rviz_common/display_group.hpp
[98.078s] -- Installing: /home/quang/Downloads/rviz_ubuntu22_1.0/install/rviz_common/include/rviz_common/rviz_common/load_resource.hpp
[98.078s] -- Installing: /home/quang/Downloads/rviz_ubuntu22_1.0/install/rviz_common/include/rviz_common/rviz_common/frame_manager_iface.hpp
[98.078s] -- Installing: /home/quang/Downloads/rviz_ubuntu22_1.0/install/rviz_common/include/rviz_common/rviz_common/uniform_string_stream.hpp
[98.078s] -- Installing: /home/quang/Downloads/rviz_ubuntu22_1.0/install/rviz_common/include/rviz_common/rviz_common/yaml_config_writer.hpp
[98.078s] -- Installing: /home/quang/Downloads/rviz_ubuntu22_1.0/install/rviz_common/include/rviz_common/rviz_common/yaml_config_reader.hpp
[98.078s] -- Installing: /home/quang/Downloads/rviz_ubuntu22_1.0/install/rviz_common/include/rviz_common/rviz_common/display_context.hpp
[98.078s] -- Installing: /home/quang/Downloads/rviz_ubuntu22_1.0/install/rviz_common/include/rviz_common/rviz_common/transformation
[98.078s] -- Installing: /home/quang/Downloads/rviz_ubuntu22_1.0/install/rviz_common/include/rviz_common/rviz_common/transformation/frame_transformer.hpp
[98.078s] -- Installing: /home/quang/Downloads/rviz_ubuntu22_1.0/install/rviz_common/include/rviz_common/rviz_common/transformation/tf2_helpers
[98.078s] -- Installing: /home/quang/Downloads/rviz_ubuntu22_1.0/install/rviz_common/include/rviz_common/rviz_common/transformation/tf2_helpers/tf2_conversion_helpers.hpp
[98.079s] -- Installing: /home/quang/Downloads/rviz_ubuntu22_1.0/install/rviz_common/include/rviz_common/rviz_common/transformation/transformation_manager.hpp
[98.079s] -- Installing: /home/quang/Downloads/rviz_ubuntu22_1.0/install/rviz_common/include/rviz_common/rviz_common/tool_manager.hpp
[98.079s] -- Installing: /home/quang/Downloads/rviz_ubuntu22_1.0/install/rviz_common/include/rviz_common/rviz_common/view_controller.hpp
[98.079s] -- Installing: /home/quang/Downloads/rviz_ubuntu22_1.0/install/rviz_common/include/rviz_common/rviz_common/logging.hpp
[98.079s] -- Installing: /home/quang/Downloads/rviz_ubuntu22_1.0/install/rviz_common/include/rviz_common/rviz_common/visualization_manager.hpp
[98.079s] -- Installing: /home/quang/Downloads/rviz_ubuntu22_1.0/install/rviz_common/include/rviz_common/rviz_common/message_filter_display.hpp
[98.079s] -- Installing: /home/quang/Downloads/rviz_ubuntu22_1.0/install/rviz_common/include/rviz_common/rviz_common/depth_cloud_mld.hpp
[98.079s] -- Installing: /home/quang/Downloads/rviz_ubuntu22_1.0/install/rviz_common/include/rviz_common/rviz_common/display.hpp
[98.079s] -- Installing: /home/quang/Downloads/rviz_ubuntu22_1.0/install/rviz_common/include/rviz_common/rviz_common/render_panel.hpp
[98.079s] -- Installing: /home/quang/Downloads/rviz_ubuntu22_1.0/install/rviz_common/include/rviz_common/rviz_common/interaction
[98.080s] -- Installing: /home/quang/Downloads/rviz_ubuntu22_1.0/install/rviz_common/include/rviz_common/rviz_common/interaction/handler_manager.hpp
[98.080s] -- Installing: /home/quang/Downloads/rviz_ubuntu22_1.0/install/rviz_common/include/rviz_common/rviz_common/interaction/selection_renderer.hpp
[98.080s] -- Installing: /home/quang/Downloads/rviz_ubuntu22_1.0/install/rviz_common/include/rviz_common/rviz_common/interaction/view_picker.hpp
[98.080s] -- Installing: /home/quang/Downloads/rviz_ubuntu22_1.0/install/rviz_common/include/rviz_common/rviz_common/interaction/forwards.hpp
[98.080s] -- Installing: /home/quang/Downloads/rviz_ubuntu22_1.0/install/rviz_common/include/rviz_common/rviz_common/interaction/handler_manager_iface.hpp
[98.080s] -- Installing: /home/quang/Downloads/rviz_ubuntu22_1.0/install/rviz_common/include/rviz_common/rviz_common/interaction/handler_manager_listener.hpp
[98.080s] -- Installing: /home/quang/Downloads/rviz_ubuntu22_1.0/install/rviz_common/include/rviz_common/rviz_common/interaction/selection_manager.hpp
[98.080s] -- Installing: /home/quang/Downloads/rviz_ubuntu22_1.0/install/rviz_common/include/rviz_common/rviz_common/interaction/view_picker_iface.hpp
[98.080s] -- Installing: /home/quang/Downloads/rviz_ubuntu22_1.0/install/rviz_common/include/rviz_common/rviz_common/interaction/selection_handler.hpp
[98.080s] -- Installing: /home/quang/Downloads/rviz_ubuntu22_1.0/install/rviz_common/include/rviz_common/rviz_common/interaction/selection_manager_iface.hpp
[98.081s] -- Installing: /home/quang/Downloads/rviz_ubuntu22_1.0/install/rviz_common/include/rviz_common/rviz_common/config.hpp
[98.081s] -- Installing: /home/quang/Downloads/rviz_ubuntu22_1.0/install/rviz_common/include/rviz_common/rviz_common/interactive_object.hpp
[98.081s] -- Installing: /home/quang/Downloads/rviz_ubuntu22_1.0/install/rviz_common/include/rviz_common/rviz_common/visibility_control.hpp
[98.081s] -- Installing: /home/quang/Downloads/rviz_ubuntu22_1.0/install/rviz_common/include/rviz_common/rviz_common/visualization_frame.hpp
[98.081s] -- Installing: /home/quang/Downloads/rviz_ubuntu22_1.0/install/rviz_common/share/rviz_common/default.rviz
[98.081s] -- Installing: /home/quang/Downloads/rviz_ubuntu22_1.0/install/rviz_common/share/rviz_common/icons
[98.081s] -- Installing: /home/quang/Downloads/rviz_ubuntu22_1.0/install/rviz_common/share/rviz_common/icons/minus.png
[98.081s] -- Installing: /home/quang/Downloads/rviz_ubuntu22_1.0/install/rviz_common/share/rviz_common/icons/package.png
[98.081s] -- Installing: /home/quang/Downloads/rviz_ubuntu22_1.0/install/rviz_common/share/rviz_common/icons/rotate.svg
[98.082s] -- Installing: /home/quang/Downloads/rviz_ubuntu22_1.0/install/rviz_common/share/rviz_common/icons/move2d.svg
[98.082s] -- Installing: /home/quang/Downloads/rviz_ubuntu22_1.0/install/rviz_common/share/rviz_common/icons/warning.png
[98.082s] -- Installing: /home/quang/Downloads/rviz_ubuntu22_1.0/install/rviz_common/share/rviz_common/icons/zoom.svg
[98.082s] -- Installing: /home/quang/Downloads/rviz_ubuntu22_1.0/install/rviz_common/share/rviz_common/icons/close.png
[98.082s] -- Installing: /home/quang/Downloads/rviz_ubuntu22_1.0/install/rviz_common/share/rviz_common/icons/error.png
[98.082s] -- Installing: /home/quang/Downloads/rviz_ubuntu22_1.0/install/rviz_common/share/rviz_common/icons/rotate_cam.svg
[98.082s] -- Installing: /home/quang/Downloads/rviz_ubuntu22_1.0/install/rviz_common/share/rviz_common/icons/options.png
[98.082s] -- Installing: /home/quang/Downloads/rviz_ubuntu22_1.0/install/rviz_common/share/rviz_common/icons/ok.png
[98.082s] -- Installing: /home/quang/Downloads/rviz_ubuntu22_1.0/install/rviz_common/share/rviz_common/icons/move1d.svg
[98.082s] -- Installing: /home/quang/Downloads/rviz_ubuntu22_1.0/install/rviz_common/share/rviz_common/icons/classes
[98.082s] -- Installing: /home/quang/Downloads/rviz_ubuntu22_1.0/install/rviz_common/share/rviz_common/icons/classes/Transformation.png
[98.083s] -- Installing: /home/quang/Downloads/rviz_ubuntu22_1.0/install/rviz_common/share/rviz_common/icons/classes/Help.svg
[98.083s] -- Installing: /home/quang/Downloads/rviz_ubuntu22_1.0/install/rviz_common/share/rviz_common/icons/classes/Group.png
[98.083s] -- Installing: /home/quang/Downloads/rviz_ubuntu22_1.0/install/rviz_common/share/rviz_common/icons/classes/Displays.svg
[98.083s] -- Installing: /home/quang/Downloads/rviz_ubuntu22_1.0/install/rviz_common/share/rviz_common/icons/classes/Time.png
[98.083s] -- Installing: /home/quang/Downloads/rviz_ubuntu22_1.0/install/rviz_common/share/rviz_common/icons/classes/Selection.png
[98.083s] -- Installing: /home/quang/Downloads/rviz_ubuntu22_1.0/install/rviz_common/share/rviz_common/icons/classes/Views.svg
[98.083s] -- Installing: /home/quang/Downloads/rviz_ubuntu22_1.0/install/rviz_common/share/rviz_common/icons/classes/Tool Properties.png
[98.083s] -- Installing: /home/quang/Downloads/rviz_ubuntu22_1.0/install/rviz_common/share/rviz_common/icons/right_dock.svg
[98.083s] -- Installing: /home/quang/Downloads/rviz_ubuntu22_1.0/install/rviz_common/share/rviz_common/icons/default_package_icon.png
[98.083s] -- Installing: /home/quang/Downloads/rviz_ubuntu22_1.0/install/rviz_common/share/rviz_common/icons/cursor.svg
[98.084s] -- Installing: /home/quang/Downloads/rviz_ubuntu22_1.0/install/rviz_common/share/rviz_common/icons/plus.png
[98.084s] -- Installing: /home/quang/Downloads/rviz_ubuntu22_1.0/install/rviz_common/share/rviz_common/icons/left_dock.svg
[98.084s] -- Installing: /home/quang/Downloads/rviz_ubuntu22_1.0/install/rviz_common/share/rviz_common/icons/default_class_icon.png
[98.084s] -- Installing: /home/quang/Downloads/rviz_ubuntu22_1.0/install/rviz_common/share/rviz_common/icons/forbidden.svg
[98.084s] -- Installing: /home/quang/Downloads/rviz_ubuntu22_1.0/install/rviz_common/share/rviz_common/icons/moverotate.svg
[98.084s] -- Installing: /home/quang/Downloads/rviz_ubuntu22_1.0/install/rviz_common/share/rviz_common/icons/menu.svg
[98.084s] -- Installing: /home/quang/Downloads/rviz_ubuntu22_1.0/install/rviz_common/share/rviz_common/icons/move_z.svg
[98.084s] -- Installing: /home/quang/Downloads/rviz_ubuntu22_1.0/install/rviz_common/share/rviz_common/icons/crosshair.svg
[98.084s] -- Installing: /home/quang/Downloads/rviz_ubuntu22_1.0/install/rviz_common/share/rviz_common/images
[98.084s] -- Installing: /home/quang/Downloads/rviz_ubuntu22_1.0/install/rviz_common/share/rviz_common/images/splash_overlay.png
[98.085s] -- Installing: /home/quang/Downloads/rviz_ubuntu22_1.0/install/rviz_common/share/rviz_common/images/splash.png
[98.085s] -- Installing: /home/quang/Downloads/rviz_ubuntu22_1.0/install/rviz_common/share/rviz_common/help
[98.085s] -- Installing: /home/quang/Downloads/rviz_ubuntu22_1.0/install/rviz_common/share/rviz_common/help/help.html
[98.085s] -- Installing: /home/quang/Downloads/rviz_ubuntu22_1.0/install/rviz_common/share/ament_index/resource_index/package_run_dependencies/rviz_common
[98.085s] -- Installing: /home/quang/Downloads/rviz_ubuntu22_1.0/install/rviz_common/share/ament_index/resource_index/parent_prefix_path/rviz_common
[98.085s] -- Installing: /home/quang/Downloads/rviz_ubuntu22_1.0/install/rviz_common/share/rviz_common/environment/ament_prefix_path.sh
[98.085s] -- Installing: /home/quang/Downloads/rviz_ubuntu22_1.0/install/rviz_common/share/rviz_common/environment/ament_prefix_path.dsv
[98.086s] -- Installing: /home/quang/Downloads/rviz_ubuntu22_1.0/install/rviz_common/share/rviz_common/environment/path.sh
[98.086s] -- Installing: /home/quang/Downloads/rviz_ubuntu22_1.0/install/rviz_common/share/rviz_common/environment/path.dsv
[98.086s] -- Installing: /home/quang/Downloads/rviz_ubuntu22_1.0/install/rviz_common/share/rviz_common/local_setup.bash
[98.086s] -- Installing: /home/quang/Downloads/rviz_ubuntu22_1.0/install/rviz_common/share/rviz_common/local_setup.sh
[98.086s] -- Installing: /home/quang/Downloads/rviz_ubuntu22_1.0/install/rviz_common/share/rviz_common/local_setup.zsh
[98.086s] -- Installing: /home/quang/Downloads/rviz_ubuntu22_1.0/install/rviz_common/share/rviz_common/local_setup.dsv
[98.086s] -- Installing: /home/quang/Downloads/rviz_ubuntu22_1.0/install/rviz_common/share/rviz_common/package.dsv
[98.087s] -- Installing: /home/quang/Downloads/rviz_ubuntu22_1.0/install/rviz_common/share/ament_index/resource_index/packages/rviz_common
[98.087s] -- Installing: /home/quang/Downloads/rviz_ubuntu22_1.0/install/rviz_common/share/rviz_common/cmake/rviz_commonExport.cmake
[98.087s] -- Installing: /home/quang/Downloads/rviz_ubuntu22_1.0/install/rviz_common/share/rviz_common/cmake/rviz_commonExport-noconfig.cmake
[98.087s] -- Installing: /home/quang/Downloads/rviz_ubuntu22_1.0/install/rviz_common/share/rviz_common/cmake/rviz_common-extras.cmake
[98.087s] -- Installing: /home/quang/Downloads/rviz_ubuntu22_1.0/install/rviz_common/share/rviz_common/cmake/ament_cmake_export_dependencies-extras.cmake
[98.087s] -- Installing: /home/quang/Downloads/rviz_ubuntu22_1.0/install/rviz_common/share/rviz_common/cmake/ament_cmake_export_include_directories-extras.cmake
[98.087s] -- Installing: /home/quang/Downloads/rviz_ubuntu22_1.0/install/rviz_common/share/rviz_common/cmake/ament_cmake_export_libraries-extras.cmake
[98.087s] -- Installing: /home/quang/Downloads/rviz_ubuntu22_1.0/install/rviz_common/share/rviz_common/cmake/ament_cmake_export_targets-extras.cmake
[98.088s] -- Installing: /home/quang/Downloads/rviz_ubuntu22_1.0/install/rviz_common/share/rviz_common/cmake/rviz_commonConfig.cmake
[98.088s] -- Installing: /home/quang/Downloads/rviz_ubuntu22_1.0/install/rviz_common/share/rviz_common/cmake/rviz_commonConfig-version.cmake
[98.088s] -- Installing: /home/quang/Downloads/rviz_ubuntu22_1.0/install/rviz_common/share/rviz_common/package.xml
[98.090s] Invoked command in '/home/quang/Downloads/rviz_ubuntu22_1.0/build/rviz_common' returned '0': AMENT_PREFIX_PATH=/home/quang/Downloads/rviz_ubuntu22_1.0/install/rviz_rendering:${AMENT_PREFIX_PATH} CMAKE_PREFIX_PATH=/home/quang/Downloads/rviz_ubuntu22_1.0/install/rviz_rendering:/opt/ros/humble LD_LIBRARY_PATH=/home/quang/Downloads/rviz_ubuntu22_1.0/install/rviz_rendering/lib:/opt/ros/humble/opt/rviz_ogre_vendor/lib:/opt/ros/humble/lib/x86_64-linux-gnu:/opt/ros/humble/lib:/home/quang/Libraries/OpenCV_4.7.0/opencv/build/lib /usr/bin/cmake --install /home/quang/Downloads/rviz_ubuntu22_1.0/build/rviz_common
