[0.011s] Invoking command in '/home/quang/Downloads/rviz_ubuntu22_1.0/build/tomo_ui': CMAKE_PREFIX_PATH=${CMAKE_PREFIX_PATH}:/opt/ros/humble /usr/bin/cmake --build /home/quang/Downloads/rviz_ubuntu22_1.0/build/tomo_ui -- -j12 -l12
[0.059s] [ 14%] [34m[1mAutomatic MOC and UIC for target tomo_ui[0m
[0.080s] [ 14%] Built target tomo_ui_autogen
[0.089s] [ 28%] [34m[1mAutomatic RCC for src/qml.qrc[0m
[0.108s] [35m[1mConsolidate compiler generated dependencies of target tomo_ui[0m
[0.131s] [ 57%] [32mBuilding CXX object CMakeFiles/tomo_ui.dir/src/main.cpp.o[0m
[0.132s] [ 57%] [32mBuilding CXX object CMakeFiles/tomo_ui.dir/tomo_ui_autogen/UVLADIE3JM/qrc_qml.cpp.o[0m
[4.160s] [ 71%] [32m[1mLinking CXX executable tomo_ui[0m
[4.863s] [100%] Built target tomo_ui
[4.873s] Invoked command in '/home/quang/Downloads/rviz_ubuntu22_1.0/build/tomo_ui' returned '0': CMAKE_PREFIX_PATH=${CMAKE_PREFIX_PATH}:/opt/ros/humble /usr/bin/cmake --build /home/quang/Downloads/rviz_ubuntu22_1.0/build/tomo_ui -- -j12 -l12
[4.906s] Invoking command in '/home/quang/Downloads/rviz_ubuntu22_1.0/build/tomo_ui': CMAKE_PREFIX_PATH=${CMAKE_PREFIX_PATH}:/opt/ros/humble /usr/bin/cmake --install /home/quang/Downloads/rviz_ubuntu22_1.0/build/tomo_ui
[4.913s] -- Install configuration: "RelWithDebInfo"
[4.913s] -- Installing: /home/quang/Downloads/rviz_ubuntu22_1.0/install/tomo_ui/bin/tomo_ui
[4.915s] -- Set runtime path of "/home/quang/Downloads/rviz_ubuntu22_1.0/install/tomo_ui/bin/tomo_ui" to "/opt/ros/humble/lib:/usr/local/lib:/opt/ros/humble/opt/rviz_ogre_vendor/lib:/opt/ros/humble/lib/x86_64-linux-gnu"
[4.915s] -- Installing: /home/quang/Downloads/rviz_ubuntu22_1.0/install/tomo_ui/lib/tomo_ui/tomo_ui
[4.917s] -- Set runtime path of "/home/quang/Downloads/rviz_ubuntu22_1.0/install/tomo_ui/lib/tomo_ui/tomo_ui" to "/opt/ros/humble/lib:/usr/local/lib:/opt/ros/humble/opt/rviz_ogre_vendor/lib:/opt/ros/humble/lib/x86_64-linux-gnu"
[4.917s] -- Up-to-date: /home/quang/Downloads/rviz_ubuntu22_1.0/install/tomo_ui/share/tomo_ui/launch
[4.917s] -- Up-to-date: /home/quang/Downloads/rviz_ubuntu22_1.0/install/tomo_ui/share/tomo_ui/launch/test_call_rviz_launch.py
[4.917s] -- Up-to-date: /home/quang/Downloads/rviz_ubuntu22_1.0/install/tomo_ui/share/tomo_ui/launch/tomo_ui.launch.py
[4.917s] -- Up-to-date: /home/quang/Downloads/rviz_ubuntu22_1.0/install/tomo_ui/share/tomo_ui/launch
[4.917s] -- Up-to-date: /home/quang/Downloads/rviz_ubuntu22_1.0/install/tomo_ui/share/tomo_ui/launch/test_call_rviz_launch.py
[4.917s] -- Up-to-date: /home/quang/Downloads/rviz_ubuntu22_1.0/install/tomo_ui/share/tomo_ui/launch/tomo_ui.launch.py
[4.917s] -- Up-to-date: /home/quang/Downloads/rviz_ubuntu22_1.0/install/tomo_ui/share/tomo_ui/config
[4.918s] -- Up-to-date: /home/quang/Downloads/rviz_ubuntu22_1.0/install/tomo_ui/share/tomo_ui/config/ssh
[4.918s] -- Up-to-date: /home/quang/Downloads/rviz_ubuntu22_1.0/install/tomo_ui/share/tomo_ui/config/ssh/4_Sequence_5.exp
[4.918s] -- Up-to-date: /home/quang/Downloads/rviz_ubuntu22_1.0/install/tomo_ui/share/tomo_ui/config/ssh/1_PMAS_0.exp
[4.918s] -- Up-to-date: /home/quang/Downloads/rviz_ubuntu22_1.0/install/tomo_ui/share/tomo_ui/config/ssh/10_TestScript_10.exp
[4.918s] -- Up-to-date: /home/quang/Downloads/rviz_ubuntu22_1.0/install/tomo_ui/share/tomo_ui/config/ssh/2_Control_2.exp
[4.918s] -- Up-to-date: /home/quang/Downloads/rviz_ubuntu22_1.0/install/tomo_ui/share/tomo_ui/config/ssh/3_Planner_3.exp
[4.918s] -- Up-to-date: /home/quang/Downloads/rviz_ubuntu22_1.0/install/tomo_ui/share/tomo_ui/config/tomo_sm.yaml
[4.918s] -- Up-to-date: /home/quang/Downloads/rviz_ubuntu22_1.0/install/tomo_ui/share/tomo_ui/config/kinematics.yaml
[4.918s] -- Up-to-date: /home/quang/Downloads/rviz_ubuntu22_1.0/install/tomo_ui/share/tomo_ui/config/tomo_ui.yaml
[4.918s] -- Up-to-date: /home/quang/Downloads/rviz_ubuntu22_1.0/install/tomo_ui/share/tomo_ui/config/tomospc_moveit.rviz
[4.918s] -- Up-to-date: /home/quang/Downloads/rviz_ubuntu22_1.0/install/tomo_ui/lib/tomo_ui/tomo_ui
[4.918s] -- Up-to-date: /home/quang/Downloads/rviz_ubuntu22_1.0/install/tomo_ui/share/tomo_ui/launch
[4.918s] -- Up-to-date: /home/quang/Downloads/rviz_ubuntu22_1.0/install/tomo_ui/share/tomo_ui/launch/test_call_rviz_launch.py
[4.918s] -- Up-to-date: /home/quang/Downloads/rviz_ubuntu22_1.0/install/tomo_ui/share/tomo_ui/launch/tomo_ui.launch.py
[4.918s] -- Up-to-date: /home/quang/Downloads/rviz_ubuntu22_1.0/install/tomo_ui/bin/tomo_ui
[4.918s] -- Up-to-date: /home/quang/Downloads/rviz_ubuntu22_1.0/install/tomo_ui/share/tomo_ui/environment/library_path.sh
[4.919s] -- Up-to-date: /home/quang/Downloads/rviz_ubuntu22_1.0/install/tomo_ui/share/tomo_ui/environment/library_path.dsv
[4.919s] -- Up-to-date: /home/quang/Downloads/rviz_ubuntu22_1.0/install/tomo_ui/share/ament_index/resource_index/package_run_dependencies/tomo_ui
[4.919s] -- Up-to-date: /home/quang/Downloads/rviz_ubuntu22_1.0/install/tomo_ui/share/ament_index/resource_index/parent_prefix_path/tomo_ui
[4.919s] -- Up-to-date: /home/quang/Downloads/rviz_ubuntu22_1.0/install/tomo_ui/share/tomo_ui/environment/ament_prefix_path.sh
[4.919s] -- Up-to-date: /home/quang/Downloads/rviz_ubuntu22_1.0/install/tomo_ui/share/tomo_ui/environment/ament_prefix_path.dsv
[4.919s] -- Up-to-date: /home/quang/Downloads/rviz_ubuntu22_1.0/install/tomo_ui/share/tomo_ui/environment/path.sh
[4.919s] -- Up-to-date: /home/quang/Downloads/rviz_ubuntu22_1.0/install/tomo_ui/share/tomo_ui/environment/path.dsv
[4.919s] -- Up-to-date: /home/quang/Downloads/rviz_ubuntu22_1.0/install/tomo_ui/share/tomo_ui/local_setup.bash
[4.919s] -- Up-to-date: /home/quang/Downloads/rviz_ubuntu22_1.0/install/tomo_ui/share/tomo_ui/local_setup.sh
[4.919s] -- Up-to-date: /home/quang/Downloads/rviz_ubuntu22_1.0/install/tomo_ui/share/tomo_ui/local_setup.zsh
[4.919s] -- Up-to-date: /home/quang/Downloads/rviz_ubuntu22_1.0/install/tomo_ui/share/tomo_ui/local_setup.dsv
[4.919s] -- Installing: /home/quang/Downloads/rviz_ubuntu22_1.0/install/tomo_ui/share/tomo_ui/package.dsv
[4.919s] -- Up-to-date: /home/quang/Downloads/rviz_ubuntu22_1.0/install/tomo_ui/share/ament_index/resource_index/packages/tomo_ui
[4.919s] -- Up-to-date: /home/quang/Downloads/rviz_ubuntu22_1.0/install/tomo_ui/share/tomo_ui/cmake/ament_cmake_export_include_directories-extras.cmake
[4.919s] -- Up-to-date: /home/quang/Downloads/rviz_ubuntu22_1.0/install/tomo_ui/share/tomo_ui/cmake/ament_cmake_export_libraries-extras.cmake
[4.919s] -- Up-to-date: /home/quang/Downloads/rviz_ubuntu22_1.0/install/tomo_ui/share/tomo_ui/cmake/ament_cmake_export_dependencies-extras.cmake
[4.919s] -- Up-to-date: /home/quang/Downloads/rviz_ubuntu22_1.0/install/tomo_ui/share/tomo_ui/cmake/tomo_uiConfig.cmake
[4.919s] -- Up-to-date: /home/quang/Downloads/rviz_ubuntu22_1.0/install/tomo_ui/share/tomo_ui/cmake/tomo_uiConfig-version.cmake
[4.919s] -- Up-to-date: /home/quang/Downloads/rviz_ubuntu22_1.0/install/tomo_ui/share/tomo_ui/package.xml
[4.920s] Invoked command in '/home/quang/Downloads/rviz_ubuntu22_1.0/build/tomo_ui' returned '0': CMAKE_PREFIX_PATH=${CMAKE_PREFIX_PATH}:/opt/ros/humble /usr/bin/cmake --install /home/quang/Downloads/rviz_ubuntu22_1.0/build/tomo_ui
